
===========================================================================
report_checks -path_delay min (Hold)
============================================================================
======================= nom_tt_025C_1v80 Corner ===================================

Startpoint: _81_ (rising edge-triggered flip-flop clocked by clk)
Endpoint: _81_ (rising edge-triggered flip-flop clocked by clk)
Path Group: clk
Path Type: min

Fanout         Cap        Slew       Delay        Time   Description
---------------------------------------------------------------------------------------------
                                  0.000000    0.000000   clock clk (rise edge)
                                  0.000000    0.000000   clock source latency
     5    0.009350    0.049784    0.031862    0.031862 ^ clk (in)
                                                         clk (net)
                      0.049784    0.000000    0.031862 ^ _81_/CLK (sky130_fd_sc_hd__dfrtp_2)
     7    0.051867    0.254554    0.508511    0.540373 ^ _81_/Q (sky130_fd_sc_hd__dfrtp_2)
                                                         count[2] (net)
                      0.254554    0.000000    0.540373 ^ _66_/A1 (sky130_fd_sc_hd__a21oi_2)
     1    0.002260    0.025570    0.076272    0.616645 v _66_/Y (sky130_fd_sc_hd__a21oi_2)
                                                         _27_ (net)
                      0.025570    0.000000    0.616645 v _67_/B1 (sky130_fd_sc_hd__o211a_2)
     2    0.010026    0.043225    0.141216    0.757861 v _67_/X (sky130_fd_sc_hd__o211a_2)
                                                         next_count[2] (net)
                      0.043225    0.000000    0.757861 v _81_/D (sky130_fd_sc_hd__dfrtp_2)
                                              0.757861   data arrival time

                                  0.000000    0.000000   clock clk (rise edge)
                                  0.000000    0.000000   clock source latency
     5    0.009350    0.049784    0.031862    0.031862 ^ clk (in)
                                                         clk (net)
                      0.049784    0.000000    0.031862 ^ _81_/CLK (sky130_fd_sc_hd__dfrtp_2)
                                  0.250000    0.281862   clock uncertainty
                                  0.000000    0.281862   clock reconvergence pessimism
                                 -0.040300    0.241563   library hold time
                                              0.241563   data required time
---------------------------------------------------------------------------------------------
                                              0.241563   data required time
                                             -0.757861   data arrival time
---------------------------------------------------------------------------------------------
                                              0.516298   slack (MET)


Startpoint: _79_ (rising edge-triggered flip-flop clocked by clk)
Endpoint: _79_ (rising edge-triggered flip-flop clocked by clk)
Path Group: clk
Path Type: min

Fanout         Cap        Slew       Delay        Time   Description
---------------------------------------------------------------------------------------------
                                  0.000000    0.000000   clock clk (rise edge)
                                  0.000000    0.000000   clock source latency
     5    0.009350    0.049784    0.031862    0.031862 ^ clk (in)
                                                         clk (net)
                      0.049784    0.000000    0.031862 ^ _79_/CLK (sky130_fd_sc_hd__dfrtp_2)
     7    0.050462    0.248152    0.503995    0.535858 ^ _79_/Q (sky130_fd_sc_hd__dfrtp_2)
                                                         count[0] (net)
                      0.248152    0.000000    0.535858 ^ _57_/A1 (sky130_fd_sc_hd__o21a_2)
     3    0.008186    0.056190    0.195475    0.731332 ^ _57_/X (sky130_fd_sc_hd__o21a_2)
                                                         _20_ (net)
                      0.056190    0.000000    0.731332 ^ _58_/B (sky130_fd_sc_hd__and2_2)
     1    0.002191    0.034768    0.127822    0.859154 ^ _58_/X (sky130_fd_sc_hd__and2_2)
                                                         _21_ (net)
                      0.034768    0.000000    0.859154 ^ _59_/A (sky130_fd_sc_hd__buf_1)
     1    0.002005    0.036760    0.070549    0.929703 ^ _59_/X (sky130_fd_sc_hd__buf_1)
                                                         next_count[0] (net)
                      0.036760    0.000000    0.929703 ^ _79_/D (sky130_fd_sc_hd__dfrtp_2)
                                              0.929703   data arrival time

                                  0.000000    0.000000   clock clk (rise edge)
                                  0.000000    0.000000   clock source latency
     5    0.009350    0.049784    0.031862    0.031862 ^ clk (in)
                                                         clk (net)
                      0.049784    0.000000    0.031862 ^ _79_/CLK (sky130_fd_sc_hd__dfrtp_2)
                                  0.250000    0.281862   clock uncertainty
                                  0.000000    0.281862   clock reconvergence pessimism
                                 -0.032318    0.249544   library hold time
                                              0.249544   data required time
---------------------------------------------------------------------------------------------
                                              0.249544   data required time
                                             -0.929703   data arrival time
---------------------------------------------------------------------------------------------
                                              0.680159   slack (MET)


Startpoint: _82_ (rising edge-triggered flip-flop clocked by clk)
Endpoint: _82_ (rising edge-triggered flip-flop clocked by clk)
Path Group: clk
Path Type: min

Fanout         Cap        Slew       Delay        Time   Description
---------------------------------------------------------------------------------------------
                                  0.000000    0.000000   clock clk (rise edge)
                                  0.000000    0.000000   clock source latency
     5    0.009350    0.049784    0.031862    0.031862 ^ clk (in)
                                                         clk (net)
                      0.049784    0.000000    0.031862 ^ _82_/CLK (sky130_fd_sc_hd__dfrtp_2)
     4    0.042337    0.211132    0.477883    0.509746 ^ _82_/Q (sky130_fd_sc_hd__dfrtp_2)
                                                         count[3] (net)
                      0.211132    0.000000    0.509746 ^ _68_/B1 (sky130_fd_sc_hd__a21o_2)
     1    0.001593    0.025135    0.115518    0.625264 ^ _68_/X (sky130_fd_sc_hd__a21o_2)
                                                         _28_ (net)
                      0.025135    0.000000    0.625264 ^ _69_/C (sky130_fd_sc_hd__and3_2)
     1    0.002191    0.039995    0.156498    0.781762 ^ _69_/X (sky130_fd_sc_hd__and3_2)
                                                         _29_ (net)
                      0.039995    0.000000    0.781762 ^ _70_/A (sky130_fd_sc_hd__buf_1)
     2    0.010447    0.132826    0.139791    0.921552 ^ _70_/X (sky130_fd_sc_hd__buf_1)
                                                         next_count[3] (net)
                      0.132826    0.000000    0.921552 ^ _82_/D (sky130_fd_sc_hd__dfrtp_2)
                                              0.921552   data arrival time

                                  0.000000    0.000000   clock clk (rise edge)
                                  0.000000    0.000000   clock source latency
     5    0.009350    0.049784    0.031862    0.031862 ^ clk (in)
                                                         clk (net)
                      0.049784    0.000000    0.031862 ^ _82_/CLK (sky130_fd_sc_hd__dfrtp_2)
                                  0.250000    0.281862   clock uncertainty
                                  0.000000    0.281862   clock reconvergence pessimism
                                 -0.052203    0.229660   library hold time
                                              0.229660   data required time
---------------------------------------------------------------------------------------------
                                              0.229660   data required time
                                             -0.921552   data arrival time
---------------------------------------------------------------------------------------------
                                              0.691892   slack (MET)


Startpoint: _80_ (rising edge-triggered flip-flop clocked by clk)
Endpoint: _80_ (rising edge-triggered flip-flop clocked by clk)
Path Group: clk
Path Type: min

Fanout         Cap        Slew       Delay        Time   Description
---------------------------------------------------------------------------------------------
                                  0.000000    0.000000   clock clk (rise edge)
                                  0.000000    0.000000   clock source latency
     5    0.009350    0.049784    0.031862    0.031862 ^ clk (in)
                                                         clk (net)
                      0.049784    0.000000    0.031862 ^ _80_/CLK (sky130_fd_sc_hd__dfrtp_2)
     5    0.042770    0.213105    0.479275    0.511137 ^ _80_/Q (sky130_fd_sc_hd__dfrtp_2)
                                                         count[1] (net)
                      0.213105    0.000000    0.511137 ^ _61_/B1 (sky130_fd_sc_hd__a21oi_2)
     1    0.004190    0.035833    0.051190    0.562327 v _61_/Y (sky130_fd_sc_hd__a21oi_2)
                                                         _23_ (net)
                      0.035833    0.000000    0.562327 v _63_/A (sky130_fd_sc_hd__nor2_2)
     1    0.001593    0.049954    0.078616    0.640943 ^ _63_/Y (sky130_fd_sc_hd__nor2_2)
                                                         _25_ (net)
                      0.049954    0.000000    0.640943 ^ _64_/C (sky130_fd_sc_hd__and3_2)
     1    0.002191    0.039995    0.163119    0.804062 ^ _64_/X (sky130_fd_sc_hd__and3_2)
                                                         _26_ (net)
                      0.039995    0.000000    0.804062 ^ _65_/A (sky130_fd_sc_hd__buf_1)
     2    0.010447    0.132826    0.139791    0.943852 ^ _65_/X (sky130_fd_sc_hd__buf_1)
                                                         next_count[1] (net)
                      0.132826    0.000000    0.943852 ^ _80_/D (sky130_fd_sc_hd__dfrtp_2)
                                              0.943852   data arrival time

                                  0.000000    0.000000   clock clk (rise edge)
                                  0.000000    0.000000   clock source latency
     5    0.009350    0.049784    0.031862    0.031862 ^ clk (in)
                                                         clk (net)
                      0.049784    0.000000    0.031862 ^ _80_/CLK (sky130_fd_sc_hd__dfrtp_2)
                                  0.250000    0.281862   clock uncertainty
                                  0.000000    0.281862   clock reconvergence pessimism
                                 -0.052203    0.229660   library hold time
                                              0.229660   data required time
---------------------------------------------------------------------------------------------
                                              0.229660   data required time
                                             -0.943852   data arrival time
---------------------------------------------------------------------------------------------
                                              0.714193   slack (MET)


Startpoint: _81_ (rising edge-triggered flip-flop clocked by clk)
Endpoint: _83_ (rising edge-triggered flip-flop clocked by clk)
Path Group: clk
Path Type: min

Fanout         Cap        Slew       Delay        Time   Description
---------------------------------------------------------------------------------------------
                                  0.000000    0.000000   clock clk (rise edge)
                                  0.000000    0.000000   clock source latency
     5    0.009350    0.049784    0.031862    0.031862 ^ clk (in)
                                                         clk (net)
                      0.049784    0.000000    0.031862 ^ _81_/CLK (sky130_fd_sc_hd__dfrtp_2)
     7    0.051867    0.254554    0.508511    0.540373 ^ _81_/Q (sky130_fd_sc_hd__dfrtp_2)
                                                         count[2] (net)
                      0.254554    0.000000    0.540373 ^ _67_/A1 (sky130_fd_sc_hd__o211a_2)
     2    0.010447    0.082025    0.248516    0.788889 ^ _67_/X (sky130_fd_sc_hd__o211a_2)
                                                         next_count[2] (net)
                      0.082025    0.000000    0.788889 ^ _74_/B (sky130_fd_sc_hd__xnor2_2)
     1    0.004288    0.036991    0.063388    0.852277 v _74_/Y (sky130_fd_sc_hd__xnor2_2)
                                                         _33_ (net)
                      0.036991    0.000000    0.852277 v _77_/B1 (sky130_fd_sc_hd__o2111ai_2)
     1    0.005052    0.058625    0.080035    0.932312 ^ _77_/Y (sky130_fd_sc_hd__o2111ai_2)
                                                         _36_ (net)
                      0.058625    0.000000    0.932312 ^ _78_/A2 (sky130_fd_sc_hd__a21oi_2)
     1    0.001949    0.025063    0.047919    0.980231 v _78_/Y (sky130_fd_sc_hd__a21oi_2)
                                                         next_flag (net)
                      0.025063    0.000000    0.980231 v _83_/D (sky130_fd_sc_hd__dfrtp_2)
                                              0.980231   data arrival time

                                  0.000000    0.000000   clock clk (rise edge)
                                  0.000000    0.000000   clock source latency
     5    0.009350    0.049784    0.031862    0.031862 ^ clk (in)
                                                         clk (net)
                      0.049784    0.000000    0.031862 ^ _83_/CLK (sky130_fd_sc_hd__dfrtp_2)
                                  0.250000    0.281862   clock uncertainty
                                  0.000000    0.281862   clock reconvergence pessimism
                                 -0.032906    0.248956   library hold time
                                              0.248956   data required time
---------------------------------------------------------------------------------------------
                                              0.248956   data required time
                                             -0.980231   data arrival time
---------------------------------------------------------------------------------------------
                                              0.731274   slack (MET)


Startpoint: nRST (input port clocked by clk)
Endpoint: _79_ (removal check against rising-edge clock clk)
Path Group: asynchronous
Path Type: min

Fanout         Cap        Slew       Delay        Time   Description
---------------------------------------------------------------------------------------------
                                  0.000000    0.000000   clock clk (rise edge)
                                  0.000000    0.000000   clock network delay (propagated)
                                  2.000000    2.000000 ^ input external delay
     5    0.018060    0.088777    0.059428    2.059428 ^ nRST (in)
                                                         nRST (net)
                      0.088777    0.000000    2.059428 ^ _79_/RESET_B (sky130_fd_sc_hd__dfrtp_2)
                                              2.059428   data arrival time

                                  0.000000    0.000000   clock clk (rise edge)
                                  0.000000    0.000000   clock source latency
     5    0.009350    0.049784    0.031862    0.031862 ^ clk (in)
                                                         clk (net)
                      0.049784    0.000000    0.031862 ^ _79_/CLK (sky130_fd_sc_hd__dfrtp_2)
                                  0.250000    0.281862   clock uncertainty
                                  0.000000    0.281862   clock reconvergence pessimism
                                  0.333498    0.615361   library removal time
                                              0.615361   data required time
---------------------------------------------------------------------------------------------
                                              0.615361   data required time
                                             -2.059428   data arrival time
---------------------------------------------------------------------------------------------
                                              1.444068   slack (MET)


Startpoint: nRST (input port clocked by clk)
Endpoint: _80_ (removal check against rising-edge clock clk)
Path Group: asynchronous
Path Type: min

Fanout         Cap        Slew       Delay        Time   Description
---------------------------------------------------------------------------------------------
                                  0.000000    0.000000   clock clk (rise edge)
                                  0.000000    0.000000   clock network delay (propagated)
                                  2.000000    2.000000 ^ input external delay
     5    0.018060    0.088777    0.059428    2.059428 ^ nRST (in)
                                                         nRST (net)
                      0.088777    0.000000    2.059428 ^ _80_/RESET_B (sky130_fd_sc_hd__dfrtp_2)
                                              2.059428   data arrival time

                                  0.000000    0.000000   clock clk (rise edge)
                                  0.000000    0.000000   clock source latency
     5    0.009350    0.049784    0.031862    0.031862 ^ clk (in)
                                                         clk (net)
                      0.049784    0.000000    0.031862 ^ _80_/CLK (sky130_fd_sc_hd__dfrtp_2)
                                  0.250000    0.281862   clock uncertainty
                                  0.000000    0.281862   clock reconvergence pessimism
                                  0.333498    0.615361   library removal time
                                              0.615361   data required time
---------------------------------------------------------------------------------------------
                                              0.615361   data required time
                                             -2.059428   data arrival time
---------------------------------------------------------------------------------------------
                                              1.444068   slack (MET)


Startpoint: nRST (input port clocked by clk)
Endpoint: _81_ (removal check against rising-edge clock clk)
Path Group: asynchronous
Path Type: min

Fanout         Cap        Slew       Delay        Time   Description
---------------------------------------------------------------------------------------------
                                  0.000000    0.000000   clock clk (rise edge)
                                  0.000000    0.000000   clock network delay (propagated)
                                  2.000000    2.000000 ^ input external delay
     5    0.018060    0.088777    0.059428    2.059428 ^ nRST (in)
                                                         nRST (net)
                      0.088777    0.000000    2.059428 ^ _81_/RESET_B (sky130_fd_sc_hd__dfrtp_2)
                                              2.059428   data arrival time

                                  0.000000    0.000000   clock clk (rise edge)
                                  0.000000    0.000000   clock source latency
     5    0.009350    0.049784    0.031862    0.031862 ^ clk (in)
                                                         clk (net)
                      0.049784    0.000000    0.031862 ^ _81_/CLK (sky130_fd_sc_hd__dfrtp_2)
                                  0.250000    0.281862   clock uncertainty
                                  0.000000    0.281862   clock reconvergence pessimism
                                  0.333498    0.615361   library removal time
                                              0.615361   data required time
---------------------------------------------------------------------------------------------
                                              0.615361   data required time
                                             -2.059428   data arrival time
---------------------------------------------------------------------------------------------
                                              1.444068   slack (MET)


Startpoint: nRST (input port clocked by clk)
Endpoint: _82_ (removal check against rising-edge clock clk)
Path Group: asynchronous
Path Type: min

Fanout         Cap        Slew       Delay        Time   Description
---------------------------------------------------------------------------------------------
                                  0.000000    0.000000   clock clk (rise edge)
                                  0.000000    0.000000   clock network delay (propagated)
                                  2.000000    2.000000 ^ input external delay
     5    0.018060    0.088777    0.059428    2.059428 ^ nRST (in)
                                                         nRST (net)
                      0.088777    0.000000    2.059428 ^ _82_/RESET_B (sky130_fd_sc_hd__dfrtp_2)
                                              2.059428   data arrival time

                                  0.000000    0.000000   clock clk (rise edge)
                                  0.000000    0.000000   clock source latency
     5    0.009350    0.049784    0.031862    0.031862 ^ clk (in)
                                                         clk (net)
                      0.049784    0.000000    0.031862 ^ _82_/CLK (sky130_fd_sc_hd__dfrtp_2)
                                  0.250000    0.281862   clock uncertainty
                                  0.000000    0.281862   clock reconvergence pessimism
                                  0.333498    0.615361   library removal time
                                              0.615361   data required time
---------------------------------------------------------------------------------------------
                                              0.615361   data required time
                                             -2.059428   data arrival time
---------------------------------------------------------------------------------------------
                                              1.444068   slack (MET)


Startpoint: nRST (input port clocked by clk)
Endpoint: _83_ (removal check against rising-edge clock clk)
Path Group: asynchronous
Path Type: min

Fanout         Cap        Slew       Delay        Time   Description
---------------------------------------------------------------------------------------------
                                  0.000000    0.000000   clock clk (rise edge)
                                  0.000000    0.000000   clock network delay (propagated)
                                  2.000000    2.000000 ^ input external delay
     5    0.018060    0.088777    0.059428    2.059428 ^ nRST (in)
                                                         nRST (net)
                      0.088777    0.000000    2.059428 ^ _83_/RESET_B (sky130_fd_sc_hd__dfrtp_2)
                                              2.059428   data arrival time

                                  0.000000    0.000000   clock clk (rise edge)
                                  0.000000    0.000000   clock source latency
     5    0.009350    0.049784    0.031862    0.031862 ^ clk (in)
                                                         clk (net)
                      0.049784    0.000000    0.031862 ^ _83_/CLK (sky130_fd_sc_hd__dfrtp_2)
                                  0.250000    0.281862   clock uncertainty
                                  0.000000    0.281862   clock reconvergence pessimism
                                  0.333498    0.615361   library removal time
                                              0.615361   data required time
---------------------------------------------------------------------------------------------
                                              0.615361   data required time
                                             -2.059428   data arrival time
---------------------------------------------------------------------------------------------
                                              1.444068   slack (MET)


Startpoint: _83_ (rising edge-triggered flip-flop clocked by clk)
Endpoint: flag (output port clocked by clk)
Path Group: clk
Path Type: min

Fanout         Cap        Slew       Delay        Time   Description
---------------------------------------------------------------------------------------------
                                  0.000000    0.000000   clock clk (rise edge)
                                  0.000000    0.000000   clock source latency
     5    0.009350    0.049784    0.031862    0.031862 ^ clk (in)
                                                         clk (net)
                      0.049784    0.000000    0.031862 ^ _83_/CLK (sky130_fd_sc_hd__dfrtp_2)
     1    0.033442    0.171560    0.448446    0.480308 ^ _83_/Q (sky130_fd_sc_hd__dfrtp_2)
                                                         flag (net)
                      0.171560    0.000000    0.480308 ^ flag (out)
                                              0.480308   data arrival time

                                  0.000000    0.000000   clock clk (rise edge)
                                  0.000000    0.000000   clock network delay (propagated)
                                  0.250000    0.250000   clock uncertainty
                                  0.000000    0.250000   clock reconvergence pessimism
                                 -2.000000   -1.750000   output external delay
                                             -1.750000   data required time
---------------------------------------------------------------------------------------------
                                             -1.750000   data required time
                                             -0.480308   data arrival time
---------------------------------------------------------------------------------------------
                                              2.230309   slack (MET)


Startpoint: _82_ (rising edge-triggered flip-flop clocked by clk)
Endpoint: count[3] (output port clocked by clk)
Path Group: clk
Path Type: min

Fanout         Cap        Slew       Delay        Time   Description
---------------------------------------------------------------------------------------------
                                  0.000000    0.000000   clock clk (rise edge)
                                  0.000000    0.000000   clock source latency
     5    0.009350    0.049784    0.031862    0.031862 ^ clk (in)
                                                         clk (net)
                      0.049784    0.000000    0.031862 ^ _82_/CLK (sky130_fd_sc_hd__dfrtp_2)
     4    0.042337    0.211132    0.477883    0.509746 ^ _82_/Q (sky130_fd_sc_hd__dfrtp_2)
                                                         count[3] (net)
                      0.211132    0.000000    0.509746 ^ count[3] (out)
                                              0.509746   data arrival time

                                  0.000000    0.000000   clock clk (rise edge)
                                  0.000000    0.000000   clock network delay (propagated)
                                  0.250000    0.250000   clock uncertainty
                                  0.000000    0.250000   clock reconvergence pessimism
                                 -2.000000   -1.750000   output external delay
                                             -1.750000   data required time
---------------------------------------------------------------------------------------------
                                             -1.750000   data required time
                                             -0.509746   data arrival time
---------------------------------------------------------------------------------------------
                                              2.259746   slack (MET)


Startpoint: _80_ (rising edge-triggered flip-flop clocked by clk)
Endpoint: count[1] (output port clocked by clk)
Path Group: clk
Path Type: min

Fanout         Cap        Slew       Delay        Time   Description
---------------------------------------------------------------------------------------------
                                  0.000000    0.000000   clock clk (rise edge)
                                  0.000000    0.000000   clock source latency
     5    0.009350    0.049784    0.031862    0.031862 ^ clk (in)
                                                         clk (net)
                      0.049784    0.000000    0.031862 ^ _80_/CLK (sky130_fd_sc_hd__dfrtp_2)
     5    0.042770    0.213105    0.479275    0.511137 ^ _80_/Q (sky130_fd_sc_hd__dfrtp_2)
                                                         count[1] (net)
                      0.213105    0.000000    0.511137 ^ count[1] (out)
                                              0.511137   data arrival time

                                  0.000000    0.000000   clock clk (rise edge)
                                  0.000000    0.000000   clock network delay (propagated)
                                  0.250000    0.250000   clock uncertainty
                                  0.000000    0.250000   clock reconvergence pessimism
                                 -2.000000   -1.750000   output external delay
                                             -1.750000   data required time
---------------------------------------------------------------------------------------------
                                             -1.750000   data required time
                                             -0.511137   data arrival time
---------------------------------------------------------------------------------------------
                                              2.261137   slack (MET)


Startpoint: _79_ (rising edge-triggered flip-flop clocked by clk)
Endpoint: count[0] (output port clocked by clk)
Path Group: clk
Path Type: min

Fanout         Cap        Slew       Delay        Time   Description
---------------------------------------------------------------------------------------------
                                  0.000000    0.000000   clock clk (rise edge)
                                  0.000000    0.000000   clock source latency
     5    0.009350    0.049784    0.031862    0.031862 ^ clk (in)
                                                         clk (net)
                      0.049784    0.000000    0.031862 ^ _79_/CLK (sky130_fd_sc_hd__dfrtp_2)
     7    0.049262    0.142792    0.500879    0.532741 v _79_/Q (sky130_fd_sc_hd__dfrtp_2)
                                                         count[0] (net)
                      0.142792    0.000000    0.532741 v count[0] (out)
                                              0.532741   data arrival time

                                  0.000000    0.000000   clock clk (rise edge)
                                  0.000000    0.000000   clock network delay (propagated)
                                  0.250000    0.250000   clock uncertainty
                                  0.000000    0.250000   clock reconvergence pessimism
                                 -2.000000   -1.750000   output external delay
                                             -1.750000   data required time
---------------------------------------------------------------------------------------------
                                             -1.750000   data required time
                                             -0.532741   data arrival time
---------------------------------------------------------------------------------------------
                                              2.282741   slack (MET)


Startpoint: _81_ (rising edge-triggered flip-flop clocked by clk)
Endpoint: count[2] (output port clocked by clk)
Path Group: clk
Path Type: min

Fanout         Cap        Slew       Delay        Time   Description
---------------------------------------------------------------------------------------------
                                  0.000000    0.000000   clock clk (rise edge)
                                  0.000000    0.000000   clock source latency
     5    0.009350    0.049784    0.031862    0.031862 ^ clk (in)
                                                         clk (net)
                      0.049784    0.000000    0.031862 ^ _81_/CLK (sky130_fd_sc_hd__dfrtp_2)
     7    0.050412    0.145173    0.502979    0.534842 v _81_/Q (sky130_fd_sc_hd__dfrtp_2)
                                                         count[2] (net)
                      0.145173    0.000000    0.534842 v count[2] (out)
                                              0.534842   data arrival time

                                  0.000000    0.000000   clock clk (rise edge)
                                  0.000000    0.000000   clock network delay (propagated)
                                  0.250000    0.250000   clock uncertainty
                                  0.000000    0.250000   clock reconvergence pessimism
                                 -2.000000   -1.750000   output external delay
                                             -1.750000   data required time
---------------------------------------------------------------------------------------------
                                             -1.750000   data required time
                                             -0.534842   data arrival time
---------------------------------------------------------------------------------------------
                                              2.284842   slack (MET)



