
===========================================================================
report_checks -path_delay min (Hold)
============================================================================
======================= nom_tt_025C_1v80 Corner ===================================

Startpoint: _81_ (rising edge-triggered flip-flop clocked by clk)
Endpoint: _81_ (rising edge-triggered flip-flop clocked by clk)
Path Group: clk
Path Type: min

Fanout         Cap        Slew       Delay        Time   Description
---------------------------------------------------------------------------------------------
                                  0.000000    0.000000   clock clk (rise edge)
                                  0.000000    0.000000   clock source latency
     1    0.007894    0.043275    0.027159    0.027159 ^ clk (in)
                                                         clk (net)
                      0.043275    0.000000    0.027159 ^ clkbuf_0_clk/A (sky130_fd_sc_hd__clkbuf_16)
     2    0.015788    0.039241    0.120826    0.147985 ^ clkbuf_0_clk/X (sky130_fd_sc_hd__clkbuf_16)
                                                         clknet_0_clk (net)
                      0.039241    0.000000    0.147985 ^ clkbuf_1_0__f_clk/A (sky130_fd_sc_hd__clkbuf_16)
     3    0.005612    0.029528    0.109179    0.257164 ^ clkbuf_1_0__f_clk/X (sky130_fd_sc_hd__clkbuf_16)
                                                         clknet_1_0__leaf_clk (net)
                      0.029528    0.000000    0.257164 ^ _81_/CLK (sky130_fd_sc_hd__dfrtp_2)
     7    0.015610    0.094738    0.379618    0.636782 ^ _81_/Q (sky130_fd_sc_hd__dfrtp_2)
                                                         net10 (net)
                      0.094738    0.000000    0.636782 ^ _67_/A1 (sky130_fd_sc_hd__o211a_1)
     2    0.006658    0.071099    0.183232    0.820014 ^ _67_/X (sky130_fd_sc_hd__o211a_1)
                                                         next_count[2] (net)
                      0.071099    0.000000    0.820014 ^ _81_/D (sky130_fd_sc_hd__dfrtp_2)
                                              0.820014   data arrival time

                                  0.000000    0.000000   clock clk (rise edge)
                                  0.000000    0.000000   clock source latency
     1    0.007894    0.043275    0.027159    0.027159 ^ clk (in)
                                                         clk (net)
                      0.043275    0.000000    0.027159 ^ clkbuf_0_clk/A (sky130_fd_sc_hd__clkbuf_16)
     2    0.015788    0.039241    0.120826    0.147985 ^ clkbuf_0_clk/X (sky130_fd_sc_hd__clkbuf_16)
                                                         clknet_0_clk (net)
                      0.039241    0.000000    0.147985 ^ clkbuf_1_0__f_clk/A (sky130_fd_sc_hd__clkbuf_16)
     3    0.005612    0.029528    0.109179    0.257164 ^ clkbuf_1_0__f_clk/X (sky130_fd_sc_hd__clkbuf_16)
                                                         clknet_1_0__leaf_clk (net)
                      0.029528    0.000000    0.257164 ^ _81_/CLK (sky130_fd_sc_hd__dfrtp_2)
                                  0.250000    0.507164   clock uncertainty
                                  0.000000    0.507164   clock reconvergence pessimism
                                 -0.042207    0.464957   library hold time
                                              0.464957   data required time
---------------------------------------------------------------------------------------------
                                              0.464957   data required time
                                             -0.820014   data arrival time
---------------------------------------------------------------------------------------------
                                              0.355057   slack (MET)


Startpoint: _82_ (rising edge-triggered flip-flop clocked by clk)
Endpoint: _82_ (rising edge-triggered flip-flop clocked by clk)
Path Group: clk
Path Type: min

Fanout         Cap        Slew       Delay        Time   Description
---------------------------------------------------------------------------------------------
                                  0.000000    0.000000   clock clk (rise edge)
                                  0.000000    0.000000   clock source latency
     1    0.007894    0.043275    0.027159    0.027159 ^ clk (in)
                                                         clk (net)
                      0.043275    0.000000    0.027159 ^ clkbuf_0_clk/A (sky130_fd_sc_hd__clkbuf_16)
     2    0.015788    0.039241    0.120826    0.147985 ^ clkbuf_0_clk/X (sky130_fd_sc_hd__clkbuf_16)
                                                         clknet_0_clk (net)
                      0.039241    0.000000    0.147985 ^ clkbuf_1_0__f_clk/A (sky130_fd_sc_hd__clkbuf_16)
     3    0.005612    0.029528    0.109179    0.257164 ^ clkbuf_1_0__f_clk/X (sky130_fd_sc_hd__clkbuf_16)
                                                         clknet_1_0__leaf_clk (net)
                      0.029528    0.000000    0.257164 ^ _82_/CLK (sky130_fd_sc_hd__dfrtp_1)
     4    0.010753    0.109403    0.362002    0.619166 ^ _82_/Q (sky130_fd_sc_hd__dfrtp_1)
                                                         net11 (net)
                      0.109403    0.000000    0.619166 ^ _68_/B1 (sky130_fd_sc_hd__a21o_1)
     1    0.001624    0.028284    0.085975    0.705141 ^ _68_/X (sky130_fd_sc_hd__a21o_1)
                                                         _28_ (net)
                      0.028284    0.000000    0.705141 ^ _69_/C (sky130_fd_sc_hd__and3_1)
     1    0.002191    0.045546    0.136172    0.841313 ^ _69_/X (sky130_fd_sc_hd__and3_1)
                                                         _29_ (net)
                      0.045546    0.000000    0.841313 ^ _70_/A (sky130_fd_sc_hd__buf_1)
     2    0.006659    0.089465    0.111669    0.952982 ^ _70_/X (sky130_fd_sc_hd__buf_1)
                                                         next_count[3] (net)
                      0.089465    0.000000    0.952982 ^ _82_/D (sky130_fd_sc_hd__dfrtp_1)
                                              0.952982   data arrival time

                                  0.000000    0.000000   clock clk (rise edge)
                                  0.000000    0.000000   clock source latency
     1    0.007894    0.043275    0.027159    0.027159 ^ clk (in)
                                                         clk (net)
                      0.043275    0.000000    0.027159 ^ clkbuf_0_clk/A (sky130_fd_sc_hd__clkbuf_16)
     2    0.015788    0.039241    0.120826    0.147985 ^ clkbuf_0_clk/X (sky130_fd_sc_hd__clkbuf_16)
                                                         clknet_0_clk (net)
                      0.039241    0.000000    0.147985 ^ clkbuf_1_0__f_clk/A (sky130_fd_sc_hd__clkbuf_16)
     3    0.005612    0.029528    0.109179    0.257164 ^ clkbuf_1_0__f_clk/X (sky130_fd_sc_hd__clkbuf_16)
                                                         clknet_1_0__leaf_clk (net)
                      0.029528    0.000000    0.257164 ^ _82_/CLK (sky130_fd_sc_hd__dfrtp_1)
                                  0.250000    0.507164   clock uncertainty
                                  0.000000    0.507164   clock reconvergence pessimism
                                 -0.046216    0.460948   library hold time
                                              0.460948   data required time
---------------------------------------------------------------------------------------------
                                              0.460948   data required time
                                             -0.952982   data arrival time
---------------------------------------------------------------------------------------------
                                              0.492034   slack (MET)


Startpoint: _79_ (rising edge-triggered flip-flop clocked by clk)
Endpoint: _79_ (rising edge-triggered flip-flop clocked by clk)
Path Group: clk
Path Type: min

Fanout         Cap        Slew       Delay        Time   Description
---------------------------------------------------------------------------------------------
                                  0.000000    0.000000   clock clk (rise edge)
                                  0.000000    0.000000   clock source latency
     1    0.007894    0.043275    0.027159    0.027159 ^ clk (in)
                                                         clk (net)
                      0.043275    0.000000    0.027159 ^ clkbuf_0_clk/A (sky130_fd_sc_hd__clkbuf_16)
     2    0.015788    0.039241    0.120826    0.147985 ^ clkbuf_0_clk/X (sky130_fd_sc_hd__clkbuf_16)
                                                         clknet_0_clk (net)
                      0.039241    0.000000    0.147985 ^ clkbuf_1_1__f_clk/A (sky130_fd_sc_hd__clkbuf_16)
     2    0.003741    0.027660    0.106933    0.254918 ^ clkbuf_1_1__f_clk/X (sky130_fd_sc_hd__clkbuf_16)
                                                         clknet_1_1__leaf_clk (net)
                      0.027660    0.000000    0.254918 ^ _79_/CLK (sky130_fd_sc_hd__dfrtp_2)
     7    0.016746    0.099639    0.382814    0.637732 ^ _79_/Q (sky130_fd_sc_hd__dfrtp_2)
                                                         net8 (net)
                      0.099639    0.000000    0.637732 ^ _57_/A1 (sky130_fd_sc_hd__o21a_1)
     3    0.005608    0.066222    0.148428    0.786160 ^ _57_/X (sky130_fd_sc_hd__o21a_1)
                                                         _20_ (net)
                      0.066222    0.000000    0.786160 ^ _58_/B (sky130_fd_sc_hd__and2_1)
     1    0.002186    0.042190    0.116087    0.902247 ^ _58_/X (sky130_fd_sc_hd__and2_1)
                                                         _21_ (net)
                      0.042190    0.000000    0.902247 ^ _59_/A (sky130_fd_sc_hd__clkbuf_1)
     1    0.002005    0.036772    0.073068    0.975315 ^ _59_/X (sky130_fd_sc_hd__clkbuf_1)
                                                         next_count[0] (net)
                      0.036772    0.000000    0.975315 ^ _79_/D (sky130_fd_sc_hd__dfrtp_2)
                                              0.975315   data arrival time

                                  0.000000    0.000000   clock clk (rise edge)
                                  0.000000    0.000000   clock source latency
     1    0.007894    0.043275    0.027159    0.027159 ^ clk (in)
                                                         clk (net)
                      0.043275    0.000000    0.027159 ^ clkbuf_0_clk/A (sky130_fd_sc_hd__clkbuf_16)
     2    0.015788    0.039241    0.120826    0.147985 ^ clkbuf_0_clk/X (sky130_fd_sc_hd__clkbuf_16)
                                                         clknet_0_clk (net)
                      0.039241    0.000000    0.147985 ^ clkbuf_1_1__f_clk/A (sky130_fd_sc_hd__clkbuf_16)
     2    0.003741    0.027660    0.106933    0.254918 ^ clkbuf_1_1__f_clk/X (sky130_fd_sc_hd__clkbuf_16)
                                                         clknet_1_1__leaf_clk (net)
                      0.027660    0.000000    0.254918 ^ _79_/CLK (sky130_fd_sc_hd__dfrtp_2)
                                  0.250000    0.504918   clock uncertainty
                                  0.000000    0.504918   clock reconvergence pessimism
                                 -0.035339    0.469579   library hold time
                                              0.469579   data required time
---------------------------------------------------------------------------------------------
                                              0.469579   data required time
                                             -0.975315   data arrival time
---------------------------------------------------------------------------------------------
                                              0.505736   slack (MET)


Startpoint: _80_ (rising edge-triggered flip-flop clocked by clk)
Endpoint: _80_ (rising edge-triggered flip-flop clocked by clk)
Path Group: clk
Path Type: min

Fanout         Cap        Slew       Delay        Time   Description
---------------------------------------------------------------------------------------------
                                  0.000000    0.000000   clock clk (rise edge)
                                  0.000000    0.000000   clock source latency
     1    0.007894    0.043275    0.027159    0.027159 ^ clk (in)
                                                         clk (net)
                      0.043275    0.000000    0.027159 ^ clkbuf_0_clk/A (sky130_fd_sc_hd__clkbuf_16)
     2    0.015788    0.039241    0.120826    0.147985 ^ clkbuf_0_clk/X (sky130_fd_sc_hd__clkbuf_16)
                                                         clknet_0_clk (net)
                      0.039241    0.000000    0.147985 ^ clkbuf_1_0__f_clk/A (sky130_fd_sc_hd__clkbuf_16)
     3    0.005612    0.029528    0.109179    0.257164 ^ clkbuf_1_0__f_clk/X (sky130_fd_sc_hd__clkbuf_16)
                                                         clknet_1_0__leaf_clk (net)
                      0.029528    0.000000    0.257164 ^ _80_/CLK (sky130_fd_sc_hd__dfrtp_1)
     5    0.008924    0.094571    0.350617    0.607781 ^ _80_/Q (sky130_fd_sc_hd__dfrtp_1)
                                                         net9 (net)
                      0.094571    0.000000    0.607781 ^ _61_/B1 (sky130_fd_sc_hd__a21oi_1)
     1    0.002279    0.036163    0.045533    0.653314 v _61_/Y (sky130_fd_sc_hd__a21oi_1)
                                                         _23_ (net)
                      0.036163    0.000000    0.653314 v _63_/A (sky130_fd_sc_hd__nor2_1)
     1    0.001624    0.058688    0.078065    0.731379 ^ _63_/Y (sky130_fd_sc_hd__nor2_1)
                                                         _25_ (net)
                      0.058688    0.000000    0.731379 ^ _64_/C (sky130_fd_sc_hd__and3_1)
     1    0.002191    0.045546    0.143977    0.875357 ^ _64_/X (sky130_fd_sc_hd__and3_1)
                                                         _26_ (net)
                      0.045546    0.000000    0.875357 ^ _65_/A (sky130_fd_sc_hd__buf_1)
     2    0.006659    0.089465    0.111669    0.987025 ^ _65_/X (sky130_fd_sc_hd__buf_1)
                                                         next_count[1] (net)
                      0.089465    0.000000    0.987025 ^ _80_/D (sky130_fd_sc_hd__dfrtp_1)
                                              0.987025   data arrival time

                                  0.000000    0.000000   clock clk (rise edge)
                                  0.000000    0.000000   clock source latency
     1    0.007894    0.043275    0.027159    0.027159 ^ clk (in)
                                                         clk (net)
                      0.043275    0.000000    0.027159 ^ clkbuf_0_clk/A (sky130_fd_sc_hd__clkbuf_16)
     2    0.015788    0.039241    0.120826    0.147985 ^ clkbuf_0_clk/X (sky130_fd_sc_hd__clkbuf_16)
                                                         clknet_0_clk (net)
                      0.039241    0.000000    0.147985 ^ clkbuf_1_0__f_clk/A (sky130_fd_sc_hd__clkbuf_16)
     3    0.005612    0.029528    0.109179    0.257164 ^ clkbuf_1_0__f_clk/X (sky130_fd_sc_hd__clkbuf_16)
                                                         clknet_1_0__leaf_clk (net)
                      0.029528    0.000000    0.257164 ^ _80_/CLK (sky130_fd_sc_hd__dfrtp_1)
                                  0.250000    0.507164   clock uncertainty
                                  0.000000    0.507164   clock reconvergence pessimism
                                 -0.046216    0.460948   library hold time
                                              0.460948   data required time
---------------------------------------------------------------------------------------------
                                              0.460948   data required time
                                             -0.987025   data arrival time
---------------------------------------------------------------------------------------------
                                              0.526077   slack (MET)


Startpoint: _81_ (rising edge-triggered flip-flop clocked by clk)
Endpoint: _83_ (rising edge-triggered flip-flop clocked by clk)
Path Group: clk
Path Type: min

Fanout         Cap        Slew       Delay        Time   Description
---------------------------------------------------------------------------------------------
                                  0.000000    0.000000   clock clk (rise edge)
                                  0.000000    0.000000   clock source latency
     1    0.007894    0.043275    0.027159    0.027159 ^ clk (in)
                                                         clk (net)
                      0.043275    0.000000    0.027159 ^ clkbuf_0_clk/A (sky130_fd_sc_hd__clkbuf_16)
     2    0.015788    0.039241    0.120826    0.147985 ^ clkbuf_0_clk/X (sky130_fd_sc_hd__clkbuf_16)
                                                         clknet_0_clk (net)
                      0.039241    0.000000    0.147985 ^ clkbuf_1_0__f_clk/A (sky130_fd_sc_hd__clkbuf_16)
     3    0.005612    0.029528    0.109179    0.257164 ^ clkbuf_1_0__f_clk/X (sky130_fd_sc_hd__clkbuf_16)
                                                         clknet_1_0__leaf_clk (net)
                      0.029528    0.000000    0.257164 ^ _81_/CLK (sky130_fd_sc_hd__dfrtp_2)
     7    0.015610    0.094738    0.379618    0.636782 ^ _81_/Q (sky130_fd_sc_hd__dfrtp_2)
                                                         net10 (net)
                      0.094738    0.000000    0.636782 ^ _67_/A1 (sky130_fd_sc_hd__o211a_1)
     2    0.006658    0.071099    0.183232    0.820014 ^ _67_/X (sky130_fd_sc_hd__o211a_1)
                                                         next_count[2] (net)
                      0.071099    0.000000    0.820014 ^ _74_/B (sky130_fd_sc_hd__xnor2_1)
     1    0.002238    0.032170    0.059023    0.879037 v _74_/Y (sky130_fd_sc_hd__xnor2_1)
                                                         _33_ (net)
                      0.032170    0.000000    0.879037 v _77_/B1 (sky130_fd_sc_hd__o2111ai_1)
     1    0.002424    0.063686    0.084990    0.964027 ^ _77_/Y (sky130_fd_sc_hd__o2111ai_1)
                                                         _36_ (net)
                      0.063686    0.000000    0.964027 ^ _78_/A2 (sky130_fd_sc_hd__a21oi_1)
     1    0.001949    0.034768    0.059000    1.023026 v _78_/Y (sky130_fd_sc_hd__a21oi_1)
                                                         next_flag (net)
                      0.034768    0.000000    1.023026 v _83_/D (sky130_fd_sc_hd__dfrtp_1)
                                              1.023026   data arrival time

                                  0.000000    0.000000   clock clk (rise edge)
                                  0.000000    0.000000   clock source latency
     1    0.007894    0.043275    0.027159    0.027159 ^ clk (in)
                                                         clk (net)
                      0.043275    0.000000    0.027159 ^ clkbuf_0_clk/A (sky130_fd_sc_hd__clkbuf_16)
     2    0.015788    0.039241    0.120826    0.147985 ^ clkbuf_0_clk/X (sky130_fd_sc_hd__clkbuf_16)
                                                         clknet_0_clk (net)
                      0.039241    0.000000    0.147985 ^ clkbuf_1_1__f_clk/A (sky130_fd_sc_hd__clkbuf_16)
     2    0.003741    0.027660    0.106933    0.254918 ^ clkbuf_1_1__f_clk/X (sky130_fd_sc_hd__clkbuf_16)
                                                         clknet_1_1__leaf_clk (net)
                      0.027660    0.000000    0.254918 ^ _83_/CLK (sky130_fd_sc_hd__dfrtp_1)
                                  0.250000    0.504918   clock uncertainty
                                  0.000000    0.504918   clock reconvergence pessimism
                                 -0.045564    0.459354   library hold time
                                              0.459354   data required time
---------------------------------------------------------------------------------------------
                                              0.459354   data required time
                                             -1.023026   data arrival time
---------------------------------------------------------------------------------------------
                                              0.563673   slack (MET)


Startpoint: nRST (input port clocked by clk)
Endpoint: _80_ (removal check against rising-edge clock clk)
Path Group: asynchronous
Path Type: min

Fanout         Cap        Slew       Delay        Time   Description
---------------------------------------------------------------------------------------------
                                  0.000000    0.000000   clock clk (rise edge)
                                  0.000000    0.000000   clock network delay (propagated)
                                  2.000000    2.000000 ^ input external delay
     1    0.002295    0.018170    0.008523    2.008523 ^ nRST (in)
                                                         nRST (net)
                      0.018170    0.000000    2.008523 ^ input3/A (sky130_fd_sc_hd__clkbuf_2)
     5    0.018120    0.107497    0.139156    2.147679 ^ input3/X (sky130_fd_sc_hd__clkbuf_2)
                                                         net3 (net)
                      0.107497    0.000000    2.147679 ^ _80_/RESET_B (sky130_fd_sc_hd__dfrtp_1)
                                              2.147679   data arrival time

                                  0.000000    0.000000   clock clk (rise edge)
                                  0.000000    0.000000   clock source latency
     1    0.007894    0.043275    0.027159    0.027159 ^ clk (in)
                                                         clk (net)
                      0.043275    0.000000    0.027159 ^ clkbuf_0_clk/A (sky130_fd_sc_hd__clkbuf_16)
     2    0.015788    0.039241    0.120826    0.147985 ^ clkbuf_0_clk/X (sky130_fd_sc_hd__clkbuf_16)
                                                         clknet_0_clk (net)
                      0.039241    0.000000    0.147985 ^ clkbuf_1_0__f_clk/A (sky130_fd_sc_hd__clkbuf_16)
     3    0.005612    0.029528    0.109179    0.257164 ^ clkbuf_1_0__f_clk/X (sky130_fd_sc_hd__clkbuf_16)
                                                         clknet_1_0__leaf_clk (net)
                      0.029528    0.000000    0.257164 ^ _80_/CLK (sky130_fd_sc_hd__dfrtp_1)
                                  0.250000    0.507164   clock uncertainty
                                  0.000000    0.507164   clock reconvergence pessimism
                                  0.333230    0.840394   library removal time
                                              0.840394   data required time
---------------------------------------------------------------------------------------------
                                              0.840394   data required time
                                             -2.147679   data arrival time
---------------------------------------------------------------------------------------------
                                              1.307285   slack (MET)


Startpoint: nRST (input port clocked by clk)
Endpoint: _82_ (removal check against rising-edge clock clk)
Path Group: asynchronous
Path Type: min

Fanout         Cap        Slew       Delay        Time   Description
---------------------------------------------------------------------------------------------
                                  0.000000    0.000000   clock clk (rise edge)
                                  0.000000    0.000000   clock network delay (propagated)
                                  2.000000    2.000000 ^ input external delay
     1    0.002295    0.018170    0.008523    2.008523 ^ nRST (in)
                                                         nRST (net)
                      0.018170    0.000000    2.008523 ^ input3/A (sky130_fd_sc_hd__clkbuf_2)
     5    0.018120    0.107497    0.139156    2.147679 ^ input3/X (sky130_fd_sc_hd__clkbuf_2)
                                                         net3 (net)
                      0.107497    0.000000    2.147679 ^ _82_/RESET_B (sky130_fd_sc_hd__dfrtp_1)
                                              2.147679   data arrival time

                                  0.000000    0.000000   clock clk (rise edge)
                                  0.000000    0.000000   clock source latency
     1    0.007894    0.043275    0.027159    0.027159 ^ clk (in)
                                                         clk (net)
                      0.043275    0.000000    0.027159 ^ clkbuf_0_clk/A (sky130_fd_sc_hd__clkbuf_16)
     2    0.015788    0.039241    0.120826    0.147985 ^ clkbuf_0_clk/X (sky130_fd_sc_hd__clkbuf_16)
                                                         clknet_0_clk (net)
                      0.039241    0.000000    0.147985 ^ clkbuf_1_0__f_clk/A (sky130_fd_sc_hd__clkbuf_16)
     3    0.005612    0.029528    0.109179    0.257164 ^ clkbuf_1_0__f_clk/X (sky130_fd_sc_hd__clkbuf_16)
                                                         clknet_1_0__leaf_clk (net)
                      0.029528    0.000000    0.257164 ^ _82_/CLK (sky130_fd_sc_hd__dfrtp_1)
                                  0.250000    0.507164   clock uncertainty
                                  0.000000    0.507164   clock reconvergence pessimism
                                  0.333230    0.840394   library removal time
                                              0.840394   data required time
---------------------------------------------------------------------------------------------
                                              0.840394   data required time
                                             -2.147679   data arrival time
---------------------------------------------------------------------------------------------
                                              1.307285   slack (MET)


Startpoint: nRST (input port clocked by clk)
Endpoint: _81_ (removal check against rising-edge clock clk)
Path Group: asynchronous
Path Type: min

Fanout         Cap        Slew       Delay        Time   Description
---------------------------------------------------------------------------------------------
                                  0.000000    0.000000   clock clk (rise edge)
                                  0.000000    0.000000   clock network delay (propagated)
                                  2.000000    2.000000 ^ input external delay
     1    0.002295    0.018170    0.008523    2.008523 ^ nRST (in)
                                                         nRST (net)
                      0.018170    0.000000    2.008523 ^ input3/A (sky130_fd_sc_hd__clkbuf_2)
     5    0.018120    0.107497    0.139156    2.147679 ^ input3/X (sky130_fd_sc_hd__clkbuf_2)
                                                         net3 (net)
                      0.107497    0.000000    2.147679 ^ _81_/RESET_B (sky130_fd_sc_hd__dfrtp_2)
                                              2.147679   data arrival time

                                  0.000000    0.000000   clock clk (rise edge)
                                  0.000000    0.000000   clock source latency
     1    0.007894    0.043275    0.027159    0.027159 ^ clk (in)
                                                         clk (net)
                      0.043275    0.000000    0.027159 ^ clkbuf_0_clk/A (sky130_fd_sc_hd__clkbuf_16)
     2    0.015788    0.039241    0.120826    0.147985 ^ clkbuf_0_clk/X (sky130_fd_sc_hd__clkbuf_16)
                                                         clknet_0_clk (net)
                      0.039241    0.000000    0.147985 ^ clkbuf_1_0__f_clk/A (sky130_fd_sc_hd__clkbuf_16)
     3    0.005612    0.029528    0.109179    0.257164 ^ clkbuf_1_0__f_clk/X (sky130_fd_sc_hd__clkbuf_16)
                                                         clknet_1_0__leaf_clk (net)
                      0.029528    0.000000    0.257164 ^ _81_/CLK (sky130_fd_sc_hd__dfrtp_2)
                                  0.250000    0.507164   clock uncertainty
                                  0.000000    0.507164   clock reconvergence pessimism
                                  0.333036    0.840200   library removal time
                                              0.840200   data required time
---------------------------------------------------------------------------------------------
                                              0.840200   data required time
                                             -2.147679   data arrival time
---------------------------------------------------------------------------------------------
                                              1.307480   slack (MET)


Startpoint: nRST (input port clocked by clk)
Endpoint: _83_ (removal check against rising-edge clock clk)
Path Group: asynchronous
Path Type: min

Fanout         Cap        Slew       Delay        Time   Description
---------------------------------------------------------------------------------------------
                                  0.000000    0.000000   clock clk (rise edge)
                                  0.000000    0.000000   clock network delay (propagated)
                                  2.000000    2.000000 ^ input external delay
     1    0.002295    0.018170    0.008523    2.008523 ^ nRST (in)
                                                         nRST (net)
                      0.018170    0.000000    2.008523 ^ input3/A (sky130_fd_sc_hd__clkbuf_2)
     5    0.018120    0.107497    0.139156    2.147679 ^ input3/X (sky130_fd_sc_hd__clkbuf_2)
                                                         net3 (net)
                      0.107497    0.000000    2.147679 ^ _83_/RESET_B (sky130_fd_sc_hd__dfrtp_1)
                                              2.147679   data arrival time

                                  0.000000    0.000000   clock clk (rise edge)
                                  0.000000    0.000000   clock source latency
     1    0.007894    0.043275    0.027159    0.027159 ^ clk (in)
                                                         clk (net)
                      0.043275    0.000000    0.027159 ^ clkbuf_0_clk/A (sky130_fd_sc_hd__clkbuf_16)
     2    0.015788    0.039241    0.120826    0.147985 ^ clkbuf_0_clk/X (sky130_fd_sc_hd__clkbuf_16)
                                                         clknet_0_clk (net)
                      0.039241    0.000000    0.147985 ^ clkbuf_1_1__f_clk/A (sky130_fd_sc_hd__clkbuf_16)
     2    0.003741    0.027660    0.106933    0.254918 ^ clkbuf_1_1__f_clk/X (sky130_fd_sc_hd__clkbuf_16)
                                                         clknet_1_1__leaf_clk (net)
                      0.027660    0.000000    0.254918 ^ _83_/CLK (sky130_fd_sc_hd__dfrtp_1)
                                  0.250000    0.504918   clock uncertainty
                                  0.000000    0.504918   clock reconvergence pessimism
                                  0.332722    0.837640   library removal time
                                              0.837640   data required time
---------------------------------------------------------------------------------------------
                                              0.837640   data required time
                                             -2.147679   data arrival time
---------------------------------------------------------------------------------------------
                                              1.310040   slack (MET)


Startpoint: nRST (input port clocked by clk)
Endpoint: _79_ (removal check against rising-edge clock clk)
Path Group: asynchronous
Path Type: min

Fanout         Cap        Slew       Delay        Time   Description
---------------------------------------------------------------------------------------------
                                  0.000000    0.000000   clock clk (rise edge)
                                  0.000000    0.000000   clock network delay (propagated)
                                  2.000000    2.000000 ^ input external delay
     1    0.002295    0.018170    0.008523    2.008523 ^ nRST (in)
                                                         nRST (net)
                      0.018170    0.000000    2.008523 ^ input3/A (sky130_fd_sc_hd__clkbuf_2)
     5    0.018120    0.107497    0.139156    2.147679 ^ input3/X (sky130_fd_sc_hd__clkbuf_2)
                                                         net3 (net)
                      0.107497    0.000000    2.147679 ^ _79_/RESET_B (sky130_fd_sc_hd__dfrtp_2)
                                              2.147679   data arrival time

                                  0.000000    0.000000   clock clk (rise edge)
                                  0.000000    0.000000   clock source latency
     1    0.007894    0.043275    0.027159    0.027159 ^ clk (in)
                                                         clk (net)
                      0.043275    0.000000    0.027159 ^ clkbuf_0_clk/A (sky130_fd_sc_hd__clkbuf_16)
     2    0.015788    0.039241    0.120826    0.147985 ^ clkbuf_0_clk/X (sky130_fd_sc_hd__clkbuf_16)
                                                         clknet_0_clk (net)
                      0.039241    0.000000    0.147985 ^ clkbuf_1_1__f_clk/A (sky130_fd_sc_hd__clkbuf_16)
     2    0.003741    0.027660    0.106933    0.254918 ^ clkbuf_1_1__f_clk/X (sky130_fd_sc_hd__clkbuf_16)
                                                         clknet_1_1__leaf_clk (net)
                      0.027660    0.000000    0.254918 ^ _79_/CLK (sky130_fd_sc_hd__dfrtp_2)
                                  0.250000    0.504918   clock uncertainty
                                  0.000000    0.504918   clock reconvergence pessimism
                                  0.332523    0.837441   library removal time
                                              0.837441   data required time
---------------------------------------------------------------------------------------------
                                              0.837441   data required time
                                             -2.147679   data arrival time
---------------------------------------------------------------------------------------------
                                              1.310239   slack (MET)


Startpoint: _83_ (rising edge-triggered flip-flop clocked by clk)
Endpoint: flag (output port clocked by clk)
Path Group: clk
Path Type: min

Fanout         Cap        Slew       Delay        Time   Description
---------------------------------------------------------------------------------------------
                                  0.000000    0.000000   clock clk (rise edge)
                                  0.000000    0.000000   clock source latency
     1    0.007894    0.043275    0.027159    0.027159 ^ clk (in)
                                                         clk (net)
                      0.043275    0.000000    0.027159 ^ clkbuf_0_clk/A (sky130_fd_sc_hd__clkbuf_16)
     2    0.015788    0.039241    0.120826    0.147985 ^ clkbuf_0_clk/X (sky130_fd_sc_hd__clkbuf_16)
                                                         clknet_0_clk (net)
                      0.039241    0.000000    0.147985 ^ clkbuf_1_1__f_clk/A (sky130_fd_sc_hd__clkbuf_16)
     2    0.003741    0.027660    0.106933    0.254918 ^ clkbuf_1_1__f_clk/X (sky130_fd_sc_hd__clkbuf_16)
                                                         clknet_1_1__leaf_clk (net)
                      0.027660    0.000000    0.254918 ^ _83_/CLK (sky130_fd_sc_hd__dfrtp_1)
     1    0.001807    0.038883    0.299252    0.554170 ^ _83_/Q (sky130_fd_sc_hd__dfrtp_1)
                                                         net12 (net)
                      0.038883    0.000000    0.554170 ^ output12/A (sky130_fd_sc_hd__buf_2)
     1    0.033442    0.168788    0.193348    0.747518 ^ output12/X (sky130_fd_sc_hd__buf_2)
                                                         flag (net)
                      0.168788    0.000000    0.747518 ^ flag (out)
                                              0.747518   data arrival time

                                  0.000000    0.000000   clock clk (rise edge)
                                  0.000000    0.000000   clock network delay (propagated)
                                  0.250000    0.250000   clock uncertainty
                                  0.000000    0.250000   clock reconvergence pessimism
                                 -2.000000   -1.750000   output external delay
                                             -1.750000   data required time
---------------------------------------------------------------------------------------------
                                             -1.750000   data required time
                                             -0.747518   data arrival time
---------------------------------------------------------------------------------------------
                                              2.497518   slack (MET)


Startpoint: _80_ (rising edge-triggered flip-flop clocked by clk)
Endpoint: count[1] (output port clocked by clk)
Path Group: clk
Path Type: min

Fanout         Cap        Slew       Delay        Time   Description
---------------------------------------------------------------------------------------------
                                  0.000000    0.000000   clock clk (rise edge)
                                  0.000000    0.000000   clock source latency
     1    0.007894    0.043275    0.027159    0.027159 ^ clk (in)
                                                         clk (net)
                      0.043275    0.000000    0.027159 ^ clkbuf_0_clk/A (sky130_fd_sc_hd__clkbuf_16)
     2    0.015788    0.039241    0.120826    0.147985 ^ clkbuf_0_clk/X (sky130_fd_sc_hd__clkbuf_16)
                                                         clknet_0_clk (net)
                      0.039241    0.000000    0.147985 ^ clkbuf_1_0__f_clk/A (sky130_fd_sc_hd__clkbuf_16)
     3    0.005612    0.029528    0.109179    0.257164 ^ clkbuf_1_0__f_clk/X (sky130_fd_sc_hd__clkbuf_16)
                                                         clknet_1_0__leaf_clk (net)
                      0.029528    0.000000    0.257164 ^ _80_/CLK (sky130_fd_sc_hd__dfrtp_1)
     5    0.008924    0.094571    0.350617    0.607781 ^ _80_/Q (sky130_fd_sc_hd__dfrtp_1)
                                                         net9 (net)
                      0.094571    0.000000    0.607781 ^ output9/A (sky130_fd_sc_hd__buf_2)
     1    0.033442    0.169005    0.214076    0.821857 ^ output9/X (sky130_fd_sc_hd__buf_2)
                                                         count[1] (net)
                      0.169005    0.000000    0.821857 ^ count[1] (out)
                                              0.821857   data arrival time

                                  0.000000    0.000000   clock clk (rise edge)
                                  0.000000    0.000000   clock network delay (propagated)
                                  0.250000    0.250000   clock uncertainty
                                  0.000000    0.250000   clock reconvergence pessimism
                                 -2.000000   -1.750000   output external delay
                                             -1.750000   data required time
---------------------------------------------------------------------------------------------
                                             -1.750000   data required time
                                             -0.821857   data arrival time
---------------------------------------------------------------------------------------------
                                              2.571857   slack (MET)


Startpoint: _82_ (rising edge-triggered flip-flop clocked by clk)
Endpoint: count[3] (output port clocked by clk)
Path Group: clk
Path Type: min

Fanout         Cap        Slew       Delay        Time   Description
---------------------------------------------------------------------------------------------
                                  0.000000    0.000000   clock clk (rise edge)
                                  0.000000    0.000000   clock source latency
     1    0.007894    0.043275    0.027159    0.027159 ^ clk (in)
                                                         clk (net)
                      0.043275    0.000000    0.027159 ^ clkbuf_0_clk/A (sky130_fd_sc_hd__clkbuf_16)
     2    0.015788    0.039241    0.120826    0.147985 ^ clkbuf_0_clk/X (sky130_fd_sc_hd__clkbuf_16)
                                                         clknet_0_clk (net)
                      0.039241    0.000000    0.147985 ^ clkbuf_1_0__f_clk/A (sky130_fd_sc_hd__clkbuf_16)
     3    0.005612    0.029528    0.109179    0.257164 ^ clkbuf_1_0__f_clk/X (sky130_fd_sc_hd__clkbuf_16)
                                                         clknet_1_0__leaf_clk (net)
                      0.029528    0.000000    0.257164 ^ _82_/CLK (sky130_fd_sc_hd__dfrtp_1)
     4    0.009741    0.072224    0.385032    0.642196 v _82_/Q (sky130_fd_sc_hd__dfrtp_1)
                                                         net11 (net)
                      0.072224    0.000000    0.642196 v output11/A (sky130_fd_sc_hd__buf_2)
     1    0.033442    0.087157    0.191275    0.833471 v output11/X (sky130_fd_sc_hd__buf_2)
                                                         count[3] (net)
                      0.087157    0.000000    0.833471 v count[3] (out)
                                              0.833471   data arrival time

                                  0.000000    0.000000   clock clk (rise edge)
                                  0.000000    0.000000   clock network delay (propagated)
                                  0.250000    0.250000   clock uncertainty
                                  0.000000    0.250000   clock reconvergence pessimism
                                 -2.000000   -1.750000   output external delay
                                             -1.750000   data required time
---------------------------------------------------------------------------------------------
                                             -1.750000   data required time
                                             -0.833471   data arrival time
---------------------------------------------------------------------------------------------
                                              2.583471   slack (MET)


Startpoint: _81_ (rising edge-triggered flip-flop clocked by clk)
Endpoint: count[2] (output port clocked by clk)
Path Group: clk
Path Type: min

Fanout         Cap        Slew       Delay        Time   Description
---------------------------------------------------------------------------------------------
                                  0.000000    0.000000   clock clk (rise edge)
                                  0.000000    0.000000   clock source latency
     1    0.007894    0.043275    0.027159    0.027159 ^ clk (in)
                                                         clk (net)
                      0.043275    0.000000    0.027159 ^ clkbuf_0_clk/A (sky130_fd_sc_hd__clkbuf_16)
     2    0.015788    0.039241    0.120826    0.147985 ^ clkbuf_0_clk/X (sky130_fd_sc_hd__clkbuf_16)
                                                         clknet_0_clk (net)
                      0.039241    0.000000    0.147985 ^ clkbuf_1_0__f_clk/A (sky130_fd_sc_hd__clkbuf_16)
     3    0.005612    0.029528    0.109179    0.257164 ^ clkbuf_1_0__f_clk/X (sky130_fd_sc_hd__clkbuf_16)
                                                         clknet_1_0__leaf_clk (net)
                      0.029528    0.000000    0.257164 ^ _81_/CLK (sky130_fd_sc_hd__dfrtp_2)
     7    0.015610    0.094738    0.379618    0.636782 ^ _81_/Q (sky130_fd_sc_hd__dfrtp_2)
                                                         net10 (net)
                      0.094738    0.000000    0.636782 ^ output10/A (sky130_fd_sc_hd__buf_2)
     1    0.033442    0.169007    0.214138    0.850919 ^ output10/X (sky130_fd_sc_hd__buf_2)
                                                         count[2] (net)
                      0.169007    0.000000    0.850919 ^ count[2] (out)
                                              0.850919   data arrival time

                                  0.000000    0.000000   clock clk (rise edge)
                                  0.000000    0.000000   clock network delay (propagated)
                                  0.250000    0.250000   clock uncertainty
                                  0.000000    0.250000   clock reconvergence pessimism
                                 -2.000000   -1.750000   output external delay
                                             -1.750000   data required time
---------------------------------------------------------------------------------------------
                                             -1.750000   data required time
                                             -0.850919   data arrival time
---------------------------------------------------------------------------------------------
                                              2.600919   slack (MET)


Startpoint: _79_ (rising edge-triggered flip-flop clocked by clk)
Endpoint: count[0] (output port clocked by clk)
Path Group: clk
Path Type: min

Fanout         Cap        Slew       Delay        Time   Description
---------------------------------------------------------------------------------------------
                                  0.000000    0.000000   clock clk (rise edge)
                                  0.000000    0.000000   clock source latency
     1    0.007894    0.043275    0.027159    0.027159 ^ clk (in)
                                                         clk (net)
                      0.043275    0.000000    0.027159 ^ clkbuf_0_clk/A (sky130_fd_sc_hd__clkbuf_16)
     2    0.015788    0.039241    0.120826    0.147985 ^ clkbuf_0_clk/X (sky130_fd_sc_hd__clkbuf_16)
                                                         clknet_0_clk (net)
                      0.039241    0.000000    0.147985 ^ clkbuf_1_1__f_clk/A (sky130_fd_sc_hd__clkbuf_16)
     2    0.003741    0.027660    0.106933    0.254918 ^ clkbuf_1_1__f_clk/X (sky130_fd_sc_hd__clkbuf_16)
                                                         clknet_1_1__leaf_clk (net)
                      0.027660    0.000000    0.254918 ^ _79_/CLK (sky130_fd_sc_hd__dfrtp_2)
     7    0.016746    0.099639    0.382814    0.637732 ^ _79_/Q (sky130_fd_sc_hd__dfrtp_2)
                                                         net8 (net)
                      0.099639    0.000000    0.637732 ^ output8/A (sky130_fd_sc_hd__buf_2)
     1    0.033442    0.169044    0.215944    0.853676 ^ output8/X (sky130_fd_sc_hd__buf_2)
                                                         count[0] (net)
                      0.169044    0.000000    0.853676 ^ count[0] (out)
                                              0.853676   data arrival time

                                  0.000000    0.000000   clock clk (rise edge)
                                  0.000000    0.000000   clock network delay (propagated)
                                  0.250000    0.250000   clock uncertainty
                                  0.000000    0.250000   clock reconvergence pessimism
                                 -2.000000   -1.750000   output external delay
                                             -1.750000   data required time
---------------------------------------------------------------------------------------------
                                             -1.750000   data required time
                                             -0.853676   data arrival time
---------------------------------------------------------------------------------------------
                                              2.603676   slack (MET)



