Reading library file at '/root/nixopenlane/openlane2/runs/RUN_2023-11-30_18-20-58/tmp/5c0123153e804a2bbcbe52eecdafca66.lib'…
Reading technology LEF file at '/root/.volare/sky130A/libs.ref/sky130_fd_sc_hd/techlef/sky130_fd_sc_hd__nom.tlef'…
[INFO ODB-0222] Reading LEF file: /root/.volare/sky130A/libs.ref/sky130_fd_sc_hd/techlef/sky130_fd_sc_hd__nom.tlef
[INFO ODB-0223]     Created 13 technology layers
[INFO ODB-0224]     Created 25 technology vias
[INFO ODB-0226] Finished LEF file:  /root/.volare/sky130A/libs.ref/sky130_fd_sc_hd/techlef/sky130_fd_sc_hd__nom.tlef
Reading cell LEF file at '/root/.volare/sky130A/libs.ref/sky130_fd_sc_hd/lef/sky130_ef_sc_hd.lef'…
[INFO ODB-0222] Reading LEF file: /root/.volare/sky130A/libs.ref/sky130_fd_sc_hd/lef/sky130_ef_sc_hd.lef
[WARNING ODB-0220] WARNING (LEFPARS-2008): NOWIREEXTENSIONATPIN statement is obsolete in version 5.6 or later.
The NOWIREEXTENSIONATPIN statement will be ignored. See file /root/.volare/sky130A/libs.ref/sky130_fd_sc_hd/lef/sky130_ef_sc_hd.lef at line 2.

[INFO ODB-0225]     Created 5 library cells
[INFO ODB-0226] Finished LEF file:  /root/.volare/sky130A/libs.ref/sky130_fd_sc_hd/lef/sky130_ef_sc_hd.lef
Reading cell LEF file at '/root/.volare/sky130A/libs.ref/sky130_fd_sc_hd/lef/sky130_fd_sc_hd.lef'…
[INFO ODB-0222] Reading LEF file: /root/.volare/sky130A/libs.ref/sky130_fd_sc_hd/lef/sky130_fd_sc_hd.lef
[WARNING ODB-0220] WARNING (LEFPARS-2008): NOWIREEXTENSIONATPIN statement is obsolete in version 5.6 or later.
The NOWIREEXTENSIONATPIN statement will be ignored. See file /root/.volare/sky130A/libs.ref/sky130_fd_sc_hd/lef/sky130_fd_sc_hd.lef at line 2.

[INFO ODB-0225]     Created 437 library cells
[INFO ODB-0226] Finished LEF file:  /root/.volare/sky130A/libs.ref/sky130_fd_sc_hd/lef/sky130_fd_sc_hd.lef
Reading top-level netlist at '/root/nixopenlane/openlane2/runs/RUN_2023-11-30_18-20-58/05-yosys-synthesis/flex_counter.nl.v'…
Linking design 'flex_counter' from netlist…
Reading design constraints file at '/nix/store/igfw5x4x3msz4v61kass8zijavmf330h-python3-3.10.9-env/lib/python3.10/site-packages/openlane/scripts/base.sdc'…
[INFO] Using clock clk…
[INFO] Setting output delay to: 2
[INFO] Setting input delay to: 2
[INFO] Setting load to: 0.033442
[INFO] Setting clock uncertainty to: 0.25
[INFO] Setting clock transition to: 0.1499999999999999944488848768742172978818416595458984375
[INFO] Setting timing derate to: 5%
[INFO IFP-0001] Added 11 rows of 68 site unithd with height 1.
[INFO IFP-0030] Inserted 0 tiecells using sky130_fd_sc_hd__conb_1/LO.
[INFO IFP-0030] Inserted 0 tiecells using sky130_fd_sc_hd__conb_1/HI.
[INFO] Extracting DIE_AREA and CORE_AREA from the floorplan
[INFO] Floorplanned on a die area of 0.0 0.0 42.44 53.16 (µm).
[INFO] Floorplanned on a core area of 5.52 10.88 36.8 40.8 (µm).
Writing metric design__die__bbox: 0.0 0.0 42.44 53.16
Writing metric design__core__bbox: 5.52 10.88 36.8 40.8
Setting global connections for newly added cells…
[INFO] Setting global connections...
Writing OpenROAD database to '/root/nixopenlane/openlane2/runs/RUN_2023-11-30_18-20-58/10-openroad-floorplan/flex_counter.odb'…
Writing netlist to '/root/nixopenlane/openlane2/runs/RUN_2023-11-30_18-20-58/10-openroad-floorplan/flex_counter.nl.v'…
Writing powered netlist to '/root/nixopenlane/openlane2/runs/RUN_2023-11-30_18-20-58/10-openroad-floorplan/flex_counter.pnl.v'…
Writing layout to '/root/nixopenlane/openlane2/runs/RUN_2023-11-30_18-20-58/10-openroad-floorplan/flex_counter.def'…
Writing timing constraints to '/root/nixopenlane/openlane2/runs/RUN_2023-11-30_18-20-58/10-openroad-floorplan/flex_counter.sdc'…
