
===========================================================================
report_checks -unconstrained
===========================================================================
======================= max_ss_100C_1v60 Corner ===================================

Startpoint: nRST (input port clocked by clk)
Endpoint: _79_ (recovery check against rising-edge clock clk)
Path Group: asynchronous
Path Type: max

Fanout         Cap        Slew       Delay        Time   Description
---------------------------------------------------------------------------------------------
                                  0.000000    0.000000   clock clk (rise edge)
                                  0.000000    0.000000   clock network delay (propagated)
                                  2.000000    2.000000 ^ input external delay
     1    0.003391    0.036194    0.018962    2.018962 ^ nRST (in)
                                                         nRST (net)
                      0.036195    0.000000    2.018962 ^ input3/A (sky130_fd_sc_hd__clkbuf_2)
     5    0.024285    0.214093    0.280541    2.299503 ^ input3/X (sky130_fd_sc_hd__clkbuf_2)
                                                         net3 (net)
                      0.214115    0.001779    2.301281 ^ _79_/RESET_B (sky130_fd_sc_hd__dfrtp_4)
                                              2.301281   data arrival time

                                 10.000000   10.000000   clock clk (rise edge)
                                  0.000000   10.000000   clock source latency
     1    0.010207    0.082564    0.053604   10.053604 ^ clk (in)
                                                         clk (net)
                      0.082569    0.000000   10.053604 ^ clkbuf_0_clk/A (sky130_fd_sc_hd__clkbuf_16)
     2    0.019149    0.066382    0.225747   10.279351 ^ clkbuf_0_clk/X (sky130_fd_sc_hd__clkbuf_16)
                                                         clknet_0_clk (net)
                      0.066387    0.001174   10.280525 ^ clkbuf_1_1__f_clk/A (sky130_fd_sc_hd__clkbuf_16)
     2    0.007271    0.050883    0.200735   10.481259 ^ clkbuf_1_1__f_clk/X (sky130_fd_sc_hd__clkbuf_16)
                                                         clknet_1_1__leaf_clk (net)
                      0.050884    0.000409   10.481668 ^ _79_/CLK (sky130_fd_sc_hd__dfrtp_4)
                                 -0.250000   10.231668   clock uncertainty
                                  0.000000   10.231668   clock reconvergence pessimism
                                  0.369886   10.601555   library recovery time
                                             10.601555   data required time
---------------------------------------------------------------------------------------------
                                             10.601555   data required time
                                             -2.301281   data arrival time
---------------------------------------------------------------------------------------------
                                              8.300273   slack (MET)


Startpoint: rollover[3] (input port clocked by clk)
Endpoint: _83_ (rising edge-triggered flip-flop clocked by clk)
Path Group: clk
Path Type: max

Fanout         Cap        Slew       Delay        Time   Description
---------------------------------------------------------------------------------------------
                                  0.000000    0.000000   clock clk (rise edge)
                                  0.000000    0.000000   clock network delay (propagated)
                                  2.000000    2.000000 ^ input external delay
     1    0.002627    0.031107    0.014925    2.014925 ^ rollover[3] (in)
                                                         rollover[3] (net)
                      0.031108    0.000000    2.014925 ^ input7/A (sky130_fd_sc_hd__buf_1)
     4    0.010893    0.217255    0.238160    2.253085 ^ input7/X (sky130_fd_sc_hd__buf_1)
                                                         net7 (net)
                      0.217255    0.000372    2.253458 ^ _41_/A_N (sky130_fd_sc_hd__and2b_1)
     3    0.010793    0.131111    0.485217    2.738674 v _41_/X (sky130_fd_sc_hd__and2b_1)
                                                         _04_ (net)
                      0.131115    0.000651    2.739325 v _42_/C1 (sky130_fd_sc_hd__a211o_1)
     2    0.006480    0.118065    0.490327    3.229652 v _42_/X (sky130_fd_sc_hd__a211o_1)
                                                         _05_ (net)
                      0.118066    0.000247    3.229899 v _48_/B1 (sky130_fd_sc_hd__a2111oi_1)
     2    0.004829    0.667142    0.756839    3.986737 ^ _48_/Y (sky130_fd_sc_hd__a2111oi_1)
                                                         _11_ (net)
                      0.667142    0.000157    3.986894 ^ _49_/C_N (sky130_fd_sc_hd__or3b_1)
     1    0.003031    0.138756    0.960120    4.947013 v _49_/X (sky130_fd_sc_hd__or3b_1)
                                                         _12_ (net)
                      0.138756    0.000208    4.947222 v _55_/A1 (sky130_fd_sc_hd__a21bo_1)
     3    0.007943    0.102786    0.377058    5.324280 v _55_/X (sky130_fd_sc_hd__a21bo_1)
                                                         _18_ (net)
                      0.102789    0.000397    5.324677 v _72_/B (sky130_fd_sc_hd__and3_1)
     1    0.004022    0.081316    0.359362    5.684039 v _72_/X (sky130_fd_sc_hd__and3_1)
                                                         _31_ (net)
                      0.081317    0.000260    5.684299 v _77_/A1 (sky130_fd_sc_hd__o2111ai_1)
     1    0.003973    0.286007    0.331059    6.015358 ^ _77_/Y (sky130_fd_sc_hd__o2111ai_1)
                                                         _36_ (net)
                      0.286007    0.000262    6.015620 ^ _78_/A2 (sky130_fd_sc_hd__a21oi_1)
     1    0.003051    0.103152    0.211588    6.227208 v _78_/Y (sky130_fd_sc_hd__a21oi_1)
                                                         next_flag (net)
                      0.103152    0.000193    6.227401 v _83_/D (sky130_fd_sc_hd__dfrtp_1)
                                              6.227401   data arrival time

                                 10.000000   10.000000   clock clk (rise edge)
                                  0.000000   10.000000   clock source latency
     1    0.010207    0.082564    0.053604   10.053604 ^ clk (in)
                                                         clk (net)
                      0.082569    0.000000   10.053604 ^ clkbuf_0_clk/A (sky130_fd_sc_hd__clkbuf_16)
     2    0.019149    0.066382    0.225747   10.279351 ^ clkbuf_0_clk/X (sky130_fd_sc_hd__clkbuf_16)
                                                         clknet_0_clk (net)
                      0.066387    0.001174   10.280525 ^ clkbuf_1_1__f_clk/A (sky130_fd_sc_hd__clkbuf_16)
     2    0.007271    0.050883    0.200735   10.481259 ^ clkbuf_1_1__f_clk/X (sky130_fd_sc_hd__clkbuf_16)
                                                         clknet_1_1__leaf_clk (net)
                      0.050884    0.000438   10.481698 ^ _83_/CLK (sky130_fd_sc_hd__dfrtp_1)
                                 -0.250000   10.231697   clock uncertainty
                                  0.000000   10.231697   clock reconvergence pessimism
                                 -0.295490    9.936208   library setup time
                                              9.936208   data required time
---------------------------------------------------------------------------------------------
                                              9.936208   data required time
                                             -6.227401   data arrival time
---------------------------------------------------------------------------------------------
                                              3.708807   slack (MET)




===========================================================================
report_checks --slack_max -0.01
============================================================================
======================= max_ss_100C_1v60 Corner ===================================

No paths found.


===========================================================================
 report_check_types -max_slew -max_cap -max_fanout -violators
============================================================================
======================= max_ss_100C_1v60 Corner ===================================



===========================================================================
report_parasitic_annotation -report_unannotated
============================================================================
Found 0 unannotated drivers.
Found 0 partially unannotated drivers.

===========================================================================
max slew violation count 0
max fanout violation count 0
max cap violation count 0
============================================================================

===========================================================================
check_setup -verbose -unconstrained_endpoints -multiple_clock -no_clock -no_input_delay -loops -generated_clocks
===========================================================================
