
===========================================================================
report_checks -path_delay min (Hold)
============================================================================
======================= min_ff_n40C_1v95 Corner ===================================

Startpoint: _81_ (rising edge-triggered flip-flop clocked by clk)
Endpoint: _81_ (rising edge-triggered flip-flop clocked by clk)
Path Group: clk
Path Type: min

Fanout         Cap        Slew       Delay        Time   Description
---------------------------------------------------------------------------------------------
                                  0.000000    0.000000   clock clk (rise edge)
                                  0.000000    0.000000   clock source latency
     1    0.009953    0.038351    0.024965    0.024965 ^ clk (in)
                                                         clk (net)
                      0.038352    0.000000    0.024965 ^ clkbuf_0_clk/A (sky130_fd_sc_hd__clkbuf_16)
     2    0.018709    0.030323    0.085743    0.110708 ^ clkbuf_0_clk/X (sky130_fd_sc_hd__clkbuf_16)
                                                         clknet_0_clk (net)
                      0.030323    0.000237    0.110945 ^ clkbuf_1_0__f_clk/A (sky130_fd_sc_hd__clkbuf_16)
     3    0.008900    0.023782    0.076718    0.187663 ^ clkbuf_1_0__f_clk/X (sky130_fd_sc_hd__clkbuf_16)
                                                         clknet_1_0__leaf_clk (net)
                      0.023782    0.000050    0.187713 ^ _81_/CLK (sky130_fd_sc_hd__dfrtp_2)
     7    0.024397    0.095295    0.263803    0.451515 ^ _81_/Q (sky130_fd_sc_hd__dfrtp_2)
                                                         net10 (net)
                      0.095295    0.000100    0.451615 ^ _67_/A1 (sky130_fd_sc_hd__o211a_1)
     2    0.008528    0.060187    0.123192    0.574807 ^ _67_/X (sky130_fd_sc_hd__o211a_1)
                                                         next_count[2] (net)
                      0.060187    0.000061    0.574868 ^ _81_/D (sky130_fd_sc_hd__dfrtp_2)
                                              0.574868   data arrival time

                                  0.000000    0.000000   clock clk (rise edge)
                                  0.000000    0.000000   clock source latency
     1    0.009953    0.038351    0.024965    0.024965 ^ clk (in)
                                                         clk (net)
                      0.038352    0.000000    0.024965 ^ clkbuf_0_clk/A (sky130_fd_sc_hd__clkbuf_16)
     2    0.018709    0.030323    0.085743    0.110708 ^ clkbuf_0_clk/X (sky130_fd_sc_hd__clkbuf_16)
                                                         clknet_0_clk (net)
                      0.030323    0.000237    0.110945 ^ clkbuf_1_0__f_clk/A (sky130_fd_sc_hd__clkbuf_16)
     3    0.008900    0.023782    0.076718    0.187663 ^ clkbuf_1_0__f_clk/X (sky130_fd_sc_hd__clkbuf_16)
                                                         clknet_1_0__leaf_clk (net)
                      0.023782    0.000050    0.187713 ^ _81_/CLK (sky130_fd_sc_hd__dfrtp_2)
                                  0.250000    0.437713   clock uncertainty
                                  0.000000    0.437713   clock reconvergence pessimism
                                 -0.022072    0.415640   library hold time
                                              0.415640   data required time
---------------------------------------------------------------------------------------------
                                              0.415640   data required time
                                             -0.574868   data arrival time
---------------------------------------------------------------------------------------------
                                              0.159227   slack (MET)


Startpoint: _82_ (rising edge-triggered flip-flop clocked by clk)
Endpoint: _82_ (rising edge-triggered flip-flop clocked by clk)
Path Group: clk
Path Type: min

Fanout         Cap        Slew       Delay        Time   Description
---------------------------------------------------------------------------------------------
                                  0.000000    0.000000   clock clk (rise edge)
                                  0.000000    0.000000   clock source latency
     1    0.009953    0.038351    0.024965    0.024965 ^ clk (in)
                                                         clk (net)
                      0.038352    0.000000    0.024965 ^ clkbuf_0_clk/A (sky130_fd_sc_hd__clkbuf_16)
     2    0.018709    0.030323    0.085743    0.110708 ^ clkbuf_0_clk/X (sky130_fd_sc_hd__clkbuf_16)
                                                         clknet_0_clk (net)
                      0.030323    0.000237    0.110945 ^ clkbuf_1_0__f_clk/A (sky130_fd_sc_hd__clkbuf_16)
     3    0.008900    0.023782    0.076718    0.187663 ^ clkbuf_1_0__f_clk/X (sky130_fd_sc_hd__clkbuf_16)
                                                         clknet_1_0__leaf_clk (net)
                      0.023782    0.000046    0.187709 ^ _82_/CLK (sky130_fd_sc_hd__dfrtp_1)
     4    0.015299    0.107237    0.254097    0.441806 ^ _82_/Q (sky130_fd_sc_hd__dfrtp_1)
                                                         net11 (net)
                      0.107237    0.000137    0.441943 ^ _68_/B1 (sky130_fd_sc_hd__a21o_1)
     1    0.002658    0.025571    0.052096    0.494039 ^ _68_/X (sky130_fd_sc_hd__a21o_1)
                                                         _28_ (net)
                      0.025571    0.000029    0.494067 ^ _69_/C (sky130_fd_sc_hd__and3_1)
     1    0.003480    0.038498    0.090721    0.584788 ^ _69_/X (sky130_fd_sc_hd__and3_1)
                                                         _29_ (net)
                      0.038498    0.000045    0.584833 ^ _70_/A (sky130_fd_sc_hd__buf_1)
     2    0.008972    0.083848    0.089643    0.674476 ^ _70_/X (sky130_fd_sc_hd__buf_1)
                                                         next_count[3] (net)
                      0.083848    0.000061    0.674537 ^ _82_/D (sky130_fd_sc_hd__dfrtp_1)
                                              0.674537   data arrival time

                                  0.000000    0.000000   clock clk (rise edge)
                                  0.000000    0.000000   clock source latency
     1    0.009953    0.038351    0.024965    0.024965 ^ clk (in)
                                                         clk (net)
                      0.038352    0.000000    0.024965 ^ clkbuf_0_clk/A (sky130_fd_sc_hd__clkbuf_16)
     2    0.018709    0.030323    0.085743    0.110708 ^ clkbuf_0_clk/X (sky130_fd_sc_hd__clkbuf_16)
                                                         clknet_0_clk (net)
                      0.030323    0.000237    0.110945 ^ clkbuf_1_0__f_clk/A (sky130_fd_sc_hd__clkbuf_16)
     3    0.008900    0.023782    0.076718    0.187663 ^ clkbuf_1_0__f_clk/X (sky130_fd_sc_hd__clkbuf_16)
                                                         clknet_1_0__leaf_clk (net)
                      0.023782    0.000046    0.187709 ^ _82_/CLK (sky130_fd_sc_hd__dfrtp_1)
                                  0.250000    0.437709   clock uncertainty
                                  0.000000    0.437709   clock reconvergence pessimism
                                 -0.023986    0.413723   library hold time
                                              0.413723   data required time
---------------------------------------------------------------------------------------------
                                              0.413723   data required time
                                             -0.674537   data arrival time
---------------------------------------------------------------------------------------------
                                              0.260814   slack (MET)


Startpoint: _79_ (rising edge-triggered flip-flop clocked by clk)
Endpoint: _79_ (rising edge-triggered flip-flop clocked by clk)
Path Group: clk
Path Type: min

Fanout         Cap        Slew       Delay        Time   Description
---------------------------------------------------------------------------------------------
                                  0.000000    0.000000   clock clk (rise edge)
                                  0.000000    0.000000   clock source latency
     1    0.009953    0.038351    0.024965    0.024965 ^ clk (in)
                                                         clk (net)
                      0.038352    0.000000    0.024965 ^ clkbuf_0_clk/A (sky130_fd_sc_hd__clkbuf_16)
     2    0.018709    0.030323    0.085743    0.110708 ^ clkbuf_0_clk/X (sky130_fd_sc_hd__clkbuf_16)
                                                         clknet_0_clk (net)
                      0.030323    0.000189    0.110897 ^ clkbuf_1_1__f_clk/A (sky130_fd_sc_hd__clkbuf_16)
     2    0.006849    0.022261    0.075123    0.186020 ^ clkbuf_1_1__f_clk/X (sky130_fd_sc_hd__clkbuf_16)
                                                         clknet_1_1__leaf_clk (net)
                      0.022262    0.000080    0.186099 ^ _79_/CLK (sky130_fd_sc_hd__dfrtp_4)
     7    0.023659    0.068818    0.276339    0.462438 ^ _79_/Q (sky130_fd_sc_hd__dfrtp_4)
                                                         net8 (net)
                      0.068825    0.000533    0.462971 ^ _57_/A1 (sky130_fd_sc_hd__o21a_1)
     3    0.008928    0.068491    0.108192    0.571163 ^ _57_/X (sky130_fd_sc_hd__o21a_1)
                                                         _20_ (net)
                      0.068492    0.000106    0.571269 ^ _58_/B (sky130_fd_sc_hd__and2_1)
     1    0.004004    0.040206    0.085982    0.657251 ^ _58_/X (sky130_fd_sc_hd__and2_1)
                                                         _21_ (net)
                      0.040206    0.000062    0.657313 ^ _59_/A (sky130_fd_sc_hd__clkbuf_1)
     1    0.002711    0.031553    0.053046    0.710359 ^ _59_/X (sky130_fd_sc_hd__clkbuf_1)
                                                         next_count[0] (net)
                      0.031553    0.000026    0.710385 ^ _79_/D (sky130_fd_sc_hd__dfrtp_4)
                                              0.710385   data arrival time

                                  0.000000    0.000000   clock clk (rise edge)
                                  0.000000    0.000000   clock source latency
     1    0.009953    0.038351    0.024965    0.024965 ^ clk (in)
                                                         clk (net)
                      0.038352    0.000000    0.024965 ^ clkbuf_0_clk/A (sky130_fd_sc_hd__clkbuf_16)
     2    0.018709    0.030323    0.085743    0.110708 ^ clkbuf_0_clk/X (sky130_fd_sc_hd__clkbuf_16)
                                                         clknet_0_clk (net)
                      0.030323    0.000189    0.110897 ^ clkbuf_1_1__f_clk/A (sky130_fd_sc_hd__clkbuf_16)
     2    0.006849    0.022261    0.075123    0.186020 ^ clkbuf_1_1__f_clk/X (sky130_fd_sc_hd__clkbuf_16)
                                                         clknet_1_1__leaf_clk (net)
                      0.022262    0.000080    0.186099 ^ _79_/CLK (sky130_fd_sc_hd__dfrtp_4)
                                  0.250000    0.436099   clock uncertainty
                                  0.000000    0.436099   clock reconvergence pessimism
                                 -0.020065    0.416034   library hold time
                                              0.416034   data required time
---------------------------------------------------------------------------------------------
                                              0.416034   data required time
                                             -0.710385   data arrival time
---------------------------------------------------------------------------------------------
                                              0.294350   slack (MET)


Startpoint: _80_ (rising edge-triggered flip-flop clocked by clk)
Endpoint: _80_ (rising edge-triggered flip-flop clocked by clk)
Path Group: clk
Path Type: min

Fanout         Cap        Slew       Delay        Time   Description
---------------------------------------------------------------------------------------------
                                  0.000000    0.000000   clock clk (rise edge)
                                  0.000000    0.000000   clock source latency
     1    0.009953    0.038351    0.024965    0.024965 ^ clk (in)
                                                         clk (net)
                      0.038352    0.000000    0.024965 ^ clkbuf_0_clk/A (sky130_fd_sc_hd__clkbuf_16)
     2    0.018709    0.030323    0.085743    0.110708 ^ clkbuf_0_clk/X (sky130_fd_sc_hd__clkbuf_16)
                                                         clknet_0_clk (net)
                      0.030323    0.000237    0.110945 ^ clkbuf_1_0__f_clk/A (sky130_fd_sc_hd__clkbuf_16)
     3    0.008900    0.023782    0.076718    0.187663 ^ clkbuf_1_0__f_clk/X (sky130_fd_sc_hd__clkbuf_16)
                                                         clknet_1_0__leaf_clk (net)
                      0.023782    0.000049    0.187712 ^ _80_/CLK (sky130_fd_sc_hd__dfrtp_1)
     5    0.016671    0.115909    0.260395    0.448106 ^ _80_/Q (sky130_fd_sc_hd__dfrtp_1)
                                                         net9 (net)
                      0.115909    0.000066    0.448172 ^ _61_/B1 (sky130_fd_sc_hd__a21oi_1)
     1    0.002812    0.031802    0.026753    0.474925 v _61_/Y (sky130_fd_sc_hd__a21oi_1)
                                                         _23_ (net)
                      0.031802    0.000018    0.474942 v _63_/A (sky130_fd_sc_hd__nor2_1)
     1    0.002859    0.053884    0.065662    0.540604 ^ _63_/Y (sky130_fd_sc_hd__nor2_1)
                                                         _25_ (net)
                      0.053884    0.000028    0.540633 ^ _64_/C (sky130_fd_sc_hd__and3_1)
     1    0.003674    0.039752    0.097176    0.637809 ^ _64_/X (sky130_fd_sc_hd__and3_1)
                                                         _26_ (net)
                      0.039752    0.000047    0.637856 ^ _65_/A (sky130_fd_sc_hd__buf_1)
     2    0.008004    0.075712    0.084202    0.722058 ^ _65_/X (sky130_fd_sc_hd__buf_1)
                                                         next_count[1] (net)
                      0.075712    0.000053    0.722111 ^ _80_/D (sky130_fd_sc_hd__dfrtp_1)
                                              0.722111   data arrival time

                                  0.000000    0.000000   clock clk (rise edge)
                                  0.000000    0.000000   clock source latency
     1    0.009953    0.038351    0.024965    0.024965 ^ clk (in)
                                                         clk (net)
                      0.038352    0.000000    0.024965 ^ clkbuf_0_clk/A (sky130_fd_sc_hd__clkbuf_16)
     2    0.018709    0.030323    0.085743    0.110708 ^ clkbuf_0_clk/X (sky130_fd_sc_hd__clkbuf_16)
                                                         clknet_0_clk (net)
                      0.030323    0.000237    0.110945 ^ clkbuf_1_0__f_clk/A (sky130_fd_sc_hd__clkbuf_16)
     3    0.008900    0.023782    0.076718    0.187663 ^ clkbuf_1_0__f_clk/X (sky130_fd_sc_hd__clkbuf_16)
                                                         clknet_1_0__leaf_clk (net)
                      0.023782    0.000049    0.187712 ^ _80_/CLK (sky130_fd_sc_hd__dfrtp_1)
                                  0.250000    0.437712   clock uncertainty
                                  0.000000    0.437712   clock reconvergence pessimism
                                 -0.023370    0.414342   library hold time
                                              0.414342   data required time
---------------------------------------------------------------------------------------------
                                              0.414342   data required time
                                             -0.722111   data arrival time
---------------------------------------------------------------------------------------------
                                              0.307769   slack (MET)


Startpoint: _81_ (rising edge-triggered flip-flop clocked by clk)
Endpoint: _83_ (rising edge-triggered flip-flop clocked by clk)
Path Group: clk
Path Type: min

Fanout         Cap        Slew       Delay        Time   Description
---------------------------------------------------------------------------------------------
                                  0.000000    0.000000   clock clk (rise edge)
                                  0.000000    0.000000   clock source latency
     1    0.009953    0.038351    0.024965    0.024965 ^ clk (in)
                                                         clk (net)
                      0.038352    0.000000    0.024965 ^ clkbuf_0_clk/A (sky130_fd_sc_hd__clkbuf_16)
     2    0.018709    0.030323    0.085743    0.110708 ^ clkbuf_0_clk/X (sky130_fd_sc_hd__clkbuf_16)
                                                         clknet_0_clk (net)
                      0.030323    0.000237    0.110945 ^ clkbuf_1_0__f_clk/A (sky130_fd_sc_hd__clkbuf_16)
     3    0.008900    0.023782    0.076718    0.187663 ^ clkbuf_1_0__f_clk/X (sky130_fd_sc_hd__clkbuf_16)
                                                         clknet_1_0__leaf_clk (net)
                      0.023782    0.000050    0.187713 ^ _81_/CLK (sky130_fd_sc_hd__dfrtp_2)
     7    0.024397    0.095295    0.263803    0.451515 ^ _81_/Q (sky130_fd_sc_hd__dfrtp_2)
                                                         net10 (net)
                      0.095295    0.000100    0.451615 ^ _67_/A1 (sky130_fd_sc_hd__o211a_1)
     2    0.008528    0.060187    0.123192    0.574807 ^ _67_/X (sky130_fd_sc_hd__o211a_1)
                                                         next_count[2] (net)
                      0.060187    0.000113    0.574920 ^ _74_/B (sky130_fd_sc_hd__xnor2_1)
     1    0.003296    0.025527    0.039905    0.614825 v _74_/Y (sky130_fd_sc_hd__xnor2_1)
                                                         _33_ (net)
                      0.025527    0.000026    0.614851 v _77_/B1 (sky130_fd_sc_hd__o2111ai_1)
     1    0.003626    0.046012    0.068703    0.683554 ^ _77_/Y (sky130_fd_sc_hd__o2111ai_1)
                                                         _36_ (net)
                      0.046012    0.000045    0.683599 ^ _78_/A2 (sky130_fd_sc_hd__a21oi_1)
     1    0.003021    0.025784    0.039181    0.722780 v _78_/Y (sky130_fd_sc_hd__a21oi_1)
                                                         next_flag (net)
                      0.025784    0.000036    0.722816 v _83_/D (sky130_fd_sc_hd__dfrtp_1)
                                              0.722816   data arrival time

                                  0.000000    0.000000   clock clk (rise edge)
                                  0.000000    0.000000   clock source latency
     1    0.009953    0.038351    0.024965    0.024965 ^ clk (in)
                                                         clk (net)
                      0.038352    0.000000    0.024965 ^ clkbuf_0_clk/A (sky130_fd_sc_hd__clkbuf_16)
     2    0.018709    0.030323    0.085743    0.110708 ^ clkbuf_0_clk/X (sky130_fd_sc_hd__clkbuf_16)
                                                         clknet_0_clk (net)
                      0.030323    0.000189    0.110897 ^ clkbuf_1_1__f_clk/A (sky130_fd_sc_hd__clkbuf_16)
     2    0.006849    0.022261    0.075123    0.186020 ^ clkbuf_1_1__f_clk/X (sky130_fd_sc_hd__clkbuf_16)
                                                         clknet_1_1__leaf_clk (net)
                      0.022262    0.000088    0.186108 ^ _83_/CLK (sky130_fd_sc_hd__dfrtp_1)
                                  0.250000    0.436108   clock uncertainty
                                  0.000000    0.436108   clock reconvergence pessimism
                                 -0.031222    0.404886   library hold time
                                              0.404886   data required time
---------------------------------------------------------------------------------------------
                                              0.404886   data required time
                                             -0.722816   data arrival time
---------------------------------------------------------------------------------------------
                                              0.317930   slack (MET)


Startpoint: nRST (input port clocked by clk)
Endpoint: _82_ (removal check against rising-edge clock clk)
Path Group: asynchronous
Path Type: min

Fanout         Cap        Slew       Delay        Time   Description
---------------------------------------------------------------------------------------------
                                  0.000000    0.000000   clock clk (rise edge)
                                  0.000000    0.000000   clock network delay (propagated)
                                  2.000000    2.000000 ^ input external delay
     1    0.003268    0.015596    0.008449    2.008450 ^ nRST (in)
                                                         nRST (net)
                      0.015596    0.000000    2.008450 ^ input3/A (sky130_fd_sc_hd__clkbuf_2)
     5    0.024621    0.106196    0.115218    2.123667 ^ input3/X (sky130_fd_sc_hd__clkbuf_2)
                                                         net3 (net)
                      0.106196    0.000104    2.123771 ^ _82_/RESET_B (sky130_fd_sc_hd__dfrtp_1)
                                              2.123771   data arrival time

                                  0.000000    0.000000   clock clk (rise edge)
                                  0.000000    0.000000   clock source latency
     1    0.009953    0.038351    0.024965    0.024965 ^ clk (in)
                                                         clk (net)
                      0.038352    0.000000    0.024965 ^ clkbuf_0_clk/A (sky130_fd_sc_hd__clkbuf_16)
     2    0.018709    0.030323    0.085743    0.110708 ^ clkbuf_0_clk/X (sky130_fd_sc_hd__clkbuf_16)
                                                         clknet_0_clk (net)
                      0.030323    0.000237    0.110945 ^ clkbuf_1_0__f_clk/A (sky130_fd_sc_hd__clkbuf_16)
     3    0.008900    0.023782    0.076718    0.187663 ^ clkbuf_1_0__f_clk/X (sky130_fd_sc_hd__clkbuf_16)
                                                         clknet_1_0__leaf_clk (net)
                      0.023782    0.000046    0.187709 ^ _82_/CLK (sky130_fd_sc_hd__dfrtp_1)
                                  0.250000    0.437709   clock uncertainty
                                  0.000000    0.437709   clock reconvergence pessimism
                                  0.215697    0.653406   library removal time
                                              0.653406   data required time
---------------------------------------------------------------------------------------------
                                              0.653406   data required time
                                             -2.123771   data arrival time
---------------------------------------------------------------------------------------------
                                              1.470366   slack (MET)


Startpoint: nRST (input port clocked by clk)
Endpoint: _80_ (removal check against rising-edge clock clk)
Path Group: asynchronous
Path Type: min

Fanout         Cap        Slew       Delay        Time   Description
---------------------------------------------------------------------------------------------
                                  0.000000    0.000000   clock clk (rise edge)
                                  0.000000    0.000000   clock network delay (propagated)
                                  2.000000    2.000000 ^ input external delay
     1    0.003268    0.015596    0.008449    2.008450 ^ nRST (in)
                                                         nRST (net)
                      0.015596    0.000000    2.008450 ^ input3/A (sky130_fd_sc_hd__clkbuf_2)
     5    0.024621    0.106196    0.115218    2.123667 ^ input3/X (sky130_fd_sc_hd__clkbuf_2)
                                                         net3 (net)
                      0.106198    0.000411    2.124079 ^ _80_/RESET_B (sky130_fd_sc_hd__dfrtp_1)
                                              2.124079   data arrival time

                                  0.000000    0.000000   clock clk (rise edge)
                                  0.000000    0.000000   clock source latency
     1    0.009953    0.038351    0.024965    0.024965 ^ clk (in)
                                                         clk (net)
                      0.038352    0.000000    0.024965 ^ clkbuf_0_clk/A (sky130_fd_sc_hd__clkbuf_16)
     2    0.018709    0.030323    0.085743    0.110708 ^ clkbuf_0_clk/X (sky130_fd_sc_hd__clkbuf_16)
                                                         clknet_0_clk (net)
                      0.030323    0.000237    0.110945 ^ clkbuf_1_0__f_clk/A (sky130_fd_sc_hd__clkbuf_16)
     3    0.008900    0.023782    0.076718    0.187663 ^ clkbuf_1_0__f_clk/X (sky130_fd_sc_hd__clkbuf_16)
                                                         clknet_1_0__leaf_clk (net)
                      0.023782    0.000049    0.187712 ^ _80_/CLK (sky130_fd_sc_hd__dfrtp_1)
                                  0.250000    0.437712   clock uncertainty
                                  0.000000    0.437712   clock reconvergence pessimism
                                  0.215698    0.653410   library removal time
                                              0.653410   data required time
---------------------------------------------------------------------------------------------
                                              0.653410   data required time
                                             -2.124079   data arrival time
---------------------------------------------------------------------------------------------
                                              1.470669   slack (MET)


Startpoint: nRST (input port clocked by clk)
Endpoint: _81_ (removal check against rising-edge clock clk)
Path Group: asynchronous
Path Type: min

Fanout         Cap        Slew       Delay        Time   Description
---------------------------------------------------------------------------------------------
                                  0.000000    0.000000   clock clk (rise edge)
                                  0.000000    0.000000   clock network delay (propagated)
                                  2.000000    2.000000 ^ input external delay
     1    0.003268    0.015596    0.008449    2.008450 ^ nRST (in)
                                                         nRST (net)
                      0.015596    0.000000    2.008450 ^ input3/A (sky130_fd_sc_hd__clkbuf_2)
     5    0.024621    0.106196    0.115218    2.123667 ^ input3/X (sky130_fd_sc_hd__clkbuf_2)
                                                         net3 (net)
                      0.106198    0.000433    2.124101 ^ _81_/RESET_B (sky130_fd_sc_hd__dfrtp_2)
                                              2.124101   data arrival time

                                  0.000000    0.000000   clock clk (rise edge)
                                  0.000000    0.000000   clock source latency
     1    0.009953    0.038351    0.024965    0.024965 ^ clk (in)
                                                         clk (net)
                      0.038352    0.000000    0.024965 ^ clkbuf_0_clk/A (sky130_fd_sc_hd__clkbuf_16)
     2    0.018709    0.030323    0.085743    0.110708 ^ clkbuf_0_clk/X (sky130_fd_sc_hd__clkbuf_16)
                                                         clknet_0_clk (net)
                      0.030323    0.000237    0.110945 ^ clkbuf_1_0__f_clk/A (sky130_fd_sc_hd__clkbuf_16)
     3    0.008900    0.023782    0.076718    0.187663 ^ clkbuf_1_0__f_clk/X (sky130_fd_sc_hd__clkbuf_16)
                                                         clknet_1_0__leaf_clk (net)
                      0.023782    0.000050    0.187713 ^ _81_/CLK (sky130_fd_sc_hd__dfrtp_2)
                                  0.250000    0.437713   clock uncertainty
                                  0.000000    0.437713   clock reconvergence pessimism
                                  0.215698    0.653410   library removal time
                                              0.653410   data required time
---------------------------------------------------------------------------------------------
                                              0.653410   data required time
                                             -2.124101   data arrival time
---------------------------------------------------------------------------------------------
                                              1.470690   slack (MET)


Startpoint: nRST (input port clocked by clk)
Endpoint: _79_ (removal check against rising-edge clock clk)
Path Group: asynchronous
Path Type: min

Fanout         Cap        Slew       Delay        Time   Description
---------------------------------------------------------------------------------------------
                                  0.000000    0.000000   clock clk (rise edge)
                                  0.000000    0.000000   clock network delay (propagated)
                                  2.000000    2.000000 ^ input external delay
     1    0.003268    0.015596    0.008449    2.008450 ^ nRST (in)
                                                         nRST (net)
                      0.015596    0.000000    2.008450 ^ input3/A (sky130_fd_sc_hd__clkbuf_2)
     5    0.024621    0.106196    0.115218    2.123667 ^ input3/X (sky130_fd_sc_hd__clkbuf_2)
                                                         net3 (net)
                      0.106200    0.000531    2.124199 ^ _79_/RESET_B (sky130_fd_sc_hd__dfrtp_4)
                                              2.124199   data arrival time

                                  0.000000    0.000000   clock clk (rise edge)
                                  0.000000    0.000000   clock source latency
     1    0.009953    0.038351    0.024965    0.024965 ^ clk (in)
                                                         clk (net)
                      0.038352    0.000000    0.024965 ^ clkbuf_0_clk/A (sky130_fd_sc_hd__clkbuf_16)
     2    0.018709    0.030323    0.085743    0.110708 ^ clkbuf_0_clk/X (sky130_fd_sc_hd__clkbuf_16)
                                                         clknet_0_clk (net)
                      0.030323    0.000189    0.110897 ^ clkbuf_1_1__f_clk/A (sky130_fd_sc_hd__clkbuf_16)
     2    0.006849    0.022261    0.075123    0.186020 ^ clkbuf_1_1__f_clk/X (sky130_fd_sc_hd__clkbuf_16)
                                                         clknet_1_1__leaf_clk (net)
                      0.022262    0.000080    0.186099 ^ _79_/CLK (sky130_fd_sc_hd__dfrtp_4)
                                  0.250000    0.436099   clock uncertainty
                                  0.000000    0.436099   clock reconvergence pessimism
                                  0.216447    0.652546   library removal time
                                              0.652546   data required time
---------------------------------------------------------------------------------------------
                                              0.652546   data required time
                                             -2.124199   data arrival time
---------------------------------------------------------------------------------------------
                                              1.471653   slack (MET)


Startpoint: nRST (input port clocked by clk)
Endpoint: _83_ (removal check against rising-edge clock clk)
Path Group: asynchronous
Path Type: min

Fanout         Cap        Slew       Delay        Time   Description
---------------------------------------------------------------------------------------------
                                  0.000000    0.000000   clock clk (rise edge)
                                  0.000000    0.000000   clock network delay (propagated)
                                  2.000000    2.000000 ^ input external delay
     1    0.003268    0.015596    0.008449    2.008450 ^ nRST (in)
                                                         nRST (net)
                      0.015596    0.000000    2.008450 ^ input3/A (sky130_fd_sc_hd__clkbuf_2)
     5    0.024621    0.106196    0.115218    2.123667 ^ input3/X (sky130_fd_sc_hd__clkbuf_2)
                                                         net3 (net)
                      0.106200    0.000552    2.124219 ^ _83_/RESET_B (sky130_fd_sc_hd__dfrtp_1)
                                              2.124219   data arrival time

                                  0.000000    0.000000   clock clk (rise edge)
                                  0.000000    0.000000   clock source latency
     1    0.009953    0.038351    0.024965    0.024965 ^ clk (in)
                                                         clk (net)
                      0.038352    0.000000    0.024965 ^ clkbuf_0_clk/A (sky130_fd_sc_hd__clkbuf_16)
     2    0.018709    0.030323    0.085743    0.110708 ^ clkbuf_0_clk/X (sky130_fd_sc_hd__clkbuf_16)
                                                         clknet_0_clk (net)
                      0.030323    0.000189    0.110897 ^ clkbuf_1_1__f_clk/A (sky130_fd_sc_hd__clkbuf_16)
     2    0.006849    0.022261    0.075123    0.186020 ^ clkbuf_1_1__f_clk/X (sky130_fd_sc_hd__clkbuf_16)
                                                         clknet_1_1__leaf_clk (net)
                      0.022262    0.000088    0.186108 ^ _83_/CLK (sky130_fd_sc_hd__dfrtp_1)
                                  0.250000    0.436108   clock uncertainty
                                  0.000000    0.436108   clock reconvergence pessimism
                                  0.215490    0.651598   library removal time
                                              0.651598   data required time
---------------------------------------------------------------------------------------------
                                              0.651598   data required time
                                             -2.124219   data arrival time
---------------------------------------------------------------------------------------------
                                              1.472621   slack (MET)


Startpoint: _83_ (rising edge-triggered flip-flop clocked by clk)
Endpoint: flag (output port clocked by clk)
Path Group: clk
Path Type: min

Fanout         Cap        Slew       Delay        Time   Description
---------------------------------------------------------------------------------------------
                                  0.000000    0.000000   clock clk (rise edge)
                                  0.000000    0.000000   clock source latency
     1    0.009953    0.038351    0.024965    0.024965 ^ clk (in)
                                                         clk (net)
                      0.038352    0.000000    0.024965 ^ clkbuf_0_clk/A (sky130_fd_sc_hd__clkbuf_16)
     2    0.018709    0.030323    0.085743    0.110708 ^ clkbuf_0_clk/X (sky130_fd_sc_hd__clkbuf_16)
                                                         clknet_0_clk (net)
                      0.030323    0.000189    0.110897 ^ clkbuf_1_1__f_clk/A (sky130_fd_sc_hd__clkbuf_16)
     2    0.006849    0.022261    0.075123    0.186020 ^ clkbuf_1_1__f_clk/X (sky130_fd_sc_hd__clkbuf_16)
                                                         clknet_1_1__leaf_clk (net)
                      0.022262    0.000088    0.186108 ^ _83_/CLK (sky130_fd_sc_hd__dfrtp_1)
     1    0.003723    0.036885    0.199190    0.385298 ^ _83_/Q (sky130_fd_sc_hd__dfrtp_1)
                                                         net12 (net)
                      0.036885    0.000055    0.385352 ^ output12/A (sky130_fd_sc_hd__clkbuf_4)
     1    0.034156    0.083935    0.127303    0.512656 ^ output12/X (sky130_fd_sc_hd__clkbuf_4)
                                                         flag (net)
                      0.083936    0.000203    0.512858 ^ flag (out)
                                              0.512858   data arrival time

                                  0.000000    0.000000   clock clk (rise edge)
                                  0.000000    0.000000   clock network delay (propagated)
                                  0.250000    0.250000   clock uncertainty
                                  0.000000    0.250000   clock reconvergence pessimism
                                 -2.000000   -1.750000   output external delay
                                             -1.750000   data required time
---------------------------------------------------------------------------------------------
                                             -1.750000   data required time
                                             -0.512858   data arrival time
---------------------------------------------------------------------------------------------
                                              2.262858   slack (MET)


Startpoint: _82_ (rising edge-triggered flip-flop clocked by clk)
Endpoint: count[3] (output port clocked by clk)
Path Group: clk
Path Type: min

Fanout         Cap        Slew       Delay        Time   Description
---------------------------------------------------------------------------------------------
                                  0.000000    0.000000   clock clk (rise edge)
                                  0.000000    0.000000   clock source latency
     1    0.009953    0.038351    0.024965    0.024965 ^ clk (in)
                                                         clk (net)
                      0.038352    0.000000    0.024965 ^ clkbuf_0_clk/A (sky130_fd_sc_hd__clkbuf_16)
     2    0.018709    0.030323    0.085743    0.110708 ^ clkbuf_0_clk/X (sky130_fd_sc_hd__clkbuf_16)
                                                         clknet_0_clk (net)
                      0.030323    0.000237    0.110945 ^ clkbuf_1_0__f_clk/A (sky130_fd_sc_hd__clkbuf_16)
     3    0.008900    0.023782    0.076718    0.187663 ^ clkbuf_1_0__f_clk/X (sky130_fd_sc_hd__clkbuf_16)
                                                         clknet_1_0__leaf_clk (net)
                      0.023782    0.000046    0.187709 ^ _82_/CLK (sky130_fd_sc_hd__dfrtp_1)
     4    0.014245    0.062491    0.258012    0.445720 v _82_/Q (sky130_fd_sc_hd__dfrtp_1)
                                                         net11 (net)
                      0.062492    0.000183    0.445903 v output11/A (sky130_fd_sc_hd__clkbuf_4)
     1    0.034247    0.056424    0.136311    0.582214 v output11/X (sky130_fd_sc_hd__clkbuf_4)
                                                         count[3] (net)
                      0.056425    0.000269    0.582483 v count[3] (out)
                                              0.582483   data arrival time

                                  0.000000    0.000000   clock clk (rise edge)
                                  0.000000    0.000000   clock network delay (propagated)
                                  0.250000    0.250000   clock uncertainty
                                  0.000000    0.250000   clock reconvergence pessimism
                                 -2.000000   -1.750000   output external delay
                                             -1.750000   data required time
---------------------------------------------------------------------------------------------
                                             -1.750000   data required time
                                             -0.582483   data arrival time
---------------------------------------------------------------------------------------------
                                              2.332483   slack (MET)


Startpoint: _80_ (rising edge-triggered flip-flop clocked by clk)
Endpoint: count[1] (output port clocked by clk)
Path Group: clk
Path Type: min

Fanout         Cap        Slew       Delay        Time   Description
---------------------------------------------------------------------------------------------
                                  0.000000    0.000000   clock clk (rise edge)
                                  0.000000    0.000000   clock source latency
     1    0.009953    0.038351    0.024965    0.024965 ^ clk (in)
                                                         clk (net)
                      0.038352    0.000000    0.024965 ^ clkbuf_0_clk/A (sky130_fd_sc_hd__clkbuf_16)
     2    0.018709    0.030323    0.085743    0.110708 ^ clkbuf_0_clk/X (sky130_fd_sc_hd__clkbuf_16)
                                                         clknet_0_clk (net)
                      0.030323    0.000237    0.110945 ^ clkbuf_1_0__f_clk/A (sky130_fd_sc_hd__clkbuf_16)
     3    0.008900    0.023782    0.076718    0.187663 ^ clkbuf_1_0__f_clk/X (sky130_fd_sc_hd__clkbuf_16)
                                                         clknet_1_0__leaf_clk (net)
                      0.023782    0.000049    0.187712 ^ _80_/CLK (sky130_fd_sc_hd__dfrtp_1)
     5    0.015840    0.067182    0.262427    0.450139 v _80_/Q (sky130_fd_sc_hd__dfrtp_1)
                                                         net9 (net)
                      0.067182    0.000066    0.450205 v output9/A (sky130_fd_sc_hd__clkbuf_4)
     1    0.033913    0.056016    0.137976    0.588181 v output9/X (sky130_fd_sc_hd__clkbuf_4)
                                                         count[1] (net)
                      0.056017    0.000224    0.588405 v count[1] (out)
                                              0.588405   data arrival time

                                  0.000000    0.000000   clock clk (rise edge)
                                  0.000000    0.000000   clock network delay (propagated)
                                  0.250000    0.250000   clock uncertainty
                                  0.000000    0.250000   clock reconvergence pessimism
                                 -2.000000   -1.750000   output external delay
                                             -1.750000   data required time
---------------------------------------------------------------------------------------------
                                             -1.750000   data required time
                                             -0.588405   data arrival time
---------------------------------------------------------------------------------------------
                                              2.338405   slack (MET)


Startpoint: _81_ (rising edge-triggered flip-flop clocked by clk)
Endpoint: count[2] (output port clocked by clk)
Path Group: clk
Path Type: min

Fanout         Cap        Slew       Delay        Time   Description
---------------------------------------------------------------------------------------------
                                  0.000000    0.000000   clock clk (rise edge)
                                  0.000000    0.000000   clock source latency
     1    0.009953    0.038351    0.024965    0.024965 ^ clk (in)
                                                         clk (net)
                      0.038352    0.000000    0.024965 ^ clkbuf_0_clk/A (sky130_fd_sc_hd__clkbuf_16)
     2    0.018709    0.030323    0.085743    0.110708 ^ clkbuf_0_clk/X (sky130_fd_sc_hd__clkbuf_16)
                                                         clknet_0_clk (net)
                      0.030323    0.000237    0.110945 ^ clkbuf_1_0__f_clk/A (sky130_fd_sc_hd__clkbuf_16)
     3    0.008900    0.023782    0.076718    0.187663 ^ clkbuf_1_0__f_clk/X (sky130_fd_sc_hd__clkbuf_16)
                                                         clknet_1_0__leaf_clk (net)
                      0.023782    0.000050    0.187713 ^ _81_/CLK (sky130_fd_sc_hd__dfrtp_2)
     7    0.024397    0.095295    0.263803    0.451515 ^ _81_/Q (sky130_fd_sc_hd__dfrtp_2)
                                                         net10 (net)
                      0.095297    0.000375    0.451890 ^ output10/A (sky130_fd_sc_hd__clkbuf_4)
     1    0.034350    0.084628    0.144317    0.596207 ^ output10/X (sky130_fd_sc_hd__clkbuf_4)
                                                         count[2] (net)
                      0.084630    0.000305    0.596512 ^ count[2] (out)
                                              0.596512   data arrival time

                                  0.000000    0.000000   clock clk (rise edge)
                                  0.000000    0.000000   clock network delay (propagated)
                                  0.250000    0.250000   clock uncertainty
                                  0.000000    0.250000   clock reconvergence pessimism
                                 -2.000000   -1.750000   output external delay
                                             -1.750000   data required time
---------------------------------------------------------------------------------------------
                                             -1.750000   data required time
                                             -0.596512   data arrival time
---------------------------------------------------------------------------------------------
                                              2.346512   slack (MET)


Startpoint: _79_ (rising edge-triggered flip-flop clocked by clk)
Endpoint: count[0] (output port clocked by clk)
Path Group: clk
Path Type: min

Fanout         Cap        Slew       Delay        Time   Description
---------------------------------------------------------------------------------------------
                                  0.000000    0.000000   clock clk (rise edge)
                                  0.000000    0.000000   clock source latency
     1    0.009953    0.038351    0.024965    0.024965 ^ clk (in)
                                                         clk (net)
                      0.038352    0.000000    0.024965 ^ clkbuf_0_clk/A (sky130_fd_sc_hd__clkbuf_16)
     2    0.018709    0.030323    0.085743    0.110708 ^ clkbuf_0_clk/X (sky130_fd_sc_hd__clkbuf_16)
                                                         clknet_0_clk (net)
                      0.030323    0.000189    0.110897 ^ clkbuf_1_1__f_clk/A (sky130_fd_sc_hd__clkbuf_16)
     2    0.006849    0.022261    0.075123    0.186020 ^ clkbuf_1_1__f_clk/X (sky130_fd_sc_hd__clkbuf_16)
                                                         clknet_1_1__leaf_clk (net)
                      0.022262    0.000080    0.186099 ^ _79_/CLK (sky130_fd_sc_hd__dfrtp_4)
     7    0.023659    0.068818    0.276339    0.462438 ^ _79_/Q (sky130_fd_sc_hd__dfrtp_4)
                                                         net8 (net)
                      0.068831    0.000716    0.463155 ^ output8/A (sky130_fd_sc_hd__buf_2)
     1    0.034799    0.129992    0.149077    0.612231 ^ output8/X (sky130_fd_sc_hd__buf_2)
                                                         count[0] (net)
                      0.129993    0.000313    0.612545 ^ count[0] (out)
                                              0.612545   data arrival time

                                  0.000000    0.000000   clock clk (rise edge)
                                  0.000000    0.000000   clock network delay (propagated)
                                  0.250000    0.250000   clock uncertainty
                                  0.000000    0.250000   clock reconvergence pessimism
                                 -2.000000   -1.750000   output external delay
                                             -1.750000   data required time
---------------------------------------------------------------------------------------------
                                             -1.750000   data required time
                                             -0.612545   data arrival time
---------------------------------------------------------------------------------------------
                                              2.362545   slack (MET)



