Reading OpenROAD database at '/root/nixopenlane/openlane2/runs/RUN_2023-11-30_18-20-58/13-openroad-tapendcapinsertion/flex_counter.odb'…
Reading library file at '/root/nixopenlane/openlane2/runs/RUN_2023-11-30_18-20-58/tmp/5c0123153e804a2bbcbe52eecdafca66.lib'…
Reading design constraints file at '/nix/store/igfw5x4x3msz4v61kass8zijavmf330h-python3-3.10.9-env/lib/python3.10/site-packages/openlane/scripts/base.sdc'…
[INFO] Using clock clk…
[INFO] Setting output delay to: 2
[INFO] Setting input delay to: 2
[INFO] Setting load to: 0.033442
[INFO] Setting clock uncertainty to: 0.25
[INFO] Setting clock transition to: 0.1499999999999999944488848768742172978818416595458984375
[INFO] Setting timing derate to: 5%
[WARNING STA-0376] cell 'sky130_fd_sc_hd__a2111oi_0' not found.
[WARNING STA-0376] cell 'sky130_fd_sc_hd__a21boi_0' not found.
[WARNING STA-0376] cell 'sky130_fd_sc_hd__and2_0' not found.
[WARNING STA-0376] cell 'sky130_fd_sc_hd__buf_16' not found.
[WARNING STA-0376] cell 'sky130_fd_sc_hd__clkdlybuf4s15_1' not found.
[WARNING STA-0376] cell 'sky130_fd_sc_hd__clkdlybuf4s18_1' not found.
[WARNING STA-0376] cell 'sky130_fd_sc_hd__fa_4' not found.
[WARNING STA-0376] cell 'sky130_fd_sc_hd__lpflow_bleeder_1' not found.
[WARNING STA-0376] cell 'sky130_fd_sc_hd__lpflow_clkbufkapwr_1' not found.
[WARNING STA-0376] cell 'sky130_fd_sc_hd__lpflow_clkbufkapwr_16' not found.
[WARNING STA-0376] cell 'sky130_fd_sc_hd__lpflow_clkbufkapwr_2' not found.
[WARNING STA-0376] cell 'sky130_fd_sc_hd__lpflow_clkbufkapwr_4' not found.
[WARNING STA-0376] cell 'sky130_fd_sc_hd__lpflow_clkbufkapwr_8' not found.
[WARNING STA-0376] cell 'sky130_fd_sc_hd__lpflow_clkinvkapwr_1' not found.
[WARNING STA-0376] cell 'sky130_fd_sc_hd__lpflow_clkinvkapwr_16' not found.
[WARNING STA-0376] cell 'sky130_fd_sc_hd__lpflow_clkinvkapwr_2' not found.
[WARNING STA-0376] cell 'sky130_fd_sc_hd__lpflow_clkinvkapwr_4' not found.
[WARNING STA-0376] cell 'sky130_fd_sc_hd__lpflow_clkinvkapwr_8' not found.
[WARNING STA-0376] cell 'sky130_fd_sc_hd__lpflow_decapkapwr_12' not found.
[WARNING STA-0376] cell 'sky130_fd_sc_hd__lpflow_decapkapwr_3' not found.
[WARNING STA-0376] cell 'sky130_fd_sc_hd__lpflow_decapkapwr_4' not found.
[WARNING STA-0376] cell 'sky130_fd_sc_hd__lpflow_decapkapwr_6' not found.
[WARNING STA-0376] cell 'sky130_fd_sc_hd__lpflow_decapkapwr_8' not found.
[WARNING STA-0376] cell 'sky130_fd_sc_hd__lpflow_inputiso0n_1' not found.
[WARNING STA-0376] cell 'sky130_fd_sc_hd__lpflow_inputiso0p_1' not found.
[WARNING STA-0376] cell 'sky130_fd_sc_hd__lpflow_inputiso1n_1' not found.
[WARNING STA-0376] cell 'sky130_fd_sc_hd__lpflow_inputiso1p_1' not found.
[WARNING STA-0376] cell 'sky130_fd_sc_hd__lpflow_inputisolatch_1' not found.
[WARNING STA-0376] cell 'sky130_fd_sc_hd__lpflow_isobufsrc_1' not found.
[WARNING STA-0376] cell 'sky130_fd_sc_hd__lpflow_isobufsrc_16' not found.
[WARNING STA-0376] cell 'sky130_fd_sc_hd__lpflow_isobufsrc_2' not found.
[WARNING STA-0376] cell 'sky130_fd_sc_hd__lpflow_isobufsrc_4' not found.
[WARNING STA-0376] cell 'sky130_fd_sc_hd__lpflow_isobufsrc_8' not found.
[WARNING STA-0376] cell 'sky130_fd_sc_hd__lpflow_isobufsrckapwr_16' not found.
[WARNING STA-0376] cell 'sky130_fd_sc_hd__lpflow_lsbuf_lh_hl_isowell_tap_1' not found.
[WARNING STA-0376] cell 'sky130_fd_sc_hd__lpflow_lsbuf_lh_hl_isowell_tap_2' not found.
[WARNING STA-0376] cell 'sky130_fd_sc_hd__lpflow_lsbuf_lh_hl_isowell_tap_4' not found.
[WARNING STA-0376] cell 'sky130_fd_sc_hd__lpflow_lsbuf_lh_isowell_4' not found.
[WARNING STA-0376] cell 'sky130_fd_sc_hd__lpflow_lsbuf_lh_isowell_tap_1' not found.
[WARNING STA-0376] cell 'sky130_fd_sc_hd__lpflow_lsbuf_lh_isowell_tap_2' not found.
[WARNING STA-0376] cell 'sky130_fd_sc_hd__lpflow_lsbuf_lh_isowell_tap_4' not found.
[WARNING STA-0376] cell 'sky130_fd_sc_hd__mux4_4' not found.
[WARNING STA-0376] cell 'sky130_fd_sc_hd__o21ai_0' not found.
[WARNING STA-0376] cell 'sky130_fd_sc_hd__o311ai_0' not found.
[WARNING STA-0376] cell 'sky130_fd_sc_hd__or2_0' not found.
[WARNING STA-0376] cell 'sky130_fd_sc_hd__probe_p_8' not found.
[WARNING STA-0376] cell 'sky130_fd_sc_hd__probec_p_8' not found.
[WARNING STA-0376] cell 'sky130_fd_sc_hd__xor3_1' not found.
[WARNING STA-0376] cell 'sky130_fd_sc_hd__xor3_2' not found.
[WARNING STA-0376] cell 'sky130_fd_sc_hd__xor3_4' not found.
[WARNING STA-0376] cell 'sky130_fd_sc_hd__xnor3_1' not found.
[WARNING STA-0376] cell 'sky130_fd_sc_hd__xnor3_2' not found.
[WARNING STA-0376] cell 'sky130_fd_sc_hd__xnor3_4' not found.
[INFO] Setting RC values…
[INFO] Setting signal min routing layer to: met1 and clock min routing layer to met1. 
[INFO] Setting signal max routing layer to: met5 and clock max routing layer to met5. 
[WARNING GPL-0150] -skip_io will disable timing driven mode.
[WARNING GPL-0151] -skip_io will disable routability driven mode.
[INFO GPL-0002] DBU: 1000
[INFO GPL-0003] SiteSize: 460 2720
[INFO GPL-0004] CoreAreaLxLy: 5520 10880
[INFO GPL-0005] CoreAreaUxUy: 36800 40800
[INFO GPL-0006] NumInstances: 82
[INFO GPL-0007] NumPlaceInstances: 47
[INFO GPL-0008] NumFixedInstances: 35
[INFO GPL-0009] NumDummyInstances: 0
[INFO GPL-0010] NumNets: 55
[INFO GPL-0011] NumPins: 171
[INFO GPL-0012] DieAreaLxLy: 0 0
[INFO GPL-0013] DieAreaUxUy: 42440 53160
[INFO GPL-0014] CoreAreaLxLy: 5520 10880
[INFO GPL-0015] CoreAreaUxUy: 36800 40800
[INFO GPL-0016] CoreArea: 935897600
[INFO GPL-0017] NonPlaceInstsArea: 98844800
[INFO GPL-0018] PlaceInstsArea: 492972800
[INFO GPL-0019] Util(%): 58.89
[INFO GPL-0020] StdInstsArea: 492972800
[INFO GPL-0021] MacroInstsArea: 0
[INFO GPL-0031] FillerInit: NumGCells: 47
[INFO GPL-0032] FillerInit: NumGNets: 55
[INFO GPL-0033] FillerInit: NumGPins: 171
[INFO GPL-0023] TargetDensity: 0.60
[INFO GPL-0024] AveragePlaceInstArea: 10488782
[INFO GPL-0025] IdealBinArea: 17481302
[INFO GPL-0026] IdealBinCnt: 53
[INFO GPL-0027] TotalBinArea: 935897600
[INFO GPL-0028] BinCnt: 4 4
[INFO GPL-0029] BinSize: 7820 7480
[INFO GPL-0030] NumBins: 16
[NesterovSolve] Iter: 1 overflow: 0.718901 HPWL: 124885
[NesterovSolve] Iter: 10 overflow: 0.718901 HPWL: 115119
[NesterovSolve] Iter: 20 overflow: 0.718901 HPWL: 115068
[NesterovSolve] Iter: 30 overflow: 0.718901 HPWL: 115073
[NesterovSolve] Iter: 40 overflow: 0.718901 HPWL: 115082
[NesterovSolve] Iter: 50 overflow: 0.718901 HPWL: 115072
[NesterovSolve] Iter: 60 overflow: 0.718901 HPWL: 115076
[NesterovSolve] Iter: 70 overflow: 0.718901 HPWL: 115096
[NesterovSolve] Iter: 80 overflow: 0.718901 HPWL: 115101
[NesterovSolve] Iter: 90 overflow: 0.718901 HPWL: 115122
[NesterovSolve] Iter: 100 overflow: 0.718901 HPWL: 115175
[NesterovSolve] Iter: 110 overflow: 0.718901 HPWL: 115317
[NesterovSolve] Iter: 120 overflow: 0.718901 HPWL: 115527
[NesterovSolve] Iter: 130 overflow: 0.718901 HPWL: 115914
[NesterovSolve] Iter: 140 overflow: 0.718901 HPWL: 116690
[NesterovSolve] Iter: 150 overflow: 0.714931 HPWL: 118401
[NesterovSolve] Iter: 160 overflow: 0.696764 HPWL: 132096
[NesterovSolve] Iter: 170 overflow: 0.623374 HPWL: 167439
[NesterovSolve] Iter: 180 overflow: 0.582729 HPWL: 211357
[NesterovSolve] Iter: 190 overflow: 0.509512 HPWL: 292607
[NesterovSolve] Iter: 200 overflow: 0.456068 HPWL: 309591
[NesterovSolve] Iter: 210 overflow: 0.409544 HPWL: 338951
[NesterovSolve] Iter: 220 overflow: 0.342773 HPWL: 401472
[NesterovSolve] Iter: 230 overflow: 0.295066 HPWL: 433160
[NesterovSolve] Iter: 240 overflow: 0.255179 HPWL: 455703
[NesterovSolve] Iter: 250 overflow: 0.215367 HPWL: 474077
[NesterovSolve] Iter: 260 overflow: 0.171447 HPWL: 502112
[NesterovSolve] Iter: 270 overflow: 0.118886 HPWL: 509901
[NesterovSolve] Finished with Overflow: 0.097147
[INFO] Setting RC values…
Setting global connections for newly added cells…
[INFO] Setting global connections...
Writing OpenROAD database to '/root/nixopenlane/openlane2/runs/RUN_2023-11-30_18-20-58/14-openroad-globalplacementskipio/flex_counter.odb'…
Writing netlist to '/root/nixopenlane/openlane2/runs/RUN_2023-11-30_18-20-58/14-openroad-globalplacementskipio/flex_counter.nl.v'…
Writing powered netlist to '/root/nixopenlane/openlane2/runs/RUN_2023-11-30_18-20-58/14-openroad-globalplacementskipio/flex_counter.pnl.v'…
Writing layout to '/root/nixopenlane/openlane2/runs/RUN_2023-11-30_18-20-58/14-openroad-globalplacementskipio/flex_counter.def'…
Writing timing constraints to '/root/nixopenlane/openlane2/runs/RUN_2023-11-30_18-20-58/14-openroad-globalplacementskipio/flex_counter.sdc'…
