
===========================================================================
report_checks -path_delay min (Hold)
============================================================================
======================= min_ss_100C_1v60 Corner ===================================

Startpoint: nRST (input port clocked by clk)
Endpoint: _82_ (removal check against rising-edge clock clk)
Path Group: asynchronous
Path Type: min

Fanout         Cap        Slew       Delay        Time   Description
---------------------------------------------------------------------------------------------
                                  0.000000    0.000000   clock clk (rise edge)
                                  0.000000    0.000000   clock network delay (propagated)
                                  2.000000    2.000000 ^ input external delay
     1    0.003209    0.034976    0.017931    2.017931 ^ nRST (in)
                                                         nRST (net)
                      0.034976    0.000000    2.017931 ^ input3/A (sky130_fd_sc_hd__clkbuf_2)
     5    0.022847    0.202303    0.272493    2.290424 ^ input3/X (sky130_fd_sc_hd__clkbuf_2)
                                                         net3 (net)
                      0.202303    0.000096    2.290520 ^ _82_/RESET_B (sky130_fd_sc_hd__dfrtp_1)
                                              2.290520   data arrival time

                                  0.000000    0.000000   clock clk (rise edge)
                                  0.000000    0.000000   clock source latency
     1    0.009884    0.080316    0.051812    0.051812 ^ clk (in)
                                                         clk (net)
                      0.080316    0.000000    0.051812 ^ clkbuf_0_clk/A (sky130_fd_sc_hd__clkbuf_16)
     2    0.018571    0.065647    0.224223    0.276035 ^ clkbuf_0_clk/X (sky130_fd_sc_hd__clkbuf_16)
                                                         clknet_0_clk (net)
                      0.065647    0.000235    0.276270 ^ clkbuf_1_0__f_clk/A (sky130_fd_sc_hd__clkbuf_16)
     3    0.008353    0.052287    0.202523    0.478793 ^ clkbuf_1_0__f_clk/X (sky130_fd_sc_hd__clkbuf_16)
                                                         clknet_1_0__leaf_clk (net)
                      0.052287    0.000043    0.478836 ^ _82_/CLK (sky130_fd_sc_hd__dfrtp_1)
                                  0.250000    0.728836   clock uncertainty
                                  0.000000    0.728836   clock reconvergence pessimism
                                  0.692772    1.421607   library removal time
                                              1.421607   data required time
---------------------------------------------------------------------------------------------
                                              1.421607   data required time
                                             -2.290520   data arrival time
---------------------------------------------------------------------------------------------
                                              0.868912   slack (MET)


Startpoint: nRST (input port clocked by clk)
Endpoint: _80_ (removal check against rising-edge clock clk)
Path Group: asynchronous
Path Type: min

Fanout         Cap        Slew       Delay        Time   Description
---------------------------------------------------------------------------------------------
                                  0.000000    0.000000   clock clk (rise edge)
                                  0.000000    0.000000   clock network delay (propagated)
                                  2.000000    2.000000 ^ input external delay
     1    0.003209    0.034976    0.017931    2.017931 ^ nRST (in)
                                                         nRST (net)
                      0.034976    0.000000    2.017931 ^ input3/A (sky130_fd_sc_hd__clkbuf_2)
     5    0.022847    0.202303    0.272493    2.290424 ^ input3/X (sky130_fd_sc_hd__clkbuf_2)
                                                         net3 (net)
                      0.202304    0.000381    2.290805 ^ _80_/RESET_B (sky130_fd_sc_hd__dfrtp_1)
                                              2.290805   data arrival time

                                  0.000000    0.000000   clock clk (rise edge)
                                  0.000000    0.000000   clock source latency
     1    0.009884    0.080316    0.051812    0.051812 ^ clk (in)
                                                         clk (net)
                      0.080316    0.000000    0.051812 ^ clkbuf_0_clk/A (sky130_fd_sc_hd__clkbuf_16)
     2    0.018571    0.065647    0.224223    0.276035 ^ clkbuf_0_clk/X (sky130_fd_sc_hd__clkbuf_16)
                                                         clknet_0_clk (net)
                      0.065647    0.000235    0.276270 ^ clkbuf_1_0__f_clk/A (sky130_fd_sc_hd__clkbuf_16)
     3    0.008353    0.052287    0.202523    0.478793 ^ clkbuf_1_0__f_clk/X (sky130_fd_sc_hd__clkbuf_16)
                                                         clknet_1_0__leaf_clk (net)
                      0.052287    0.000046    0.478839 ^ _80_/CLK (sky130_fd_sc_hd__dfrtp_1)
                                  0.250000    0.728839   clock uncertainty
                                  0.000000    0.728839   clock reconvergence pessimism
                                  0.692772    1.421611   library removal time
                                              1.421611   data required time
---------------------------------------------------------------------------------------------
                                              1.421611   data required time
                                             -2.290805   data arrival time
---------------------------------------------------------------------------------------------
                                              0.869195   slack (MET)


Startpoint: nRST (input port clocked by clk)
Endpoint: _81_ (removal check against rising-edge clock clk)
Path Group: asynchronous
Path Type: min

Fanout         Cap        Slew       Delay        Time   Description
---------------------------------------------------------------------------------------------
                                  0.000000    0.000000   clock clk (rise edge)
                                  0.000000    0.000000   clock network delay (propagated)
                                  2.000000    2.000000 ^ input external delay
     1    0.003209    0.034976    0.017931    2.017931 ^ nRST (in)
                                                         nRST (net)
                      0.034976    0.000000    2.017931 ^ input3/A (sky130_fd_sc_hd__clkbuf_2)
     5    0.022847    0.202303    0.272493    2.290424 ^ input3/X (sky130_fd_sc_hd__clkbuf_2)
                                                         net3 (net)
                      0.202304    0.000402    2.290826 ^ _81_/RESET_B (sky130_fd_sc_hd__dfrtp_2)
                                              2.290826   data arrival time

                                  0.000000    0.000000   clock clk (rise edge)
                                  0.000000    0.000000   clock source latency
     1    0.009884    0.080316    0.051812    0.051812 ^ clk (in)
                                                         clk (net)
                      0.080316    0.000000    0.051812 ^ clkbuf_0_clk/A (sky130_fd_sc_hd__clkbuf_16)
     2    0.018571    0.065647    0.224223    0.276035 ^ clkbuf_0_clk/X (sky130_fd_sc_hd__clkbuf_16)
                                                         clknet_0_clk (net)
                      0.065647    0.000235    0.276270 ^ clkbuf_1_0__f_clk/A (sky130_fd_sc_hd__clkbuf_16)
     3    0.008353    0.052287    0.202523    0.478793 ^ clkbuf_1_0__f_clk/X (sky130_fd_sc_hd__clkbuf_16)
                                                         clknet_1_0__leaf_clk (net)
                      0.052287    0.000047    0.478840 ^ _81_/CLK (sky130_fd_sc_hd__dfrtp_2)
                                  0.250000    0.728840   clock uncertainty
                                  0.000000    0.728840   clock reconvergence pessimism
                                  0.692635    1.421475   library removal time
                                              1.421475   data required time
---------------------------------------------------------------------------------------------
                                              1.421475   data required time
                                             -2.290826   data arrival time
---------------------------------------------------------------------------------------------
                                              0.869350   slack (MET)


Startpoint: nRST (input port clocked by clk)
Endpoint: _79_ (removal check against rising-edge clock clk)
Path Group: asynchronous
Path Type: min

Fanout         Cap        Slew       Delay        Time   Description
---------------------------------------------------------------------------------------------
                                  0.000000    0.000000   clock clk (rise edge)
                                  0.000000    0.000000   clock network delay (propagated)
                                  2.000000    2.000000 ^ input external delay
     1    0.003209    0.034976    0.017931    2.017931 ^ nRST (in)
                                                         nRST (net)
                      0.034976    0.000000    2.017931 ^ input3/A (sky130_fd_sc_hd__clkbuf_2)
     5    0.022847    0.202303    0.272493    2.290424 ^ input3/X (sky130_fd_sc_hd__clkbuf_2)
                                                         net3 (net)
                      0.202304    0.000492    2.290916 ^ _79_/RESET_B (sky130_fd_sc_hd__dfrtp_4)
                                              2.290916   data arrival time

                                  0.000000    0.000000   clock clk (rise edge)
                                  0.000000    0.000000   clock source latency
     1    0.009884    0.080316    0.051812    0.051812 ^ clk (in)
                                                         clk (net)
                      0.080316    0.000000    0.051812 ^ clkbuf_0_clk/A (sky130_fd_sc_hd__clkbuf_16)
     2    0.018571    0.065647    0.224223    0.276035 ^ clkbuf_0_clk/X (sky130_fd_sc_hd__clkbuf_16)
                                                         clknet_0_clk (net)
                      0.065647    0.000187    0.276222 ^ clkbuf_1_1__f_clk/A (sky130_fd_sc_hd__clkbuf_16)
     2    0.006512    0.049854    0.199024    0.475246 ^ clkbuf_1_1__f_clk/X (sky130_fd_sc_hd__clkbuf_16)
                                                         clknet_1_1__leaf_clk (net)
                      0.049854    0.000075    0.475322 ^ _79_/CLK (sky130_fd_sc_hd__dfrtp_4)
                                  0.250000    0.725321   clock uncertainty
                                  0.000000    0.725321   clock reconvergence pessimism
                                  0.693705    1.419026   library removal time
                                              1.419026   data required time
---------------------------------------------------------------------------------------------
                                              1.419026   data required time
                                             -2.290916   data arrival time
---------------------------------------------------------------------------------------------
                                              0.871890   slack (MET)


Startpoint: nRST (input port clocked by clk)
Endpoint: _83_ (removal check against rising-edge clock clk)
Path Group: asynchronous
Path Type: min

Fanout         Cap        Slew       Delay        Time   Description
---------------------------------------------------------------------------------------------
                                  0.000000    0.000000   clock clk (rise edge)
                                  0.000000    0.000000   clock network delay (propagated)
                                  2.000000    2.000000 ^ input external delay
     1    0.003209    0.034976    0.017931    2.017931 ^ nRST (in)
                                                         nRST (net)
                      0.034976    0.000000    2.017931 ^ input3/A (sky130_fd_sc_hd__clkbuf_2)
     5    0.022847    0.202303    0.272493    2.290424 ^ input3/X (sky130_fd_sc_hd__clkbuf_2)
                                                         net3 (net)
                      0.202304    0.000512    2.290935 ^ _83_/RESET_B (sky130_fd_sc_hd__dfrtp_1)
                                              2.290935   data arrival time

                                  0.000000    0.000000   clock clk (rise edge)
                                  0.000000    0.000000   clock source latency
     1    0.009884    0.080316    0.051812    0.051812 ^ clk (in)
                                                         clk (net)
                      0.080316    0.000000    0.051812 ^ clkbuf_0_clk/A (sky130_fd_sc_hd__clkbuf_16)
     2    0.018571    0.065647    0.224223    0.276035 ^ clkbuf_0_clk/X (sky130_fd_sc_hd__clkbuf_16)
                                                         clknet_0_clk (net)
                      0.065647    0.000187    0.276222 ^ clkbuf_1_1__f_clk/A (sky130_fd_sc_hd__clkbuf_16)
     2    0.006512    0.049854    0.199024    0.475246 ^ clkbuf_1_1__f_clk/X (sky130_fd_sc_hd__clkbuf_16)
                                                         clknet_1_1__leaf_clk (net)
                      0.049854    0.000083    0.475330 ^ _83_/CLK (sky130_fd_sc_hd__dfrtp_1)
                                  0.250000    0.725330   clock uncertainty
                                  0.000000    0.725330   clock reconvergence pessimism
                                  0.692040    1.417369   library removal time
                                              1.417369   data required time
---------------------------------------------------------------------------------------------
                                              1.417369   data required time
                                             -2.290935   data arrival time
---------------------------------------------------------------------------------------------
                                              0.873566   slack (MET)


Startpoint: _81_ (rising edge-triggered flip-flop clocked by clk)
Endpoint: _81_ (rising edge-triggered flip-flop clocked by clk)
Path Group: clk
Path Type: min

Fanout         Cap        Slew       Delay        Time   Description
---------------------------------------------------------------------------------------------
                                  0.000000    0.000000   clock clk (rise edge)
                                  0.000000    0.000000   clock source latency
     1    0.009884    0.080316    0.051812    0.051812 ^ clk (in)
                                                         clk (net)
                      0.080316    0.000000    0.051812 ^ clkbuf_0_clk/A (sky130_fd_sc_hd__clkbuf_16)
     2    0.018571    0.065647    0.224223    0.276035 ^ clkbuf_0_clk/X (sky130_fd_sc_hd__clkbuf_16)
                                                         clknet_0_clk (net)
                      0.065647    0.000235    0.276270 ^ clkbuf_1_0__f_clk/A (sky130_fd_sc_hd__clkbuf_16)
     3    0.008353    0.052287    0.202523    0.478793 ^ clkbuf_1_0__f_clk/X (sky130_fd_sc_hd__clkbuf_16)
                                                         clknet_1_0__leaf_clk (net)
                      0.052287    0.000047    0.478840 ^ _81_/CLK (sky130_fd_sc_hd__dfrtp_2)
     7    0.024039    0.211069    0.810266    1.289106 ^ _81_/Q (sky130_fd_sc_hd__dfrtp_2)
                                                         net10 (net)
                      0.211069    0.000099    1.289205 ^ _67_/A1 (sky130_fd_sc_hd__o211a_1)
     2    0.008147    0.135586    0.427318    1.716523 ^ _67_/X (sky130_fd_sc_hd__o211a_1)
                                                         next_count[2] (net)
                      0.135586    0.000057    1.716580 ^ _81_/D (sky130_fd_sc_hd__dfrtp_2)
                                              1.716580   data arrival time

                                  0.000000    0.000000   clock clk (rise edge)
                                  0.000000    0.000000   clock source latency
     1    0.009884    0.080316    0.051812    0.051812 ^ clk (in)
                                                         clk (net)
                      0.080316    0.000000    0.051812 ^ clkbuf_0_clk/A (sky130_fd_sc_hd__clkbuf_16)
     2    0.018571    0.065647    0.224223    0.276035 ^ clkbuf_0_clk/X (sky130_fd_sc_hd__clkbuf_16)
                                                         clknet_0_clk (net)
                      0.065647    0.000235    0.276270 ^ clkbuf_1_0__f_clk/A (sky130_fd_sc_hd__clkbuf_16)
     3    0.008353    0.052287    0.202523    0.478793 ^ clkbuf_1_0__f_clk/X (sky130_fd_sc_hd__clkbuf_16)
                                                         clknet_1_0__leaf_clk (net)
                      0.052287    0.000047    0.478840 ^ _81_/CLK (sky130_fd_sc_hd__dfrtp_2)
                                  0.250000    0.728840   clock uncertainty
                                  0.000000    0.728840   clock reconvergence pessimism
                                 -0.094732    0.634108   library hold time
                                              0.634108   data required time
---------------------------------------------------------------------------------------------
                                              0.634108   data required time
                                             -1.716580   data arrival time
---------------------------------------------------------------------------------------------
                                              1.082472   slack (MET)


Startpoint: _82_ (rising edge-triggered flip-flop clocked by clk)
Endpoint: _82_ (rising edge-triggered flip-flop clocked by clk)
Path Group: clk
Path Type: min

Fanout         Cap        Slew       Delay        Time   Description
---------------------------------------------------------------------------------------------
                                  0.000000    0.000000   clock clk (rise edge)
                                  0.000000    0.000000   clock source latency
     1    0.009884    0.080316    0.051812    0.051812 ^ clk (in)
                                                         clk (net)
                      0.080316    0.000000    0.051812 ^ clkbuf_0_clk/A (sky130_fd_sc_hd__clkbuf_16)
     2    0.018571    0.065647    0.224223    0.276035 ^ clkbuf_0_clk/X (sky130_fd_sc_hd__clkbuf_16)
                                                         clknet_0_clk (net)
                      0.065647    0.000235    0.276270 ^ clkbuf_1_0__f_clk/A (sky130_fd_sc_hd__clkbuf_16)
     3    0.008353    0.052287    0.202523    0.478793 ^ clkbuf_1_0__f_clk/X (sky130_fd_sc_hd__clkbuf_16)
                                                         clknet_1_0__leaf_clk (net)
                      0.052287    0.000043    0.478836 ^ _82_/CLK (sky130_fd_sc_hd__dfrtp_1)
     4    0.014939    0.224950    0.758908    1.237743 ^ _82_/Q (sky130_fd_sc_hd__dfrtp_1)
                                                         net11 (net)
                      0.224950    0.000134    1.237877 ^ _68_/B1 (sky130_fd_sc_hd__a21o_1)
     1    0.002472    0.056461    0.198456    1.436333 ^ _68_/X (sky130_fd_sc_hd__a21o_1)
                                                         _28_ (net)
                      0.056461    0.000026    1.436360 ^ _69_/C (sky130_fd_sc_hd__and3_1)
     1    0.003347    0.093717    0.305407    1.741766 ^ _69_/X (sky130_fd_sc_hd__and3_1)
                                                         _29_ (net)
                      0.093717    0.000043    1.741809 ^ _70_/A (sky130_fd_sc_hd__buf_1)
     2    0.008592    0.175622    0.236521    1.978330 ^ _70_/X (sky130_fd_sc_hd__buf_1)
                                                         next_count[3] (net)
                      0.175622    0.000058    1.978388 ^ _82_/D (sky130_fd_sc_hd__dfrtp_1)
                                              1.978388   data arrival time

                                  0.000000    0.000000   clock clk (rise edge)
                                  0.000000    0.000000   clock source latency
     1    0.009884    0.080316    0.051812    0.051812 ^ clk (in)
                                                         clk (net)
                      0.080316    0.000000    0.051812 ^ clkbuf_0_clk/A (sky130_fd_sc_hd__clkbuf_16)
     2    0.018571    0.065647    0.224223    0.276035 ^ clkbuf_0_clk/X (sky130_fd_sc_hd__clkbuf_16)
                                                         clknet_0_clk (net)
                      0.065647    0.000235    0.276270 ^ clkbuf_1_0__f_clk/A (sky130_fd_sc_hd__clkbuf_16)
     3    0.008353    0.052287    0.202523    0.478793 ^ clkbuf_1_0__f_clk/X (sky130_fd_sc_hd__clkbuf_16)
                                                         clknet_1_0__leaf_clk (net)
                      0.052287    0.000043    0.478836 ^ _82_/CLK (sky130_fd_sc_hd__dfrtp_1)
                                  0.250000    0.728836   clock uncertainty
                                  0.000000    0.728836   clock reconvergence pessimism
                                 -0.103965    0.624871   library hold time
                                              0.624871   data required time
---------------------------------------------------------------------------------------------
                                              0.624871   data required time
                                             -1.978388   data arrival time
---------------------------------------------------------------------------------------------
                                              1.353517   slack (MET)


Startpoint: _79_ (rising edge-triggered flip-flop clocked by clk)
Endpoint: _79_ (rising edge-triggered flip-flop clocked by clk)
Path Group: clk
Path Type: min

Fanout         Cap        Slew       Delay        Time   Description
---------------------------------------------------------------------------------------------
                                  0.000000    0.000000   clock clk (rise edge)
                                  0.000000    0.000000   clock source latency
     1    0.009884    0.080316    0.051812    0.051812 ^ clk (in)
                                                         clk (net)
                      0.080316    0.000000    0.051812 ^ clkbuf_0_clk/A (sky130_fd_sc_hd__clkbuf_16)
     2    0.018571    0.065647    0.224223    0.276035 ^ clkbuf_0_clk/X (sky130_fd_sc_hd__clkbuf_16)
                                                         clknet_0_clk (net)
                      0.065647    0.000187    0.276222 ^ clkbuf_1_1__f_clk/A (sky130_fd_sc_hd__clkbuf_16)
     2    0.006512    0.049854    0.199024    0.475246 ^ clkbuf_1_1__f_clk/X (sky130_fd_sc_hd__clkbuf_16)
                                                         clknet_1_1__leaf_clk (net)
                      0.049854    0.000075    0.475322 ^ _79_/CLK (sky130_fd_sc_hd__dfrtp_4)
     7    0.022991    0.172868    0.879677    1.354998 ^ _79_/Q (sky130_fd_sc_hd__dfrtp_4)
                                                         net8 (net)
                      0.172870    0.000519    1.355517 ^ _57_/A1 (sky130_fd_sc_hd__o21a_1)
     3    0.008565    0.149272    0.337390    1.692907 ^ _57_/X (sky130_fd_sc_hd__o21a_1)
                                                         _20_ (net)
                      0.149272    0.000102    1.693009 ^ _58_/B (sky130_fd_sc_hd__and2_1)
     1    0.003873    0.093370    0.269481    1.962490 ^ _58_/X (sky130_fd_sc_hd__and2_1)
                                                         _21_ (net)
                      0.093370    0.000060    1.962549 ^ _59_/A (sky130_fd_sc_hd__clkbuf_1)
     1    0.002477    0.067114    0.155935    2.118485 ^ _59_/X (sky130_fd_sc_hd__clkbuf_1)
                                                         next_count[0] (net)
                      0.067114    0.000024    2.118508 ^ _79_/D (sky130_fd_sc_hd__dfrtp_4)
                                              2.118508   data arrival time

                                  0.000000    0.000000   clock clk (rise edge)
                                  0.000000    0.000000   clock source latency
     1    0.009884    0.080316    0.051812    0.051812 ^ clk (in)
                                                         clk (net)
                      0.080316    0.000000    0.051812 ^ clkbuf_0_clk/A (sky130_fd_sc_hd__clkbuf_16)
     2    0.018571    0.065647    0.224223    0.276035 ^ clkbuf_0_clk/X (sky130_fd_sc_hd__clkbuf_16)
                                                         clknet_0_clk (net)
                      0.065647    0.000187    0.276222 ^ clkbuf_1_1__f_clk/A (sky130_fd_sc_hd__clkbuf_16)
     2    0.006512    0.049854    0.199024    0.475246 ^ clkbuf_1_1__f_clk/X (sky130_fd_sc_hd__clkbuf_16)
                                                         clknet_1_1__leaf_clk (net)
                      0.049854    0.000075    0.475322 ^ _79_/CLK (sky130_fd_sc_hd__dfrtp_4)
                                  0.250000    0.725321   clock uncertainty
                                  0.000000    0.725321   clock reconvergence pessimism
                                 -0.081388    0.643933   library hold time
                                              0.643933   data required time
---------------------------------------------------------------------------------------------
                                              0.643933   data required time
                                             -2.118508   data arrival time
---------------------------------------------------------------------------------------------
                                              1.474575   slack (MET)


Startpoint: _80_ (rising edge-triggered flip-flop clocked by clk)
Endpoint: _80_ (rising edge-triggered flip-flop clocked by clk)
Path Group: clk
Path Type: min

Fanout         Cap        Slew       Delay        Time   Description
---------------------------------------------------------------------------------------------
                                  0.000000    0.000000   clock clk (rise edge)
                                  0.000000    0.000000   clock source latency
     1    0.009884    0.080316    0.051812    0.051812 ^ clk (in)
                                                         clk (net)
                      0.080316    0.000000    0.051812 ^ clkbuf_0_clk/A (sky130_fd_sc_hd__clkbuf_16)
     2    0.018571    0.065647    0.224223    0.276035 ^ clkbuf_0_clk/X (sky130_fd_sc_hd__clkbuf_16)
                                                         clknet_0_clk (net)
                      0.065647    0.000235    0.276270 ^ clkbuf_1_0__f_clk/A (sky130_fd_sc_hd__clkbuf_16)
     3    0.008353    0.052287    0.202523    0.478793 ^ clkbuf_1_0__f_clk/X (sky130_fd_sc_hd__clkbuf_16)
                                                         clknet_1_0__leaf_clk (net)
                      0.052287    0.000046    0.478839 ^ _80_/CLK (sky130_fd_sc_hd__dfrtp_1)
     5    0.016053    0.244959    0.769593    1.248432 ^ _80_/Q (sky130_fd_sc_hd__dfrtp_1)
                                                         net9 (net)
                      0.244959    0.000063    1.248495 ^ _61_/B1 (sky130_fd_sc_hd__a21oi_1)
     1    0.002838    0.080152    0.134145    1.382640 v _61_/Y (sky130_fd_sc_hd__a21oi_1)
                                                         _23_ (net)
                      0.080152    0.000018    1.382658 v _63_/A (sky130_fd_sc_hd__nor2_1)
     1    0.002673    0.129040    0.167134    1.549792 ^ _63_/Y (sky130_fd_sc_hd__nor2_1)
                                                         _25_ (net)
                      0.129040    0.000026    1.549818 ^ _64_/C (sky130_fd_sc_hd__and3_1)
     1    0.003541    0.096153    0.333426    1.883244 ^ _64_/X (sky130_fd_sc_hd__and3_1)
                                                         _26_ (net)
                      0.096153    0.000046    1.883289 ^ _65_/A (sky130_fd_sc_hd__buf_1)
     2    0.007624    0.158143    0.224948    2.108238 ^ _65_/X (sky130_fd_sc_hd__buf_1)
                                                         next_count[1] (net)
                      0.158143    0.000050    2.108287 ^ _80_/D (sky130_fd_sc_hd__dfrtp_1)
                                              2.108287   data arrival time

                                  0.000000    0.000000   clock clk (rise edge)
                                  0.000000    0.000000   clock source latency
     1    0.009884    0.080316    0.051812    0.051812 ^ clk (in)
                                                         clk (net)
                      0.080316    0.000000    0.051812 ^ clkbuf_0_clk/A (sky130_fd_sc_hd__clkbuf_16)
     2    0.018571    0.065647    0.224223    0.276035 ^ clkbuf_0_clk/X (sky130_fd_sc_hd__clkbuf_16)
                                                         clknet_0_clk (net)
                      0.065647    0.000235    0.276270 ^ clkbuf_1_0__f_clk/A (sky130_fd_sc_hd__clkbuf_16)
     3    0.008353    0.052287    0.202523    0.478793 ^ clkbuf_1_0__f_clk/X (sky130_fd_sc_hd__clkbuf_16)
                                                         clknet_1_0__leaf_clk (net)
                      0.052287    0.000046    0.478839 ^ _80_/CLK (sky130_fd_sc_hd__dfrtp_1)
                                  0.250000    0.728839   clock uncertainty
                                  0.000000    0.728839   clock reconvergence pessimism
                                 -0.099973    0.628865   library hold time
                                              0.628865   data required time
---------------------------------------------------------------------------------------------
                                              0.628865   data required time
                                             -2.108287   data arrival time
---------------------------------------------------------------------------------------------
                                              1.479422   slack (MET)


Startpoint: _81_ (rising edge-triggered flip-flop clocked by clk)
Endpoint: _83_ (rising edge-triggered flip-flop clocked by clk)
Path Group: clk
Path Type: min

Fanout         Cap        Slew       Delay        Time   Description
---------------------------------------------------------------------------------------------
                                  0.000000    0.000000   clock clk (rise edge)
                                  0.000000    0.000000   clock source latency
     1    0.009884    0.080316    0.051812    0.051812 ^ clk (in)
                                                         clk (net)
                      0.080316    0.000000    0.051812 ^ clkbuf_0_clk/A (sky130_fd_sc_hd__clkbuf_16)
     2    0.018571    0.065647    0.224223    0.276035 ^ clkbuf_0_clk/X (sky130_fd_sc_hd__clkbuf_16)
                                                         clknet_0_clk (net)
                      0.065647    0.000235    0.276270 ^ clkbuf_1_0__f_clk/A (sky130_fd_sc_hd__clkbuf_16)
     3    0.008353    0.052287    0.202523    0.478793 ^ clkbuf_1_0__f_clk/X (sky130_fd_sc_hd__clkbuf_16)
                                                         clknet_1_0__leaf_clk (net)
                      0.052287    0.000047    0.478840 ^ _81_/CLK (sky130_fd_sc_hd__dfrtp_2)
     7    0.024039    0.211069    0.810266    1.289106 ^ _81_/Q (sky130_fd_sc_hd__dfrtp_2)
                                                         net10 (net)
                      0.211069    0.000099    1.289205 ^ _67_/A1 (sky130_fd_sc_hd__o211a_1)
     2    0.008147    0.135586    0.427318    1.716523 ^ _67_/X (sky130_fd_sc_hd__o211a_1)
                                                         next_count[2] (net)
                      0.135586    0.000109    1.716632 ^ _74_/B (sky130_fd_sc_hd__xnor2_1)
     1    0.003272    0.080370    0.147348    1.863980 v _74_/Y (sky130_fd_sc_hd__xnor2_1)
                                                         _33_ (net)
                      0.080370    0.000026    1.864006 v _77_/B1 (sky130_fd_sc_hd__o2111ai_1)
     1    0.003632    0.103709    0.152518    2.016524 ^ _77_/Y (sky130_fd_sc_hd__o2111ai_1)
                                                         _36_ (net)
                      0.103709    0.000045    2.016569 ^ _78_/A2 (sky130_fd_sc_hd__a21oi_1)
     1    0.002800    0.075794    0.141460    2.158029 v _78_/Y (sky130_fd_sc_hd__a21oi_1)
                                                         next_flag (net)
                      0.075794    0.000033    2.158062 v _83_/D (sky130_fd_sc_hd__dfrtp_1)
                                              2.158062   data arrival time

                                  0.000000    0.000000   clock clk (rise edge)
                                  0.000000    0.000000   clock source latency
     1    0.009884    0.080316    0.051812    0.051812 ^ clk (in)
                                                         clk (net)
                      0.080316    0.000000    0.051812 ^ clkbuf_0_clk/A (sky130_fd_sc_hd__clkbuf_16)
     2    0.018571    0.065647    0.224223    0.276035 ^ clkbuf_0_clk/X (sky130_fd_sc_hd__clkbuf_16)
                                                         clknet_0_clk (net)
                      0.065647    0.000187    0.276222 ^ clkbuf_1_1__f_clk/A (sky130_fd_sc_hd__clkbuf_16)
     2    0.006512    0.049854    0.199024    0.475246 ^ clkbuf_1_1__f_clk/X (sky130_fd_sc_hd__clkbuf_16)
                                                         clknet_1_1__leaf_clk (net)
                      0.049854    0.000083    0.475330 ^ _83_/CLK (sky130_fd_sc_hd__dfrtp_1)
                                  0.250000    0.725330   clock uncertainty
                                  0.000000    0.725330   clock reconvergence pessimism
                                 -0.104283    0.621047   library hold time
                                              0.621047   data required time
---------------------------------------------------------------------------------------------
                                              0.621047   data required time
                                             -2.158062   data arrival time
---------------------------------------------------------------------------------------------
                                              1.537016   slack (MET)


Startpoint: _83_ (rising edge-triggered flip-flop clocked by clk)
Endpoint: flag (output port clocked by clk)
Path Group: clk
Path Type: min

Fanout         Cap        Slew       Delay        Time   Description
---------------------------------------------------------------------------------------------
                                  0.000000    0.000000   clock clk (rise edge)
                                  0.000000    0.000000   clock source latency
     1    0.009884    0.080316    0.051812    0.051812 ^ clk (in)
                                                         clk (net)
                      0.080316    0.000000    0.051812 ^ clkbuf_0_clk/A (sky130_fd_sc_hd__clkbuf_16)
     2    0.018571    0.065647    0.224223    0.276035 ^ clkbuf_0_clk/X (sky130_fd_sc_hd__clkbuf_16)
                                                         clknet_0_clk (net)
                      0.065647    0.000187    0.276222 ^ clkbuf_1_1__f_clk/A (sky130_fd_sc_hd__clkbuf_16)
     2    0.006512    0.049854    0.199024    0.475246 ^ clkbuf_1_1__f_clk/X (sky130_fd_sc_hd__clkbuf_16)
                                                         clknet_1_1__leaf_clk (net)
                      0.049854    0.000083    0.475330 ^ _83_/CLK (sky130_fd_sc_hd__dfrtp_1)
     1    0.003685    0.089181    0.637595    1.112925 ^ _83_/Q (sky130_fd_sc_hd__dfrtp_1)
                                                         net12 (net)
                      0.089181    0.000054    1.112979 ^ output12/A (sky130_fd_sc_hd__clkbuf_4)
     1    0.034156    0.179062    0.337208    1.450187 ^ output12/X (sky130_fd_sc_hd__clkbuf_4)
                                                         flag (net)
                      0.179062    0.000203    1.450390 ^ flag (out)
                                              1.450390   data arrival time

                                  0.000000    0.000000   clock clk (rise edge)
                                  0.000000    0.000000   clock network delay (propagated)
                                  0.250000    0.250000   clock uncertainty
                                  0.000000    0.250000   clock reconvergence pessimism
                                 -2.000000   -1.750000   output external delay
                                             -1.750000   data required time
---------------------------------------------------------------------------------------------
                                             -1.750000   data required time
                                             -1.450390   data arrival time
---------------------------------------------------------------------------------------------
                                              3.200390   slack (MET)


Startpoint: _82_ (rising edge-triggered flip-flop clocked by clk)
Endpoint: count[3] (output port clocked by clk)
Path Group: clk
Path Type: min

Fanout         Cap        Slew       Delay        Time   Description
---------------------------------------------------------------------------------------------
                                  0.000000    0.000000   clock clk (rise edge)
                                  0.000000    0.000000   clock source latency
     1    0.009884    0.080316    0.051812    0.051812 ^ clk (in)
                                                         clk (net)
                      0.080316    0.000000    0.051812 ^ clkbuf_0_clk/A (sky130_fd_sc_hd__clkbuf_16)
     2    0.018571    0.065647    0.224223    0.276035 ^ clkbuf_0_clk/X (sky130_fd_sc_hd__clkbuf_16)
                                                         clknet_0_clk (net)
                      0.065647    0.000235    0.276270 ^ clkbuf_1_0__f_clk/A (sky130_fd_sc_hd__clkbuf_16)
     3    0.008353    0.052287    0.202523    0.478793 ^ clkbuf_1_0__f_clk/X (sky130_fd_sc_hd__clkbuf_16)
                                                         clknet_1_0__leaf_clk (net)
                      0.052287    0.000043    0.478836 ^ _82_/CLK (sky130_fd_sc_hd__dfrtp_1)
     4    0.014939    0.224950    0.758908    1.237743 ^ _82_/Q (sky130_fd_sc_hd__dfrtp_1)
                                                         net11 (net)
                      0.224950    0.000192    1.237936 ^ output11/A (sky130_fd_sc_hd__clkbuf_4)
     1    0.034247    0.179474    0.400326    1.638262 ^ output11/X (sky130_fd_sc_hd__clkbuf_4)
                                                         count[3] (net)
                      0.179475    0.000269    1.638531 ^ count[3] (out)
                                              1.638531   data arrival time

                                  0.000000    0.000000   clock clk (rise edge)
                                  0.000000    0.000000   clock network delay (propagated)
                                  0.250000    0.250000   clock uncertainty
                                  0.000000    0.250000   clock reconvergence pessimism
                                 -2.000000   -1.750000   output external delay
                                             -1.750000   data required time
---------------------------------------------------------------------------------------------
                                             -1.750000   data required time
                                             -1.638531   data arrival time
---------------------------------------------------------------------------------------------
                                              3.388531   slack (MET)


Startpoint: _80_ (rising edge-triggered flip-flop clocked by clk)
Endpoint: count[1] (output port clocked by clk)
Path Group: clk
Path Type: min

Fanout         Cap        Slew       Delay        Time   Description
---------------------------------------------------------------------------------------------
                                  0.000000    0.000000   clock clk (rise edge)
                                  0.000000    0.000000   clock source latency
     1    0.009884    0.080316    0.051812    0.051812 ^ clk (in)
                                                         clk (net)
                      0.080316    0.000000    0.051812 ^ clkbuf_0_clk/A (sky130_fd_sc_hd__clkbuf_16)
     2    0.018571    0.065647    0.224223    0.276035 ^ clkbuf_0_clk/X (sky130_fd_sc_hd__clkbuf_16)
                                                         clknet_0_clk (net)
                      0.065647    0.000235    0.276270 ^ clkbuf_1_0__f_clk/A (sky130_fd_sc_hd__clkbuf_16)
     3    0.008353    0.052287    0.202523    0.478793 ^ clkbuf_1_0__f_clk/X (sky130_fd_sc_hd__clkbuf_16)
                                                         clknet_1_0__leaf_clk (net)
                      0.052287    0.000046    0.478839 ^ _80_/CLK (sky130_fd_sc_hd__dfrtp_1)
     5    0.016053    0.244959    0.769593    1.248432 ^ _80_/Q (sky130_fd_sc_hd__dfrtp_1)
                                                         net9 (net)
                      0.244959    0.000069    1.248501 ^ output9/A (sky130_fd_sc_hd__clkbuf_4)
     1    0.033913    0.178215    0.408057    1.656559 ^ output9/X (sky130_fd_sc_hd__clkbuf_4)
                                                         count[1] (net)
                      0.178215    0.000224    1.656783 ^ count[1] (out)
                                              1.656783   data arrival time

                                  0.000000    0.000000   clock clk (rise edge)
                                  0.000000    0.000000   clock network delay (propagated)
                                  0.250000    0.250000   clock uncertainty
                                  0.000000    0.250000   clock reconvergence pessimism
                                 -2.000000   -1.750000   output external delay
                                             -1.750000   data required time
---------------------------------------------------------------------------------------------
                                             -1.750000   data required time
                                             -1.656783   data arrival time
---------------------------------------------------------------------------------------------
                                              3.406783   slack (MET)


Startpoint: _81_ (rising edge-triggered flip-flop clocked by clk)
Endpoint: count[2] (output port clocked by clk)
Path Group: clk
Path Type: min

Fanout         Cap        Slew       Delay        Time   Description
---------------------------------------------------------------------------------------------
                                  0.000000    0.000000   clock clk (rise edge)
                                  0.000000    0.000000   clock source latency
     1    0.009884    0.080316    0.051812    0.051812 ^ clk (in)
                                                         clk (net)
                      0.080316    0.000000    0.051812 ^ clkbuf_0_clk/A (sky130_fd_sc_hd__clkbuf_16)
     2    0.018571    0.065647    0.224223    0.276035 ^ clkbuf_0_clk/X (sky130_fd_sc_hd__clkbuf_16)
                                                         clknet_0_clk (net)
                      0.065647    0.000235    0.276270 ^ clkbuf_1_0__f_clk/A (sky130_fd_sc_hd__clkbuf_16)
     3    0.008353    0.052287    0.202523    0.478793 ^ clkbuf_1_0__f_clk/X (sky130_fd_sc_hd__clkbuf_16)
                                                         clknet_1_0__leaf_clk (net)
                      0.052287    0.000047    0.478840 ^ _81_/CLK (sky130_fd_sc_hd__dfrtp_2)
     7    0.024039    0.211069    0.810266    1.289106 ^ _81_/Q (sky130_fd_sc_hd__dfrtp_2)
                                                         net10 (net)
                      0.211070    0.000368    1.289474 ^ output10/A (sky130_fd_sc_hd__clkbuf_4)
     1    0.034350    0.179916    0.394241    1.683715 ^ output10/X (sky130_fd_sc_hd__clkbuf_4)
                                                         count[2] (net)
                      0.179916    0.000305    1.684021 ^ count[2] (out)
                                              1.684021   data arrival time

                                  0.000000    0.000000   clock clk (rise edge)
                                  0.000000    0.000000   clock network delay (propagated)
                                  0.250000    0.250000   clock uncertainty
                                  0.000000    0.250000   clock reconvergence pessimism
                                 -2.000000   -1.750000   output external delay
                                             -1.750000   data required time
---------------------------------------------------------------------------------------------
                                             -1.750000   data required time
                                             -1.684021   data arrival time
---------------------------------------------------------------------------------------------
                                              3.434021   slack (MET)


Startpoint: _79_ (rising edge-triggered flip-flop clocked by clk)
Endpoint: count[0] (output port clocked by clk)
Path Group: clk
Path Type: min

Fanout         Cap        Slew       Delay        Time   Description
---------------------------------------------------------------------------------------------
                                  0.000000    0.000000   clock clk (rise edge)
                                  0.000000    0.000000   clock source latency
     1    0.009884    0.080316    0.051812    0.051812 ^ clk (in)
                                                         clk (net)
                      0.080316    0.000000    0.051812 ^ clkbuf_0_clk/A (sky130_fd_sc_hd__clkbuf_16)
     2    0.018571    0.065647    0.224223    0.276035 ^ clkbuf_0_clk/X (sky130_fd_sc_hd__clkbuf_16)
                                                         clknet_0_clk (net)
                      0.065647    0.000187    0.276222 ^ clkbuf_1_1__f_clk/A (sky130_fd_sc_hd__clkbuf_16)
     2    0.006512    0.049854    0.199024    0.475246 ^ clkbuf_1_1__f_clk/X (sky130_fd_sc_hd__clkbuf_16)
                                                         clknet_1_1__leaf_clk (net)
                      0.049854    0.000075    0.475322 ^ _79_/CLK (sky130_fd_sc_hd__dfrtp_4)
     7    0.022991    0.172868    0.879677    1.354998 ^ _79_/Q (sky130_fd_sc_hd__dfrtp_4)
                                                         net8 (net)
                      0.172872    0.000695    1.355694 ^ output8/A (sky130_fd_sc_hd__buf_2)
     1    0.034799    0.276273    0.394725    1.750419 ^ output8/X (sky130_fd_sc_hd__buf_2)
                                                         count[0] (net)
                      0.276274    0.000313    1.750732 ^ count[0] (out)
                                              1.750732   data arrival time

                                  0.000000    0.000000   clock clk (rise edge)
                                  0.000000    0.000000   clock network delay (propagated)
                                  0.250000    0.250000   clock uncertainty
                                  0.000000    0.250000   clock reconvergence pessimism
                                 -2.000000   -1.750000   output external delay
                                             -1.750000   data required time
---------------------------------------------------------------------------------------------
                                             -1.750000   data required time
                                             -1.750732   data arrival time
---------------------------------------------------------------------------------------------
                                              3.500732   slack (MET)



