
===========================================================================
report_checks -unconstrained
===========================================================================
======================= nom_tt_025C_1v80 Corner ===================================

Startpoint: nRST (input port clocked by clk)
Endpoint: _79_ (recovery check against rising-edge clock clk)
Path Group: asynchronous
Path Type: max

Fanout         Cap        Slew       Delay        Time   Description
---------------------------------------------------------------------------------------------
                                  0.000000    0.000000   clock clk (rise edge)
                                  0.000000    0.000000   clock network delay (propagated)
                                  2.000000    2.000000 ^ input external delay
     1    0.002295    0.018170    0.008523    2.008523 ^ nRST (in)
                                                         nRST (net)
                      0.018170    0.000000    2.008523 ^ input3/A (sky130_fd_sc_hd__clkbuf_2)
     5    0.022774    0.129051    0.155505    2.164027 ^ input3/X (sky130_fd_sc_hd__clkbuf_2)
                                                         net3 (net)
                      0.129059    0.000873    2.164900 ^ _79_/RESET_B (sky130_fd_sc_hd__dfrtp_4)
                                              2.164900   data arrival time

                                 10.000000   10.000000   clock clk (rise edge)
                                  0.000000   10.000000   clock source latency
     1    0.009516    0.049280    0.032514   10.032515 ^ clk (in)
                                                         clk (net)
                      0.049282    0.000000   10.032515 ^ clkbuf_0_clk/A (sky130_fd_sc_hd__clkbuf_16)
     2    0.017835    0.039996    0.124762   10.157276 ^ clkbuf_0_clk/X (sky130_fd_sc_hd__clkbuf_16)
                                                         clknet_0_clk (net)
                      0.039998    0.000570   10.157846 ^ clkbuf_1_1__f_clk/A (sky130_fd_sc_hd__clkbuf_16)
     2    0.006046    0.029717    0.109949   10.267796 ^ clkbuf_1_1__f_clk/X (sky130_fd_sc_hd__clkbuf_16)
                                                         clknet_1_1__leaf_clk (net)
                      0.029717    0.000146   10.267941 ^ _79_/CLK (sky130_fd_sc_hd__dfrtp_4)
                                 -0.250000   10.017941   clock uncertainty
                                  0.000000   10.017941   clock reconvergence pessimism
                                  0.185195   10.203136   library recovery time
                                             10.203136   data required time
---------------------------------------------------------------------------------------------
                                             10.203136   data required time
                                             -2.164900   data arrival time
---------------------------------------------------------------------------------------------
                                              8.038236   slack (MET)


Startpoint: rollover[3] (input port clocked by clk)
Endpoint: _83_ (rising edge-triggered flip-flop clocked by clk)
Path Group: clk
Path Type: max

Fanout         Cap        Slew       Delay        Time   Description
---------------------------------------------------------------------------------------------
                                  0.000000    0.000000   clock clk (rise edge)
                                  0.000000    0.000000   clock network delay (propagated)
                                  2.000000    2.000000 ^ input external delay
     1    0.003377    0.022240    0.012351    2.012351 ^ rollover[3] (in)
                                                         rollover[3] (net)
                      0.022240    0.000000    2.012351 ^ input7/A (sky130_fd_sc_hd__buf_1)
     4    0.010788    0.133590    0.136005    2.148356 ^ input7/X (sky130_fd_sc_hd__buf_1)
                                                         net7 (net)
                      0.133590    0.000150    2.148506 ^ _41_/A_N (sky130_fd_sc_hd__and2b_1)
     3    0.010373    0.064919    0.227627    2.376133 v _41_/X (sky130_fd_sc_hd__and2b_1)
                                                         _04_ (net)
                      0.064920    0.000222    2.376355 v _42_/C1 (sky130_fd_sc_hd__a211o_1)
     2    0.005613    0.060643    0.244693    2.621048 v _42_/X (sky130_fd_sc_hd__a211o_1)
                                                         _05_ (net)
                      0.060643    0.000115    2.621164 v _48_/B1 (sky130_fd_sc_hd__a2111oi_1)
     2    0.004470    0.382488    0.406801    3.027965 ^ _48_/Y (sky130_fd_sc_hd__a2111oi_1)
                                                         _11_ (net)
                      0.382488    0.000067    3.028032 ^ _49_/C_N (sky130_fd_sc_hd__or3b_1)
     1    0.002926    0.066268    0.385267    3.413299 v _49_/X (sky130_fd_sc_hd__or3b_1)
                                                         _12_ (net)
                      0.066268    0.000067    3.413366 v _55_/A1 (sky130_fd_sc_hd__a21bo_1)
     3    0.007524    0.055076    0.192750    3.606116 v _55_/X (sky130_fd_sc_hd__a21bo_1)
                                                         _18_ (net)
                      0.055076    0.000151    3.606267 v _72_/B (sky130_fd_sc_hd__and3_1)
     1    0.003278    0.039121    0.165574    3.771841 v _72_/X (sky130_fd_sc_hd__and3_1)
                                                         _31_ (net)
                      0.039121    0.000082    3.771922 v _77_/A1 (sky130_fd_sc_hd__o2111ai_1)
     1    0.003542    0.171445    0.192123    3.964046 ^ _77_/Y (sky130_fd_sc_hd__o2111ai_1)
                                                         _36_ (net)
                      0.171445    0.000119    3.964164 ^ _78_/A2 (sky130_fd_sc_hd__a21oi_1)
     1    0.003919    0.058553    0.097948    4.062112 v _78_/Y (sky130_fd_sc_hd__a21oi_1)
                                                         next_flag (net)
                      0.058554    0.000141    4.062253 v _83_/D (sky130_fd_sc_hd__dfrtp_1)
                                              4.062253   data arrival time

                                 10.000000   10.000000   clock clk (rise edge)
                                  0.000000   10.000000   clock source latency
     1    0.009516    0.049280    0.032514   10.032515 ^ clk (in)
                                                         clk (net)
                      0.049282    0.000000   10.032515 ^ clkbuf_0_clk/A (sky130_fd_sc_hd__clkbuf_16)
     2    0.017835    0.039996    0.124762   10.157276 ^ clkbuf_0_clk/X (sky130_fd_sc_hd__clkbuf_16)
                                                         clknet_0_clk (net)
                      0.039998    0.000570   10.157846 ^ clkbuf_1_1__f_clk/A (sky130_fd_sc_hd__clkbuf_16)
     2    0.006046    0.029717    0.109949   10.267796 ^ clkbuf_1_1__f_clk/X (sky130_fd_sc_hd__clkbuf_16)
                                                         clknet_1_1__leaf_clk (net)
                      0.029717    0.000183   10.267979 ^ _83_/CLK (sky130_fd_sc_hd__dfrtp_1)
                                 -0.250000   10.017979   clock uncertainty
                                  0.000000   10.017979   clock reconvergence pessimism
                                 -0.123689    9.894289   library setup time
                                              9.894289   data required time
---------------------------------------------------------------------------------------------
                                              9.894289   data required time
                                             -4.062253   data arrival time
---------------------------------------------------------------------------------------------
                                              5.832036   slack (MET)




===========================================================================
report_checks --slack_max -0.01
============================================================================
======================= nom_tt_025C_1v80 Corner ===================================

No paths found.


===========================================================================
 report_check_types -max_slew -max_cap -max_fanout -violators
============================================================================
======================= nom_tt_025C_1v80 Corner ===================================



===========================================================================
report_parasitic_annotation -report_unannotated
============================================================================
Found 71 unannotated drivers.
 clear
 clk
 enable
 nRST
 rollover[0]
 rollover[1]
 rollover[2]
 rollover[3]
 _37_/X
 _38_/Y
 _39_/Y
 _40_/X
 _41_/X
 _42_/X
 _43_/X
 _44_/X
 _45_/Y
 _46_/Y
 _47_/X
 _48_/Y
 _49_/X
 _50_/Y
 _51_/X
 _52_/Y
 _53_/X
 _54_/X
 _55_/X
 _56_/Y
 _57_/X
 _58_/X
 _59_/X
 _60_/Y
 _61_/Y
 _62_/X
 _63_/Y
 _64_/X
 _65_/X
 _66_/Y
 _67_/X
 _68_/X
 _69_/X
 _70_/X
 _71_/X
 _72_/X
 _73_/Y
 _74_/Y
 _75_/Y
 _76_/Y
 _77_/Y
 _78_/Y
 _79_/Q
 _80_/Q
 _81_/Q
 _82_/Q
 _83_/Q
 clkbuf_0_clk/X
 clkbuf_1_0__f_clk/X
 clkbuf_1_1__f_clk/X
 input1/X
 input2/X
 input3/X
 input4/X
 input5/X
 input6/X
 input7/X
 max_cap13/X
 output10/X
 output11/X
 output12/X
 output8/X
 output9/X
Found 0 partially unannotated drivers.

===========================================================================
max slew violation count 0
Writing metric design__max_slew_violation__count__corner:nom_tt_025C_1v80: 0
max fanout violation count 0
Writing metric design__max_fanout_violation__count__corner:nom_tt_025C_1v80: 0
max cap violation count 0
Writing metric design__max_cap_violation__count__corner:nom_tt_025C_1v80: 0
============================================================================

===========================================================================
check_setup -verbose -unconstrained_endpoints -multiple_clock -no_clock -no_input_delay -loops -generated_clocks
===========================================================================
