Reading OpenROAD database at '/root/nixopenlane/openlane2/runs/RUN_2023-11-30_18-20-58/36-odb-reportwirelength/flex_counter.odb'…
Reading library file at '/root/nixopenlane/openlane2/runs/RUN_2023-11-30_18-20-58/tmp/5c0123153e804a2bbcbe52eecdafca66.lib'…
Reading design constraints file at '/nix/store/igfw5x4x3msz4v61kass8zijavmf330h-python3-3.10.9-env/lib/python3.10/site-packages/openlane/scripts/base.sdc'…
[INFO] Using clock clk…
[INFO] Setting output delay to: 2
[INFO] Setting input delay to: 2
[INFO] Setting load to: 0.033442
[INFO] Setting clock uncertainty to: 0.25
[INFO] Setting clock transition to: 0.1499999999999999944488848768742172978818416595458984375
[INFO] Setting timing derate to: 5%
[WARNING STA-0376] cell 'sky130_fd_sc_hd__a2111oi_0' not found.
[WARNING STA-0376] cell 'sky130_fd_sc_hd__a21boi_0' not found.
[WARNING STA-0376] cell 'sky130_fd_sc_hd__and2_0' not found.
[WARNING STA-0376] cell 'sky130_fd_sc_hd__buf_16' not found.
[WARNING STA-0376] cell 'sky130_fd_sc_hd__clkdlybuf4s15_1' not found.
[WARNING STA-0376] cell 'sky130_fd_sc_hd__clkdlybuf4s18_1' not found.
[WARNING STA-0376] cell 'sky130_fd_sc_hd__fa_4' not found.
[WARNING STA-0376] cell 'sky130_fd_sc_hd__lpflow_bleeder_1' not found.
[WARNING STA-0376] cell 'sky130_fd_sc_hd__lpflow_clkbufkapwr_1' not found.
[WARNING STA-0376] cell 'sky130_fd_sc_hd__lpflow_clkbufkapwr_16' not found.
[WARNING STA-0376] cell 'sky130_fd_sc_hd__lpflow_clkbufkapwr_2' not found.
[WARNING STA-0376] cell 'sky130_fd_sc_hd__lpflow_clkbufkapwr_4' not found.
[WARNING STA-0376] cell 'sky130_fd_sc_hd__lpflow_clkbufkapwr_8' not found.
[WARNING STA-0376] cell 'sky130_fd_sc_hd__lpflow_clkinvkapwr_1' not found.
[WARNING STA-0376] cell 'sky130_fd_sc_hd__lpflow_clkinvkapwr_16' not found.
[WARNING STA-0376] cell 'sky130_fd_sc_hd__lpflow_clkinvkapwr_2' not found.
[WARNING STA-0376] cell 'sky130_fd_sc_hd__lpflow_clkinvkapwr_4' not found.
[WARNING STA-0376] cell 'sky130_fd_sc_hd__lpflow_clkinvkapwr_8' not found.
[WARNING STA-0376] cell 'sky130_fd_sc_hd__lpflow_decapkapwr_12' not found.
[WARNING STA-0376] cell 'sky130_fd_sc_hd__lpflow_decapkapwr_3' not found.
[WARNING STA-0376] cell 'sky130_fd_sc_hd__lpflow_decapkapwr_4' not found.
[WARNING STA-0376] cell 'sky130_fd_sc_hd__lpflow_decapkapwr_6' not found.
[WARNING STA-0376] cell 'sky130_fd_sc_hd__lpflow_decapkapwr_8' not found.
[WARNING STA-0376] cell 'sky130_fd_sc_hd__lpflow_inputiso0n_1' not found.
[WARNING STA-0376] cell 'sky130_fd_sc_hd__lpflow_inputiso0p_1' not found.
[WARNING STA-0376] cell 'sky130_fd_sc_hd__lpflow_inputiso1n_1' not found.
[WARNING STA-0376] cell 'sky130_fd_sc_hd__lpflow_inputiso1p_1' not found.
[WARNING STA-0376] cell 'sky130_fd_sc_hd__lpflow_inputisolatch_1' not found.
[WARNING STA-0376] cell 'sky130_fd_sc_hd__lpflow_isobufsrc_1' not found.
[WARNING STA-0376] cell 'sky130_fd_sc_hd__lpflow_isobufsrc_16' not found.
[WARNING STA-0376] cell 'sky130_fd_sc_hd__lpflow_isobufsrc_2' not found.
[WARNING STA-0376] cell 'sky130_fd_sc_hd__lpflow_isobufsrc_4' not found.
[WARNING STA-0376] cell 'sky130_fd_sc_hd__lpflow_isobufsrc_8' not found.
[WARNING STA-0376] cell 'sky130_fd_sc_hd__lpflow_isobufsrckapwr_16' not found.
[WARNING STA-0376] cell 'sky130_fd_sc_hd__lpflow_lsbuf_lh_hl_isowell_tap_1' not found.
[WARNING STA-0376] cell 'sky130_fd_sc_hd__lpflow_lsbuf_lh_hl_isowell_tap_2' not found.
[WARNING STA-0376] cell 'sky130_fd_sc_hd__lpflow_lsbuf_lh_hl_isowell_tap_4' not found.
[WARNING STA-0376] cell 'sky130_fd_sc_hd__lpflow_lsbuf_lh_isowell_4' not found.
[WARNING STA-0376] cell 'sky130_fd_sc_hd__lpflow_lsbuf_lh_isowell_tap_1' not found.
[WARNING STA-0376] cell 'sky130_fd_sc_hd__lpflow_lsbuf_lh_isowell_tap_2' not found.
[WARNING STA-0376] cell 'sky130_fd_sc_hd__lpflow_lsbuf_lh_isowell_tap_4' not found.
[WARNING STA-0376] cell 'sky130_fd_sc_hd__mux4_4' not found.
[WARNING STA-0376] cell 'sky130_fd_sc_hd__o21ai_0' not found.
[WARNING STA-0376] cell 'sky130_fd_sc_hd__o311ai_0' not found.
[WARNING STA-0376] cell 'sky130_fd_sc_hd__or2_0' not found.
[WARNING STA-0376] cell 'sky130_fd_sc_hd__probe_p_8' not found.
[WARNING STA-0376] cell 'sky130_fd_sc_hd__probec_p_8' not found.
[WARNING STA-0376] cell 'sky130_fd_sc_hd__xor3_1' not found.
[WARNING STA-0376] cell 'sky130_fd_sc_hd__xor3_2' not found.
[WARNING STA-0376] cell 'sky130_fd_sc_hd__xor3_4' not found.
[WARNING STA-0376] cell 'sky130_fd_sc_hd__xnor3_1' not found.
[WARNING STA-0376] cell 'sky130_fd_sc_hd__xnor3_2' not found.
[WARNING STA-0376] cell 'sky130_fd_sc_hd__xnor3_4' not found.
sky130_fd_sc_hd__decap_8 sky130_fd_sc_hd__decap_6 sky130_fd_sc_hd__decap_4 sky130_fd_sc_hd__decap_3 sky130_fd_sc_hd__fill*
[INFO DPL-0001] Placed 48 filler instances.
Setting global connections for newly added cells…
[INFO] Setting global connections...
Writing OpenROAD database to '/root/nixopenlane/openlane2/runs/RUN_2023-11-30_18-20-58/37-openroad-fillinsertion/flex_counter.odb'…
Writing netlist to '/root/nixopenlane/openlane2/runs/RUN_2023-11-30_18-20-58/37-openroad-fillinsertion/flex_counter.nl.v'…
Writing powered netlist to '/root/nixopenlane/openlane2/runs/RUN_2023-11-30_18-20-58/37-openroad-fillinsertion/flex_counter.pnl.v'…
Writing layout to '/root/nixopenlane/openlane2/runs/RUN_2023-11-30_18-20-58/37-openroad-fillinsertion/flex_counter.def'…
Writing timing constraints to '/root/nixopenlane/openlane2/runs/RUN_2023-11-30_18-20-58/37-openroad-fillinsertion/flex_counter.sdc'…
