
===========================================================================
report_checks -path_delay min (Hold)
============================================================================
======================= nom_tt_025C_1v80 Corner ===================================

Startpoint: _81_ (rising edge-triggered flip-flop clocked by clk)
Endpoint: _81_ (rising edge-triggered flip-flop clocked by clk)
Path Group: clk
Path Type: min

Fanout         Cap        Slew       Delay        Time   Description
---------------------------------------------------------------------------------------------
                                  0.000000    0.000000   clock clk (rise edge)
                                  0.000000    0.000000   clock source latency
     1    0.010113    0.051937    0.034434    0.034434 ^ clk (in)
                                                         clk (net)
                      0.051939    0.000000    0.034434 ^ clkbuf_0_clk/A (sky130_fd_sc_hd__clkbuf_16)
     2    0.018861    0.040872    0.126732    0.161166 ^ clkbuf_0_clk/X (sky130_fd_sc_hd__clkbuf_16)
                                                         clknet_0_clk (net)
                      0.040872    0.000547    0.161713 ^ clkbuf_1_0__f_clk/A (sky130_fd_sc_hd__clkbuf_16)
     3    0.009005    0.032480    0.113398    0.275112 ^ clkbuf_1_0__f_clk/X (sky130_fd_sc_hd__clkbuf_16)
                                                         clknet_1_0__leaf_clk (net)
                      0.032480    0.000159    0.275271 ^ _81_/CLK (sky130_fd_sc_hd__dfrtp_2)
     7    0.025172    0.133330    0.413125    0.688397 ^ _81_/Q (sky130_fd_sc_hd__dfrtp_2)
                                                         net10 (net)
                      0.133331    0.000353    0.688750 ^ _67_/A1 (sky130_fd_sc_hd__o211a_1)
     2    0.008662    0.084655    0.205257    0.894007 ^ _67_/X (sky130_fd_sc_hd__o211a_1)
                                                         next_count[2] (net)
                      0.084655    0.000173    0.894179 ^ _81_/D (sky130_fd_sc_hd__dfrtp_2)
                                              0.894179   data arrival time

                                  0.000000    0.000000   clock clk (rise edge)
                                  0.000000    0.000000   clock source latency
     1    0.010113    0.051937    0.034434    0.034434 ^ clk (in)
                                                         clk (net)
                      0.051939    0.000000    0.034434 ^ clkbuf_0_clk/A (sky130_fd_sc_hd__clkbuf_16)
     2    0.018861    0.040872    0.126732    0.161166 ^ clkbuf_0_clk/X (sky130_fd_sc_hd__clkbuf_16)
                                                         clknet_0_clk (net)
                      0.040872    0.000547    0.161713 ^ clkbuf_1_0__f_clk/A (sky130_fd_sc_hd__clkbuf_16)
     3    0.009005    0.032480    0.113398    0.275112 ^ clkbuf_1_0__f_clk/X (sky130_fd_sc_hd__clkbuf_16)
                                                         clknet_1_0__leaf_clk (net)
                      0.032480    0.000159    0.275271 ^ _81_/CLK (sky130_fd_sc_hd__dfrtp_2)
                                  0.250000    0.525271   clock uncertainty
                                  0.000000    0.525271   clock reconvergence pessimism
                                 -0.044614    0.480658   library hold time
                                              0.480658   data required time
---------------------------------------------------------------------------------------------
                                              0.480658   data required time
                                             -0.894179   data arrival time
---------------------------------------------------------------------------------------------
                                              0.413522   slack (MET)


Startpoint: _82_ (rising edge-triggered flip-flop clocked by clk)
Endpoint: _82_ (rising edge-triggered flip-flop clocked by clk)
Path Group: clk
Path Type: min

Fanout         Cap        Slew       Delay        Time   Description
---------------------------------------------------------------------------------------------
                                  0.000000    0.000000   clock clk (rise edge)
                                  0.000000    0.000000   clock source latency
     1    0.010113    0.051937    0.034434    0.034434 ^ clk (in)
                                                         clk (net)
                      0.051939    0.000000    0.034434 ^ clkbuf_0_clk/A (sky130_fd_sc_hd__clkbuf_16)
     2    0.018861    0.040872    0.126732    0.161166 ^ clkbuf_0_clk/X (sky130_fd_sc_hd__clkbuf_16)
                                                         clknet_0_clk (net)
                      0.040872    0.000547    0.161713 ^ clkbuf_1_0__f_clk/A (sky130_fd_sc_hd__clkbuf_16)
     3    0.009005    0.032480    0.113398    0.275112 ^ clkbuf_1_0__f_clk/X (sky130_fd_sc_hd__clkbuf_16)
                                                         clknet_1_0__leaf_clk (net)
                      0.032480    0.000157    0.275269 ^ _82_/CLK (sky130_fd_sc_hd__dfrtp_1)
     4    0.015522    0.145543    0.391759    0.667028 ^ _82_/Q (sky130_fd_sc_hd__dfrtp_1)
                                                         net11 (net)
                      0.145544    0.000334    0.667361 ^ _68_/B1 (sky130_fd_sc_hd__a21o_1)
     1    0.002667    0.035795    0.099489    0.766850 ^ _68_/X (sky130_fd_sc_hd__a21o_1)
                                                         _28_ (net)
                      0.035795    0.000080    0.766930 ^ _69_/C (sky130_fd_sc_hd__and3_1)
     1    0.003559    0.055820    0.150043    0.916973 ^ _69_/X (sky130_fd_sc_hd__and3_1)
                                                         _29_ (net)
                      0.055820    0.000117    0.917090 ^ _70_/A (sky130_fd_sc_hd__buf_1)
     2    0.009114    0.114700    0.134461    1.051551 ^ _70_/X (sky130_fd_sc_hd__buf_1)
                                                         next_count[3] (net)
                      0.114700    0.000188    1.051739 ^ _82_/D (sky130_fd_sc_hd__dfrtp_1)
                                              1.051739   data arrival time

                                  0.000000    0.000000   clock clk (rise edge)
                                  0.000000    0.000000   clock source latency
     1    0.010113    0.051937    0.034434    0.034434 ^ clk (in)
                                                         clk (net)
                      0.051939    0.000000    0.034434 ^ clkbuf_0_clk/A (sky130_fd_sc_hd__clkbuf_16)
     2    0.018861    0.040872    0.126732    0.161166 ^ clkbuf_0_clk/X (sky130_fd_sc_hd__clkbuf_16)
                                                         clknet_0_clk (net)
                      0.040872    0.000547    0.161713 ^ clkbuf_1_0__f_clk/A (sky130_fd_sc_hd__clkbuf_16)
     3    0.009005    0.032480    0.113398    0.275112 ^ clkbuf_1_0__f_clk/X (sky130_fd_sc_hd__clkbuf_16)
                                                         clknet_1_0__leaf_clk (net)
                      0.032480    0.000157    0.275269 ^ _82_/CLK (sky130_fd_sc_hd__dfrtp_1)
                                  0.250000    0.525269   clock uncertainty
                                  0.000000    0.525269   clock reconvergence pessimism
                                 -0.051107    0.474162   library hold time
                                              0.474162   data required time
---------------------------------------------------------------------------------------------
                                              0.474162   data required time
                                             -1.051739   data arrival time
---------------------------------------------------------------------------------------------
                                              0.577577   slack (MET)


Startpoint: _79_ (rising edge-triggered flip-flop clocked by clk)
Endpoint: _79_ (rising edge-triggered flip-flop clocked by clk)
Path Group: clk
Path Type: min

Fanout         Cap        Slew       Delay        Time   Description
---------------------------------------------------------------------------------------------
                                  0.000000    0.000000   clock clk (rise edge)
                                  0.000000    0.000000   clock source latency
     1    0.010113    0.051937    0.034434    0.034434 ^ clk (in)
                                                         clk (net)
                      0.051939    0.000000    0.034434 ^ clkbuf_0_clk/A (sky130_fd_sc_hd__clkbuf_16)
     2    0.018861    0.040872    0.126732    0.161166 ^ clkbuf_0_clk/X (sky130_fd_sc_hd__clkbuf_16)
                                                         clknet_0_clk (net)
                      0.040872    0.000484    0.161650 ^ clkbuf_1_1__f_clk/A (sky130_fd_sc_hd__clkbuf_16)
     2    0.007054    0.030745    0.111471    0.273121 ^ clkbuf_1_1__f_clk/X (sky130_fd_sc_hd__clkbuf_16)
                                                         clknet_1_1__leaf_clk (net)
                      0.030745    0.000179    0.273300 ^ _79_/CLK (sky130_fd_sc_hd__dfrtp_4)
     7    0.023995    0.099044    0.437820    0.711120 ^ _79_/Q (sky130_fd_sc_hd__dfrtp_4)
                                                         net8 (net)
                      0.099060    0.000983    0.712102 ^ _57_/A1 (sky130_fd_sc_hd__o21a_1)
     3    0.009061    0.094518    0.171529    0.883631 ^ _57_/X (sky130_fd_sc_hd__o21a_1)
                                                         _20_ (net)
                      0.094519    0.000222    0.883853 ^ _58_/B (sky130_fd_sc_hd__and2_1)
     1    0.004130    0.057375    0.138368    1.022221 ^ _58_/X (sky130_fd_sc_hd__and2_1)
                                                         _21_ (net)
                      0.057375    0.000144    1.022365 ^ _59_/A (sky130_fd_sc_hd__clkbuf_1)
     1    0.002710    0.043135    0.083717    1.106082 ^ _59_/X (sky130_fd_sc_hd__clkbuf_1)
                                                         next_count[0] (net)
                      0.043135    0.000078    1.106161 ^ _79_/D (sky130_fd_sc_hd__dfrtp_4)
                                              1.106161   data arrival time

                                  0.000000    0.000000   clock clk (rise edge)
                                  0.000000    0.000000   clock source latency
     1    0.010113    0.051937    0.034434    0.034434 ^ clk (in)
                                                         clk (net)
                      0.051939    0.000000    0.034434 ^ clkbuf_0_clk/A (sky130_fd_sc_hd__clkbuf_16)
     2    0.018861    0.040872    0.126732    0.161166 ^ clkbuf_0_clk/X (sky130_fd_sc_hd__clkbuf_16)
                                                         clknet_0_clk (net)
                      0.040872    0.000484    0.161650 ^ clkbuf_1_1__f_clk/A (sky130_fd_sc_hd__clkbuf_16)
     2    0.007054    0.030745    0.111471    0.273121 ^ clkbuf_1_1__f_clk/X (sky130_fd_sc_hd__clkbuf_16)
                                                         clknet_1_1__leaf_clk (net)
                      0.030745    0.000179    0.273300 ^ _79_/CLK (sky130_fd_sc_hd__dfrtp_4)
                                  0.250000    0.523300   clock uncertainty
                                  0.000000    0.523300   clock reconvergence pessimism
                                 -0.036321    0.486979   library hold time
                                              0.486979   data required time
---------------------------------------------------------------------------------------------
                                              0.486979   data required time
                                             -1.106161   data arrival time
---------------------------------------------------------------------------------------------
                                              0.619182   slack (MET)


Startpoint: _80_ (rising edge-triggered flip-flop clocked by clk)
Endpoint: _80_ (rising edge-triggered flip-flop clocked by clk)
Path Group: clk
Path Type: min

Fanout         Cap        Slew       Delay        Time   Description
---------------------------------------------------------------------------------------------
                                  0.000000    0.000000   clock clk (rise edge)
                                  0.000000    0.000000   clock source latency
     1    0.010113    0.051937    0.034434    0.034434 ^ clk (in)
                                                         clk (net)
                      0.051939    0.000000    0.034434 ^ clkbuf_0_clk/A (sky130_fd_sc_hd__clkbuf_16)
     2    0.018861    0.040872    0.126732    0.161166 ^ clkbuf_0_clk/X (sky130_fd_sc_hd__clkbuf_16)
                                                         clknet_0_clk (net)
                      0.040872    0.000547    0.161713 ^ clkbuf_1_0__f_clk/A (sky130_fd_sc_hd__clkbuf_16)
     3    0.009005    0.032480    0.113398    0.275112 ^ clkbuf_1_0__f_clk/X (sky130_fd_sc_hd__clkbuf_16)
                                                         clknet_1_0__leaf_clk (net)
                      0.032480    0.000162    0.275274 ^ _80_/CLK (sky130_fd_sc_hd__dfrtp_1)
     5    0.017201    0.159325    0.402046    0.677319 ^ _80_/Q (sky130_fd_sc_hd__dfrtp_1)
                                                         net9 (net)
                      0.159325    0.000227    0.677546 ^ _61_/B1 (sky130_fd_sc_hd__a21oi_1)
     1    0.002884    0.048029    0.058952    0.736498 v _61_/Y (sky130_fd_sc_hd__a21oi_1)
                                                         _23_ (net)
                      0.048029    0.000062    0.736560 v _63_/A (sky130_fd_sc_hd__nor2_1)
     1    0.002883    0.077256    0.098543    0.835103 ^ _63_/Y (sky130_fd_sc_hd__nor2_1)
                                                         _25_ (net)
                      0.077257    0.000093    0.835196 ^ _64_/C (sky130_fd_sc_hd__and3_1)
     1    0.003790    0.057715    0.161895    0.997090 ^ _64_/X (sky130_fd_sc_hd__and3_1)
                                                         _26_ (net)
                      0.057716    0.000121    0.997212 ^ _65_/A (sky130_fd_sc_hd__buf_1)
     2    0.008051    0.102610    0.126526    1.123737 ^ _65_/X (sky130_fd_sc_hd__buf_1)
                                                         next_count[1] (net)
                      0.102610    0.000160    1.123897 ^ _80_/D (sky130_fd_sc_hd__dfrtp_1)
                                              1.123897   data arrival time

                                  0.000000    0.000000   clock clk (rise edge)
                                  0.000000    0.000000   clock source latency
     1    0.010113    0.051937    0.034434    0.034434 ^ clk (in)
                                                         clk (net)
                      0.051939    0.000000    0.034434 ^ clkbuf_0_clk/A (sky130_fd_sc_hd__clkbuf_16)
     2    0.018861    0.040872    0.126732    0.161166 ^ clkbuf_0_clk/X (sky130_fd_sc_hd__clkbuf_16)
                                                         clknet_0_clk (net)
                      0.040872    0.000547    0.161713 ^ clkbuf_1_0__f_clk/A (sky130_fd_sc_hd__clkbuf_16)
     3    0.009005    0.032480    0.113398    0.275112 ^ clkbuf_1_0__f_clk/X (sky130_fd_sc_hd__clkbuf_16)
                                                         clknet_1_0__leaf_clk (net)
                      0.032480    0.000162    0.275274 ^ _80_/CLK (sky130_fd_sc_hd__dfrtp_1)
                                  0.250000    0.525274   clock uncertainty
                                  0.000000    0.525274   clock reconvergence pessimism
                                 -0.048569    0.476705   library hold time
                                              0.476705   data required time
---------------------------------------------------------------------------------------------
                                              0.476705   data required time
                                             -1.123897   data arrival time
---------------------------------------------------------------------------------------------
                                              0.647192   slack (MET)


Startpoint: _81_ (rising edge-triggered flip-flop clocked by clk)
Endpoint: _83_ (rising edge-triggered flip-flop clocked by clk)
Path Group: clk
Path Type: min

Fanout         Cap        Slew       Delay        Time   Description
---------------------------------------------------------------------------------------------
                                  0.000000    0.000000   clock clk (rise edge)
                                  0.000000    0.000000   clock source latency
     1    0.010113    0.051937    0.034434    0.034434 ^ clk (in)
                                                         clk (net)
                      0.051939    0.000000    0.034434 ^ clkbuf_0_clk/A (sky130_fd_sc_hd__clkbuf_16)
     2    0.018861    0.040872    0.126732    0.161166 ^ clkbuf_0_clk/X (sky130_fd_sc_hd__clkbuf_16)
                                                         clknet_0_clk (net)
                      0.040872    0.000547    0.161713 ^ clkbuf_1_0__f_clk/A (sky130_fd_sc_hd__clkbuf_16)
     3    0.009005    0.032480    0.113398    0.275112 ^ clkbuf_1_0__f_clk/X (sky130_fd_sc_hd__clkbuf_16)
                                                         clknet_1_0__leaf_clk (net)
                      0.032480    0.000159    0.275271 ^ _81_/CLK (sky130_fd_sc_hd__dfrtp_2)
     7    0.025172    0.133330    0.413125    0.688397 ^ _81_/Q (sky130_fd_sc_hd__dfrtp_2)
                                                         net10 (net)
                      0.133331    0.000353    0.688750 ^ _67_/A1 (sky130_fd_sc_hd__o211a_1)
     2    0.008662    0.084655    0.205257    0.894007 ^ _67_/X (sky130_fd_sc_hd__o211a_1)
                                                         next_count[2] (net)
                      0.084656    0.000270    0.894277 ^ _74_/B (sky130_fd_sc_hd__xnor2_1)
     1    0.003424    0.040032    0.069650    0.963927 v _74_/Y (sky130_fd_sc_hd__xnor2_1)
                                                         _33_ (net)
                      0.040032    0.000078    0.964005 v _77_/B1 (sky130_fd_sc_hd__o2111ai_1)
     1    0.003769    0.076610    0.099636    1.063641 ^ _77_/Y (sky130_fd_sc_hd__o2111ai_1)
                                                         _36_ (net)
                      0.076610    0.000123    1.063764 ^ _78_/A2 (sky130_fd_sc_hd__a21oi_1)
     1    0.003023    0.040869    0.068924    1.132688 v _78_/Y (sky130_fd_sc_hd__a21oi_1)
                                                         next_flag (net)
                      0.040869    0.000094    1.132782 v _83_/D (sky130_fd_sc_hd__dfrtp_1)
                                              1.132782   data arrival time

                                  0.000000    0.000000   clock clk (rise edge)
                                  0.000000    0.000000   clock source latency
     1    0.010113    0.051937    0.034434    0.034434 ^ clk (in)
                                                         clk (net)
                      0.051939    0.000000    0.034434 ^ clkbuf_0_clk/A (sky130_fd_sc_hd__clkbuf_16)
     2    0.018861    0.040872    0.126732    0.161166 ^ clkbuf_0_clk/X (sky130_fd_sc_hd__clkbuf_16)
                                                         clknet_0_clk (net)
                      0.040872    0.000484    0.161650 ^ clkbuf_1_1__f_clk/A (sky130_fd_sc_hd__clkbuf_16)
     2    0.007054    0.030745    0.111471    0.273121 ^ clkbuf_1_1__f_clk/X (sky130_fd_sc_hd__clkbuf_16)
                                                         clknet_1_1__leaf_clk (net)
                      0.030745    0.000195    0.273315 ^ _83_/CLK (sky130_fd_sc_hd__dfrtp_1)
                                  0.250000    0.523315   clock uncertainty
                                  0.000000    0.523315   clock reconvergence pessimism
                                 -0.047345    0.475970   library hold time
                                              0.475970   data required time
---------------------------------------------------------------------------------------------
                                              0.475970   data required time
                                             -1.132782   data arrival time
---------------------------------------------------------------------------------------------
                                              0.656812   slack (MET)


Startpoint: nRST (input port clocked by clk)
Endpoint: _82_ (removal check against rising-edge clock clk)
Path Group: asynchronous
Path Type: min

Fanout         Cap        Slew       Delay        Time   Description
---------------------------------------------------------------------------------------------
                                  0.000000    0.000000   clock clk (rise edge)
                                  0.000000    0.000000   clock network delay (propagated)
                                  2.000000    2.000000 ^ input external delay
     1    0.003315    0.021965    0.012124    2.012124 ^ nRST (in)
                                                         nRST (net)
                      0.021966    0.000000    2.012124 ^ input3/A (sky130_fd_sc_hd__clkbuf_2)
     5    0.025381    0.142520    0.166233    2.178357 ^ input3/X (sky130_fd_sc_hd__clkbuf_2)
                                                         net3 (net)
                      0.142522    0.000329    2.178687 ^ _82_/RESET_B (sky130_fd_sc_hd__dfrtp_1)
                                              2.178687   data arrival time

                                  0.000000    0.000000   clock clk (rise edge)
                                  0.000000    0.000000   clock source latency
     1    0.010113    0.051937    0.034434    0.034434 ^ clk (in)
                                                         clk (net)
                      0.051939    0.000000    0.034434 ^ clkbuf_0_clk/A (sky130_fd_sc_hd__clkbuf_16)
     2    0.018861    0.040872    0.126732    0.161166 ^ clkbuf_0_clk/X (sky130_fd_sc_hd__clkbuf_16)
                                                         clknet_0_clk (net)
                      0.040872    0.000547    0.161713 ^ clkbuf_1_0__f_clk/A (sky130_fd_sc_hd__clkbuf_16)
     3    0.009005    0.032480    0.113398    0.275112 ^ clkbuf_1_0__f_clk/X (sky130_fd_sc_hd__clkbuf_16)
                                                         clknet_1_0__leaf_clk (net)
                      0.032480    0.000157    0.275269 ^ _82_/CLK (sky130_fd_sc_hd__dfrtp_1)
                                  0.250000    0.525269   clock uncertainty
                                  0.000000    0.525269   clock reconvergence pessimism
                                  0.343672    0.868940   library removal time
                                              0.868940   data required time
---------------------------------------------------------------------------------------------
                                              0.868940   data required time
                                             -2.178687   data arrival time
---------------------------------------------------------------------------------------------
                                              1.309746   slack (MET)


Startpoint: nRST (input port clocked by clk)
Endpoint: _80_ (removal check against rising-edge clock clk)
Path Group: asynchronous
Path Type: min

Fanout         Cap        Slew       Delay        Time   Description
---------------------------------------------------------------------------------------------
                                  0.000000    0.000000   clock clk (rise edge)
                                  0.000000    0.000000   clock network delay (propagated)
                                  2.000000    2.000000 ^ input external delay
     1    0.003315    0.021965    0.012124    2.012124 ^ nRST (in)
                                                         nRST (net)
                      0.021966    0.000000    2.012124 ^ input3/A (sky130_fd_sc_hd__clkbuf_2)
     5    0.025381    0.142520    0.166233    2.178357 ^ input3/X (sky130_fd_sc_hd__clkbuf_2)
                                                         net3 (net)
                      0.142526    0.000745    2.179102 ^ _80_/RESET_B (sky130_fd_sc_hd__dfrtp_1)
                                              2.179102   data arrival time

                                  0.000000    0.000000   clock clk (rise edge)
                                  0.000000    0.000000   clock source latency
     1    0.010113    0.051937    0.034434    0.034434 ^ clk (in)
                                                         clk (net)
                      0.051939    0.000000    0.034434 ^ clkbuf_0_clk/A (sky130_fd_sc_hd__clkbuf_16)
     2    0.018861    0.040872    0.126732    0.161166 ^ clkbuf_0_clk/X (sky130_fd_sc_hd__clkbuf_16)
                                                         clknet_0_clk (net)
                      0.040872    0.000547    0.161713 ^ clkbuf_1_0__f_clk/A (sky130_fd_sc_hd__clkbuf_16)
     3    0.009005    0.032480    0.113398    0.275112 ^ clkbuf_1_0__f_clk/X (sky130_fd_sc_hd__clkbuf_16)
                                                         clknet_1_0__leaf_clk (net)
                      0.032480    0.000162    0.275274 ^ _80_/CLK (sky130_fd_sc_hd__dfrtp_1)
                                  0.250000    0.525274   clock uncertainty
                                  0.000000    0.525274   clock reconvergence pessimism
                                  0.343673    0.868947   library removal time
                                              0.868947   data required time
---------------------------------------------------------------------------------------------
                                              0.868947   data required time
                                             -2.179102   data arrival time
---------------------------------------------------------------------------------------------
                                              1.310156   slack (MET)


Startpoint: nRST (input port clocked by clk)
Endpoint: _81_ (removal check against rising-edge clock clk)
Path Group: asynchronous
Path Type: min

Fanout         Cap        Slew       Delay        Time   Description
---------------------------------------------------------------------------------------------
                                  0.000000    0.000000   clock clk (rise edge)
                                  0.000000    0.000000   clock network delay (propagated)
                                  2.000000    2.000000 ^ input external delay
     1    0.003315    0.021965    0.012124    2.012124 ^ nRST (in)
                                                         nRST (net)
                      0.021966    0.000000    2.012124 ^ input3/A (sky130_fd_sc_hd__clkbuf_2)
     5    0.025381    0.142520    0.166233    2.178357 ^ input3/X (sky130_fd_sc_hd__clkbuf_2)
                                                         net3 (net)
                      0.142527    0.000791    2.179148 ^ _81_/RESET_B (sky130_fd_sc_hd__dfrtp_2)
                                              2.179148   data arrival time

                                  0.000000    0.000000   clock clk (rise edge)
                                  0.000000    0.000000   clock source latency
     1    0.010113    0.051937    0.034434    0.034434 ^ clk (in)
                                                         clk (net)
                      0.051939    0.000000    0.034434 ^ clkbuf_0_clk/A (sky130_fd_sc_hd__clkbuf_16)
     2    0.018861    0.040872    0.126732    0.161166 ^ clkbuf_0_clk/X (sky130_fd_sc_hd__clkbuf_16)
                                                         clknet_0_clk (net)
                      0.040872    0.000547    0.161713 ^ clkbuf_1_0__f_clk/A (sky130_fd_sc_hd__clkbuf_16)
     3    0.009005    0.032480    0.113398    0.275112 ^ clkbuf_1_0__f_clk/X (sky130_fd_sc_hd__clkbuf_16)
                                                         clknet_1_0__leaf_clk (net)
                      0.032480    0.000159    0.275271 ^ _81_/CLK (sky130_fd_sc_hd__dfrtp_2)
                                  0.250000    0.525271   clock uncertainty
                                  0.000000    0.525271   clock reconvergence pessimism
                                  0.343399    0.868670   library removal time
                                              0.868670   data required time
---------------------------------------------------------------------------------------------
                                              0.868670   data required time
                                             -2.179148   data arrival time
---------------------------------------------------------------------------------------------
                                              1.310478   slack (MET)


Startpoint: nRST (input port clocked by clk)
Endpoint: _79_ (removal check against rising-edge clock clk)
Path Group: asynchronous
Path Type: min

Fanout         Cap        Slew       Delay        Time   Description
---------------------------------------------------------------------------------------------
                                  0.000000    0.000000   clock clk (rise edge)
                                  0.000000    0.000000   clock network delay (propagated)
                                  2.000000    2.000000 ^ input external delay
     1    0.003315    0.021965    0.012124    2.012124 ^ nRST (in)
                                                         nRST (net)
                      0.021966    0.000000    2.012124 ^ input3/A (sky130_fd_sc_hd__clkbuf_2)
     5    0.025381    0.142520    0.166233    2.178357 ^ input3/X (sky130_fd_sc_hd__clkbuf_2)
                                                         net3 (net)
                      0.142530    0.000939    2.179297 ^ _79_/RESET_B (sky130_fd_sc_hd__dfrtp_4)
                                              2.179297   data arrival time

                                  0.000000    0.000000   clock clk (rise edge)
                                  0.000000    0.000000   clock source latency
     1    0.010113    0.051937    0.034434    0.034434 ^ clk (in)
                                                         clk (net)
                      0.051939    0.000000    0.034434 ^ clkbuf_0_clk/A (sky130_fd_sc_hd__clkbuf_16)
     2    0.018861    0.040872    0.126732    0.161166 ^ clkbuf_0_clk/X (sky130_fd_sc_hd__clkbuf_16)
                                                         clknet_0_clk (net)
                      0.040872    0.000484    0.161650 ^ clkbuf_1_1__f_clk/A (sky130_fd_sc_hd__clkbuf_16)
     2    0.007054    0.030745    0.111471    0.273121 ^ clkbuf_1_1__f_clk/X (sky130_fd_sc_hd__clkbuf_16)
                                                         clknet_1_1__leaf_clk (net)
                      0.030745    0.000179    0.273300 ^ _79_/CLK (sky130_fd_sc_hd__dfrtp_4)
                                  0.250000    0.523300   clock uncertainty
                                  0.000000    0.523300   clock reconvergence pessimism
                                  0.343240    0.866539   library removal time
                                              0.866539   data required time
---------------------------------------------------------------------------------------------
                                              0.866539   data required time
                                             -2.179297   data arrival time
---------------------------------------------------------------------------------------------
                                              1.312757   slack (MET)


Startpoint: nRST (input port clocked by clk)
Endpoint: _83_ (removal check against rising-edge clock clk)
Path Group: asynchronous
Path Type: min

Fanout         Cap        Slew       Delay        Time   Description
---------------------------------------------------------------------------------------------
                                  0.000000    0.000000   clock clk (rise edge)
                                  0.000000    0.000000   clock network delay (propagated)
                                  2.000000    2.000000 ^ input external delay
     1    0.003315    0.021965    0.012124    2.012124 ^ nRST (in)
                                                         nRST (net)
                      0.021966    0.000000    2.012124 ^ input3/A (sky130_fd_sc_hd__clkbuf_2)
     5    0.025381    0.142520    0.166233    2.178357 ^ input3/X (sky130_fd_sc_hd__clkbuf_2)
                                                         net3 (net)
                      0.142530    0.000966    2.179324 ^ _83_/RESET_B (sky130_fd_sc_hd__dfrtp_1)
                                              2.179324   data arrival time

                                  0.000000    0.000000   clock clk (rise edge)
                                  0.000000    0.000000   clock source latency
     1    0.010113    0.051937    0.034434    0.034434 ^ clk (in)
                                                         clk (net)
                      0.051939    0.000000    0.034434 ^ clkbuf_0_clk/A (sky130_fd_sc_hd__clkbuf_16)
     2    0.018861    0.040872    0.126732    0.161166 ^ clkbuf_0_clk/X (sky130_fd_sc_hd__clkbuf_16)
                                                         clknet_0_clk (net)
                      0.040872    0.000484    0.161650 ^ clkbuf_1_1__f_clk/A (sky130_fd_sc_hd__clkbuf_16)
     2    0.007054    0.030745    0.111471    0.273121 ^ clkbuf_1_1__f_clk/X (sky130_fd_sc_hd__clkbuf_16)
                                                         clknet_1_1__leaf_clk (net)
                      0.030745    0.000195    0.273315 ^ _83_/CLK (sky130_fd_sc_hd__dfrtp_1)
                                  0.250000    0.523315   clock uncertainty
                                  0.000000    0.523315   clock reconvergence pessimism
                                  0.343202    0.866517   library removal time
                                              0.866517   data required time
---------------------------------------------------------------------------------------------
                                              0.866517   data required time
                                             -2.179324   data arrival time
---------------------------------------------------------------------------------------------
                                              1.312806   slack (MET)


Startpoint: _83_ (rising edge-triggered flip-flop clocked by clk)
Endpoint: flag (output port clocked by clk)
Path Group: clk
Path Type: min

Fanout         Cap        Slew       Delay        Time   Description
---------------------------------------------------------------------------------------------
                                  0.000000    0.000000   clock clk (rise edge)
                                  0.000000    0.000000   clock source latency
     1    0.010113    0.051937    0.034434    0.034434 ^ clk (in)
                                                         clk (net)
                      0.051939    0.000000    0.034434 ^ clkbuf_0_clk/A (sky130_fd_sc_hd__clkbuf_16)
     2    0.018861    0.040872    0.126732    0.161166 ^ clkbuf_0_clk/X (sky130_fd_sc_hd__clkbuf_16)
                                                         clknet_0_clk (net)
                      0.040872    0.000484    0.161650 ^ clkbuf_1_1__f_clk/A (sky130_fd_sc_hd__clkbuf_16)
     2    0.007054    0.030745    0.111471    0.273121 ^ clkbuf_1_1__f_clk/X (sky130_fd_sc_hd__clkbuf_16)
                                                         clknet_1_1__leaf_clk (net)
                      0.030745    0.000195    0.273315 ^ _83_/CLK (sky130_fd_sc_hd__dfrtp_1)
     1    0.003838    0.053055    0.316707    0.590023 ^ _83_/Q (sky130_fd_sc_hd__dfrtp_1)
                                                         net12 (net)
                      0.053056    0.000127    0.590150 ^ output12/A (sky130_fd_sc_hd__clkbuf_4)
     1    0.034213    0.112280    0.187347    0.777497 ^ output12/X (sky130_fd_sc_hd__clkbuf_4)
                                                         flag (net)
                      0.112286    0.000660    0.778156 ^ flag (out)
                                              0.778156   data arrival time

                                  0.000000    0.000000   clock clk (rise edge)
                                  0.000000    0.000000   clock network delay (propagated)
                                  0.250000    0.250000   clock uncertainty
                                  0.000000    0.250000   clock reconvergence pessimism
                                 -2.000000   -1.750000   output external delay
                                             -1.750000   data required time
---------------------------------------------------------------------------------------------
                                             -1.750000   data required time
                                             -0.778156   data arrival time
---------------------------------------------------------------------------------------------
                                              2.528157   slack (MET)


Startpoint: _82_ (rising edge-triggered flip-flop clocked by clk)
Endpoint: count[3] (output port clocked by clk)
Path Group: clk
Path Type: min

Fanout         Cap        Slew       Delay        Time   Description
---------------------------------------------------------------------------------------------
                                  0.000000    0.000000   clock clk (rise edge)
                                  0.000000    0.000000   clock source latency
     1    0.010113    0.051937    0.034434    0.034434 ^ clk (in)
                                                         clk (net)
                      0.051939    0.000000    0.034434 ^ clkbuf_0_clk/A (sky130_fd_sc_hd__clkbuf_16)
     2    0.018861    0.040872    0.126732    0.161166 ^ clkbuf_0_clk/X (sky130_fd_sc_hd__clkbuf_16)
                                                         clknet_0_clk (net)
                      0.040872    0.000547    0.161713 ^ clkbuf_1_0__f_clk/A (sky130_fd_sc_hd__clkbuf_16)
     3    0.009005    0.032480    0.113398    0.275112 ^ clkbuf_1_0__f_clk/X (sky130_fd_sc_hd__clkbuf_16)
                                                         clknet_1_0__leaf_clk (net)
                      0.032480    0.000157    0.275269 ^ _82_/CLK (sky130_fd_sc_hd__dfrtp_1)
     4    0.014426    0.090023    0.404843    0.680111 v _82_/Q (sky130_fd_sc_hd__dfrtp_1)
                                                         net11 (net)
                      0.090025    0.000375    0.680487 v output11/A (sky130_fd_sc_hd__clkbuf_4)
     1    0.034333    0.079688    0.202854    0.883341 v output11/X (sky130_fd_sc_hd__clkbuf_4)
                                                         count[3] (net)
                      0.079698    0.000739    0.884080 v count[3] (out)
                                              0.884080   data arrival time

                                  0.000000    0.000000   clock clk (rise edge)
                                  0.000000    0.000000   clock network delay (propagated)
                                  0.250000    0.250000   clock uncertainty
                                  0.000000    0.250000   clock reconvergence pessimism
                                 -2.000000   -1.750000   output external delay
                                             -1.750000   data required time
---------------------------------------------------------------------------------------------
                                             -1.750000   data required time
                                             -0.884080   data arrival time
---------------------------------------------------------------------------------------------
                                              2.634079   slack (MET)


Startpoint: _80_ (rising edge-triggered flip-flop clocked by clk)
Endpoint: count[1] (output port clocked by clk)
Path Group: clk
Path Type: min

Fanout         Cap        Slew       Delay        Time   Description
---------------------------------------------------------------------------------------------
                                  0.000000    0.000000   clock clk (rise edge)
                                  0.000000    0.000000   clock source latency
     1    0.010113    0.051937    0.034434    0.034434 ^ clk (in)
                                                         clk (net)
                      0.051939    0.000000    0.034434 ^ clkbuf_0_clk/A (sky130_fd_sc_hd__clkbuf_16)
     2    0.018861    0.040872    0.126732    0.161166 ^ clkbuf_0_clk/X (sky130_fd_sc_hd__clkbuf_16)
                                                         clknet_0_clk (net)
                      0.040872    0.000547    0.161713 ^ clkbuf_1_0__f_clk/A (sky130_fd_sc_hd__clkbuf_16)
     3    0.009005    0.032480    0.113398    0.275112 ^ clkbuf_1_0__f_clk/X (sky130_fd_sc_hd__clkbuf_16)
                                                         clknet_1_0__leaf_clk (net)
                      0.032480    0.000162    0.275274 ^ _80_/CLK (sky130_fd_sc_hd__dfrtp_1)
     5    0.016361    0.098523    0.412761    0.688035 v _80_/Q (sky130_fd_sc_hd__dfrtp_1)
                                                         net9 (net)
                      0.098524    0.000239    0.688274 v output9/A (sky130_fd_sc_hd__clkbuf_4)
     1    0.033949    0.078896    0.206149    0.894423 v output9/X (sky130_fd_sc_hd__clkbuf_4)
                                                         count[1] (net)
                      0.078904    0.000682    0.895105 v count[1] (out)
                                              0.895105   data arrival time

                                  0.000000    0.000000   clock clk (rise edge)
                                  0.000000    0.000000   clock network delay (propagated)
                                  0.250000    0.250000   clock uncertainty
                                  0.000000    0.250000   clock reconvergence pessimism
                                 -2.000000   -1.750000   output external delay
                                             -1.750000   data required time
---------------------------------------------------------------------------------------------
                                             -1.750000   data required time
                                             -0.895105   data arrival time
---------------------------------------------------------------------------------------------
                                              2.645105   slack (MET)


Startpoint: _81_ (rising edge-triggered flip-flop clocked by clk)
Endpoint: count[2] (output port clocked by clk)
Path Group: clk
Path Type: min

Fanout         Cap        Slew       Delay        Time   Description
---------------------------------------------------------------------------------------------
                                  0.000000    0.000000   clock clk (rise edge)
                                  0.000000    0.000000   clock source latency
     1    0.010113    0.051937    0.034434    0.034434 ^ clk (in)
                                                         clk (net)
                      0.051939    0.000000    0.034434 ^ clkbuf_0_clk/A (sky130_fd_sc_hd__clkbuf_16)
     2    0.018861    0.040872    0.126732    0.161166 ^ clkbuf_0_clk/X (sky130_fd_sc_hd__clkbuf_16)
                                                         clknet_0_clk (net)
                      0.040872    0.000547    0.161713 ^ clkbuf_1_0__f_clk/A (sky130_fd_sc_hd__clkbuf_16)
     3    0.009005    0.032480    0.113398    0.275112 ^ clkbuf_1_0__f_clk/X (sky130_fd_sc_hd__clkbuf_16)
                                                         clknet_1_0__leaf_clk (net)
                      0.032480    0.000159    0.275271 ^ _81_/CLK (sky130_fd_sc_hd__dfrtp_2)
     7    0.025172    0.133330    0.413125    0.688397 ^ _81_/Q (sky130_fd_sc_hd__dfrtp_2)
                                                         net10 (net)
                      0.133335    0.000714    0.689111 ^ output10/A (sky130_fd_sc_hd__clkbuf_4)
     1    0.034433    0.113141    0.217600    0.906711 ^ output10/X (sky130_fd_sc_hd__clkbuf_4)
                                                         count[2] (net)
                      0.113148    0.000783    0.907495 ^ count[2] (out)
                                              0.907495   data arrival time

                                  0.000000    0.000000   clock clk (rise edge)
                                  0.000000    0.000000   clock network delay (propagated)
                                  0.250000    0.250000   clock uncertainty
                                  0.000000    0.250000   clock reconvergence pessimism
                                 -2.000000   -1.750000   output external delay
                                             -1.750000   data required time
---------------------------------------------------------------------------------------------
                                             -1.750000   data required time
                                             -0.907495   data arrival time
---------------------------------------------------------------------------------------------
                                              2.657495   slack (MET)


Startpoint: _79_ (rising edge-triggered flip-flop clocked by clk)
Endpoint: count[0] (output port clocked by clk)
Path Group: clk
Path Type: min

Fanout         Cap        Slew       Delay        Time   Description
---------------------------------------------------------------------------------------------
                                  0.000000    0.000000   clock clk (rise edge)
                                  0.000000    0.000000   clock source latency
     1    0.010113    0.051937    0.034434    0.034434 ^ clk (in)
                                                         clk (net)
                      0.051939    0.000000    0.034434 ^ clkbuf_0_clk/A (sky130_fd_sc_hd__clkbuf_16)
     2    0.018861    0.040872    0.126732    0.161166 ^ clkbuf_0_clk/X (sky130_fd_sc_hd__clkbuf_16)
                                                         clknet_0_clk (net)
                      0.040872    0.000484    0.161650 ^ clkbuf_1_1__f_clk/A (sky130_fd_sc_hd__clkbuf_16)
     2    0.007054    0.030745    0.111471    0.273121 ^ clkbuf_1_1__f_clk/X (sky130_fd_sc_hd__clkbuf_16)
                                                         clknet_1_1__leaf_clk (net)
                      0.030745    0.000179    0.273300 ^ _79_/CLK (sky130_fd_sc_hd__dfrtp_4)
     7    0.023995    0.099044    0.437820    0.711120 ^ _79_/Q (sky130_fd_sc_hd__dfrtp_4)
                                                         net8 (net)
                      0.099068    0.001218    0.712338 ^ output8/A (sky130_fd_sc_hd__buf_2)
     1    0.034938    0.173664    0.220137    0.932475 ^ output8/X (sky130_fd_sc_hd__buf_2)
                                                         count[0] (net)
                      0.173669    0.000798    0.933273 ^ count[0] (out)
                                              0.933273   data arrival time

                                  0.000000    0.000000   clock clk (rise edge)
                                  0.000000    0.000000   clock network delay (propagated)
                                  0.250000    0.250000   clock uncertainty
                                  0.000000    0.250000   clock reconvergence pessimism
                                 -2.000000   -1.750000   output external delay
                                             -1.750000   data required time
---------------------------------------------------------------------------------------------
                                             -1.750000   data required time
                                             -0.933273   data arrival time
---------------------------------------------------------------------------------------------
                                              2.683273   slack (MET)



