Reading OpenROAD database at '/root/nixopenlane/openlane2/runs/RUN_2023-11-30_18-20-58/15-openroad-ioplacement/flex_counter.odb'…
Reading library file at '/root/nixopenlane/openlane2/runs/RUN_2023-11-30_18-20-58/tmp/5c0123153e804a2bbcbe52eecdafca66.lib'…
Reading design constraints file at '/nix/store/igfw5x4x3msz4v61kass8zijavmf330h-python3-3.10.9-env/lib/python3.10/site-packages/openlane/scripts/base.sdc'…
[INFO] Using clock clk…
[INFO] Setting output delay to: 2
[INFO] Setting input delay to: 2
[INFO] Setting load to: 0.033442
[INFO] Setting clock uncertainty to: 0.25
[INFO] Setting clock transition to: 0.1499999999999999944488848768742172978818416595458984375
[INFO] Setting timing derate to: 5%
[WARNING STA-0376] cell 'sky130_fd_sc_hd__a2111oi_0' not found.
[WARNING STA-0376] cell 'sky130_fd_sc_hd__a21boi_0' not found.
[WARNING STA-0376] cell 'sky130_fd_sc_hd__and2_0' not found.
[WARNING STA-0376] cell 'sky130_fd_sc_hd__buf_16' not found.
[WARNING STA-0376] cell 'sky130_fd_sc_hd__clkdlybuf4s15_1' not found.
[WARNING STA-0376] cell 'sky130_fd_sc_hd__clkdlybuf4s18_1' not found.
[WARNING STA-0376] cell 'sky130_fd_sc_hd__fa_4' not found.
[WARNING STA-0376] cell 'sky130_fd_sc_hd__lpflow_bleeder_1' not found.
[WARNING STA-0376] cell 'sky130_fd_sc_hd__lpflow_clkbufkapwr_1' not found.
[WARNING STA-0376] cell 'sky130_fd_sc_hd__lpflow_clkbufkapwr_16' not found.
[WARNING STA-0376] cell 'sky130_fd_sc_hd__lpflow_clkbufkapwr_2' not found.
[WARNING STA-0376] cell 'sky130_fd_sc_hd__lpflow_clkbufkapwr_4' not found.
[WARNING STA-0376] cell 'sky130_fd_sc_hd__lpflow_clkbufkapwr_8' not found.
[WARNING STA-0376] cell 'sky130_fd_sc_hd__lpflow_clkinvkapwr_1' not found.
[WARNING STA-0376] cell 'sky130_fd_sc_hd__lpflow_clkinvkapwr_16' not found.
[WARNING STA-0376] cell 'sky130_fd_sc_hd__lpflow_clkinvkapwr_2' not found.
[WARNING STA-0376] cell 'sky130_fd_sc_hd__lpflow_clkinvkapwr_4' not found.
[WARNING STA-0376] cell 'sky130_fd_sc_hd__lpflow_clkinvkapwr_8' not found.
[WARNING STA-0376] cell 'sky130_fd_sc_hd__lpflow_decapkapwr_12' not found.
[WARNING STA-0376] cell 'sky130_fd_sc_hd__lpflow_decapkapwr_3' not found.
[WARNING STA-0376] cell 'sky130_fd_sc_hd__lpflow_decapkapwr_4' not found.
[WARNING STA-0376] cell 'sky130_fd_sc_hd__lpflow_decapkapwr_6' not found.
[WARNING STA-0376] cell 'sky130_fd_sc_hd__lpflow_decapkapwr_8' not found.
[WARNING STA-0376] cell 'sky130_fd_sc_hd__lpflow_inputiso0n_1' not found.
[WARNING STA-0376] cell 'sky130_fd_sc_hd__lpflow_inputiso0p_1' not found.
[WARNING STA-0376] cell 'sky130_fd_sc_hd__lpflow_inputiso1n_1' not found.
[WARNING STA-0376] cell 'sky130_fd_sc_hd__lpflow_inputiso1p_1' not found.
[WARNING STA-0376] cell 'sky130_fd_sc_hd__lpflow_inputisolatch_1' not found.
[WARNING STA-0376] cell 'sky130_fd_sc_hd__lpflow_isobufsrc_1' not found.
[WARNING STA-0376] cell 'sky130_fd_sc_hd__lpflow_isobufsrc_16' not found.
[WARNING STA-0376] cell 'sky130_fd_sc_hd__lpflow_isobufsrc_2' not found.
[WARNING STA-0376] cell 'sky130_fd_sc_hd__lpflow_isobufsrc_4' not found.
[WARNING STA-0376] cell 'sky130_fd_sc_hd__lpflow_isobufsrc_8' not found.
[WARNING STA-0376] cell 'sky130_fd_sc_hd__lpflow_isobufsrckapwr_16' not found.
[WARNING STA-0376] cell 'sky130_fd_sc_hd__lpflow_lsbuf_lh_hl_isowell_tap_1' not found.
[WARNING STA-0376] cell 'sky130_fd_sc_hd__lpflow_lsbuf_lh_hl_isowell_tap_2' not found.
[WARNING STA-0376] cell 'sky130_fd_sc_hd__lpflow_lsbuf_lh_hl_isowell_tap_4' not found.
[WARNING STA-0376] cell 'sky130_fd_sc_hd__lpflow_lsbuf_lh_isowell_4' not found.
[WARNING STA-0376] cell 'sky130_fd_sc_hd__lpflow_lsbuf_lh_isowell_tap_1' not found.
[WARNING STA-0376] cell 'sky130_fd_sc_hd__lpflow_lsbuf_lh_isowell_tap_2' not found.
[WARNING STA-0376] cell 'sky130_fd_sc_hd__lpflow_lsbuf_lh_isowell_tap_4' not found.
[WARNING STA-0376] cell 'sky130_fd_sc_hd__mux4_4' not found.
[WARNING STA-0376] cell 'sky130_fd_sc_hd__o21ai_0' not found.
[WARNING STA-0376] cell 'sky130_fd_sc_hd__o311ai_0' not found.
[WARNING STA-0376] cell 'sky130_fd_sc_hd__or2_0' not found.
[WARNING STA-0376] cell 'sky130_fd_sc_hd__probe_p_8' not found.
[WARNING STA-0376] cell 'sky130_fd_sc_hd__probec_p_8' not found.
[WARNING STA-0376] cell 'sky130_fd_sc_hd__xor3_1' not found.
[WARNING STA-0376] cell 'sky130_fd_sc_hd__xor3_2' not found.
[WARNING STA-0376] cell 'sky130_fd_sc_hd__xor3_4' not found.
[WARNING STA-0376] cell 'sky130_fd_sc_hd__xnor3_1' not found.
[WARNING STA-0376] cell 'sky130_fd_sc_hd__xnor3_2' not found.
[WARNING STA-0376] cell 'sky130_fd_sc_hd__xnor3_4' not found.
[INFO] Setting RC values…
[INFO] Setting signal min routing layer to: met1 and clock min routing layer to met1. 
[INFO] Setting signal max routing layer to: met5 and clock max routing layer to met5. 
[INFO GPL-0002] DBU: 1000
[INFO GPL-0003] SiteSize: 460 2720
[INFO GPL-0004] CoreAreaLxLy: 5520 10880
[INFO GPL-0005] CoreAreaUxUy: 36800 40800
[INFO GPL-0006] NumInstances: 82
[INFO GPL-0007] NumPlaceInstances: 47
[INFO GPL-0008] NumFixedInstances: 35
[INFO GPL-0009] NumDummyInstances: 0
[INFO GPL-0010] NumNets: 55
[INFO GPL-0011] NumPins: 184
[INFO GPL-0012] DieAreaLxLy: 0 0
[INFO GPL-0013] DieAreaUxUy: 42440 53160
[INFO GPL-0014] CoreAreaLxLy: 5520 10880
[INFO GPL-0015] CoreAreaUxUy: 36800 40800
[INFO GPL-0016] CoreArea: 935897600
[INFO GPL-0017] NonPlaceInstsArea: 98844800
[INFO GPL-0018] PlaceInstsArea: 492972800
[INFO GPL-0019] Util(%): 58.89
[INFO GPL-0020] StdInstsArea: 492972800
[INFO GPL-0021] MacroInstsArea: 0
[InitialPlace]  Iter: 1 CG residual: 0.00000005 HPWL: 1031776
[InitialPlace]  Iter: 2 CG residual: 0.00000004 HPWL: 768272
[InitialPlace]  Iter: 3 CG residual: 0.00000009 HPWL: 761971
[InitialPlace]  Iter: 4 CG residual: 0.00000011 HPWL: 753599
[InitialPlace]  Iter: 5 CG residual: 0.00000011 HPWL: 745883
[INFO GPL-0031] FillerInit: NumGCells: 47
[INFO GPL-0032] FillerInit: NumGNets: 55
[INFO GPL-0033] FillerInit: NumGPins: 184
[INFO GPL-0023] TargetDensity: 0.60
[INFO GPL-0024] AveragePlaceInstArea: 10488782
[INFO GPL-0025] IdealBinArea: 17481302
[INFO GPL-0026] IdealBinCnt: 53
[INFO GPL-0027] TotalBinArea: 935897600
[INFO GPL-0028] BinCnt: 4 4
[INFO GPL-0029] BinSize: 7820 7480
[INFO GPL-0030] NumBins: 16
[NesterovSolve] Iter: 1 overflow: 0.719276 HPWL: 429803
[INFO GPL-0100] worst slack 5.82e-09
[INFO GPL-0103] Weighted 5 nets.
[NesterovSolve] Iter: 10 overflow: 0.677384 HPWL: 449507
[NesterovSolve] Iter: 20 overflow: 0.646316 HPWL: 456455
[NesterovSolve] Iter: 30 overflow: 0.651763 HPWL: 455988
[NesterovSolve] Iter: 40 overflow: 0.657173 HPWL: 455402
[NesterovSolve] Iter: 50 overflow: 0.654401 HPWL: 455876
[NesterovSolve] Iter: 60 overflow: 0.653376 HPWL: 456081
[NesterovSolve] Iter: 70 overflow: 0.654532 HPWL: 455941
[NesterovSolve] Iter: 80 overflow: 0.654133 HPWL: 456008
[NesterovSolve] Iter: 90 overflow: 0.653083 HPWL: 456187
[NesterovSolve] Iter: 100 overflow: 0.65249 HPWL: 456312
[NesterovSolve] Iter: 110 overflow: 0.651055 HPWL: 456515
[NesterovSolve] Iter: 120 overflow: 0.648057 HPWL: 456901
[NesterovSolve] Iter: 130 overflow: 0.643768 HPWL: 457500
[NesterovSolve] Iter: 140 overflow: 0.637338 HPWL: 458391
[INFO GPL-0100] worst slack 5.81e-09
[INFO GPL-0103] Weighted 2 nets.
[NesterovSolve] Iter: 150 overflow: 0.606186 HPWL: 458851
[NesterovSolve] Snapshot saved at iter = 150
[NesterovSolve] Iter: 160 overflow: 0.578652 HPWL: 465398
[NesterovSolve] Iter: 170 overflow: 0.588007 HPWL: 464915
[NesterovSolve] Iter: 180 overflow: 0.572406 HPWL: 469117
[NesterovSolve] Iter: 190 overflow: 0.555946 HPWL: 476845
[NesterovSolve] Iter: 200 overflow: 0.552661 HPWL: 484545
[NesterovSolve] Iter: 210 overflow: 0.534119 HPWL: 501660
[NesterovSolve] Iter: 220 overflow: 0.500335 HPWL: 519522
[INFO GPL-0100] worst slack 5.8e-09
[INFO GPL-0103] Weighted 5 nets.
[NesterovSolve] Iter: 230 overflow: 0.454957 HPWL: 535863
[NesterovSolve] Iter: 240 overflow: 0.406272 HPWL: 556013
[NesterovSolve] Iter: 250 overflow: 0.358137 HPWL: 573046
[NesterovSolve] Iter: 260 overflow: 0.316056 HPWL: 587336
[INFO GPL-0100] worst slack 5.79e-09
[INFO GPL-0103] Weighted 2 nets.
[NesterovSolve] Iter: 270 overflow: 0.277917 HPWL: 600862
[NesterovSolve] Iter: 280 overflow: 0.234893 HPWL: 617541
[INFO GPL-0100] worst slack 5.78e-09
[INFO GPL-0103] Weighted 4 nets.
[INFO GPL-0075] Routability numCall: 1 inflationIterCnt: 1 bloatIterCnt: 0
[INFO GPL-0036] TileLxLy: 0 0
[INFO GPL-0037] TileSize: 6900 6900
[INFO GPL-0038] TileCnt: 6 7
[INFO GPL-0039] numRoutingLayers: 6
[INFO GPL-0040] NumTiles: 42
[INFO GPL-0063] TotalRouteOverflowH2: 0
[INFO GPL-0064] TotalRouteOverflowV2: 0
[INFO GPL-0065] OverflowTileCnt2: 0
[INFO GPL-0066] 0.5%RC: 1
[INFO GPL-0067] 1.0%RC: 1
[INFO GPL-0068] 2.0%RC: 1
[INFO GPL-0069] 5.0%RC: 0.9500000051089695
[INFO GPL-0070] 0.5rcK: 1
[INFO GPL-0071] 1.0rcK: 1
[INFO GPL-0072] 2.0rcK: 0
[INFO GPL-0073] 5.0rcK: 0
[INFO GPL-0074] FinalRC: 1
[NesterovSolve] Iter: 290 overflow: 0.193571 HPWL: 634163
[NesterovSolve] Iter: 300 overflow: 0.149387 HPWL: 648350
[INFO GPL-0100] worst slack 5.78e-09
[INFO GPL-0103] Weighted 5 nets.
[NesterovSolve] Iter: 310 overflow: 0.112981 HPWL: 663877
[NesterovSolve] Finished with Overflow: 0.097904
[INFO] Setting RC values…
Setting global connections for newly added cells…
[INFO] Setting global connections...
Writing OpenROAD database to '/root/nixopenlane/openlane2/runs/RUN_2023-11-30_18-20-58/18-openroad-globalplacement/flex_counter.odb'…
Writing netlist to '/root/nixopenlane/openlane2/runs/RUN_2023-11-30_18-20-58/18-openroad-globalplacement/flex_counter.nl.v'…
Writing powered netlist to '/root/nixopenlane/openlane2/runs/RUN_2023-11-30_18-20-58/18-openroad-globalplacement/flex_counter.pnl.v'…
Writing layout to '/root/nixopenlane/openlane2/runs/RUN_2023-11-30_18-20-58/18-openroad-globalplacement/flex_counter.def'…
Writing timing constraints to '/root/nixopenlane/openlane2/runs/RUN_2023-11-30_18-20-58/18-openroad-globalplacement/flex_counter.sdc'…
