
===========================================================================
report_checks -path_delay max (Setup)
============================================================================
======================= nom_tt_025C_1v80 Corner ===================================

Startpoint: rollover[3] (input port clocked by clk)
Endpoint: _83_ (rising edge-triggered flip-flop clocked by clk)
Path Group: clk
Path Type: max

Fanout         Cap        Slew       Delay        Time   Description
---------------------------------------------------------------------------------------------
                                  0.000000    0.000000   clock clk (rise edge)
                                  0.000000    0.000000   clock network delay (propagated)
                                  2.000000    2.000000 ^ input external delay
     4    0.014098    0.071023    0.047066    2.047066 ^ rollover[3] (in)
                                                         rollover[3] (net)
                      0.071023    0.000000    2.047066 ^ _41_/A_N (sky130_fd_sc_hd__and2b_2)
     3    0.007774    0.049153    0.228834    2.275900 v _41_/X (sky130_fd_sc_hd__and2b_2)
                                                         _04_ (net)
                      0.049153    0.000000    2.275900 v _42_/C1 (sky130_fd_sc_hd__a211o_2)
     2    0.006273    0.058647    0.276677    2.552576 v _42_/X (sky130_fd_sc_hd__a211o_2)
                                                         _05_ (net)
                      0.058647    0.000000    2.552576 v _48_/B1 (sky130_fd_sc_hd__a2111oi_2)
     2    0.006234    0.334143    0.381928    2.934504 ^ _48_/Y (sky130_fd_sc_hd__a2111oi_2)
                                                         _11_ (net)
                      0.334143    0.000000    2.934504 ^ _49_/C_N (sky130_fd_sc_hd__or3b_2)
     1    0.002305    0.073690    0.468700    3.403203 v _49_/X (sky130_fd_sc_hd__or3b_2)
                                                         _12_ (net)
                      0.073690    0.000000    3.403203 v _55_/A1 (sky130_fd_sc_hd__a21bo_2)
     3    0.007172    0.046851    0.212084    3.615287 v _55_/X (sky130_fd_sc_hd__a21bo_2)
                                                         _18_ (net)
                      0.046851    0.000000    3.615287 v _72_/B (sky130_fd_sc_hd__and3_2)
     1    0.004121    0.042374    0.194477    3.809765 v _72_/X (sky130_fd_sc_hd__and3_2)
                                                         _31_ (net)
                      0.042374    0.000000    3.809765 v _77_/A1 (sky130_fd_sc_hd__o2111ai_2)
     1    0.005052    0.165699    0.189957    3.999722 ^ _77_/Y (sky130_fd_sc_hd__o2111ai_2)
                                                         _36_ (net)
                      0.165699    0.000000    3.999722 ^ _78_/A2 (sky130_fd_sc_hd__a21oi_2)
     1    0.001949    0.039843    0.069169    4.068891 v _78_/Y (sky130_fd_sc_hd__a21oi_2)
                                                         next_flag (net)
                      0.039843    0.000000    4.068891 v _83_/D (sky130_fd_sc_hd__dfrtp_2)
                                              4.068891   data arrival time

                                 10.000000   10.000000   clock clk (rise edge)
                                  0.000000   10.000000   clock source latency
     5    0.009350    0.049784    0.031863   10.031862 ^ clk (in)
                                                         clk (net)
                      0.049784    0.000000   10.031862 ^ _83_/CLK (sky130_fd_sc_hd__dfrtp_2)
                                 -0.250000    9.781862   clock uncertainty
                                  0.000000    9.781862   clock reconvergence pessimism
                                 -0.112125    9.669737   library setup time
                                              9.669737   data required time
---------------------------------------------------------------------------------------------
                                              9.669737   data required time
                                             -4.068891   data arrival time
---------------------------------------------------------------------------------------------
                                              5.600847   slack (MET)


Startpoint: rollover[3] (input port clocked by clk)
Endpoint: _79_ (rising edge-triggered flip-flop clocked by clk)
Path Group: clk
Path Type: max

Fanout         Cap        Slew       Delay        Time   Description
---------------------------------------------------------------------------------------------
                                  0.000000    0.000000   clock clk (rise edge)
                                  0.000000    0.000000   clock network delay (propagated)
                                  2.000000    2.000000 ^ input external delay
     4    0.014098    0.071023    0.047066    2.047066 ^ rollover[3] (in)
                                                         rollover[3] (net)
                      0.071023    0.000000    2.047066 ^ _41_/A_N (sky130_fd_sc_hd__and2b_2)
     3    0.007774    0.049153    0.228834    2.275900 v _41_/X (sky130_fd_sc_hd__and2b_2)
                                                         _04_ (net)
                      0.049153    0.000000    2.275900 v _42_/C1 (sky130_fd_sc_hd__a211o_2)
     2    0.006273    0.058647    0.276677    2.552576 v _42_/X (sky130_fd_sc_hd__a211o_2)
                                                         _05_ (net)
                      0.058647    0.000000    2.552576 v _48_/B1 (sky130_fd_sc_hd__a2111oi_2)
     2    0.006234    0.334143    0.381928    2.934504 ^ _48_/Y (sky130_fd_sc_hd__a2111oi_2)
                                                         _11_ (net)
                      0.334143    0.000000    2.934504 ^ _49_/C_N (sky130_fd_sc_hd__or3b_2)
     1    0.002305    0.073690    0.468700    3.403203 v _49_/X (sky130_fd_sc_hd__or3b_2)
                                                         _12_ (net)
                      0.073690    0.000000    3.403203 v _55_/A1 (sky130_fd_sc_hd__a21bo_2)
     3    0.007172    0.046851    0.212084    3.615287 v _55_/X (sky130_fd_sc_hd__a21bo_2)
                                                         _18_ (net)
                      0.046851    0.000000    3.615287 v _58_/A (sky130_fd_sc_hd__and2_2)
     1    0.002015    0.034741    0.159498    3.774785 v _58_/X (sky130_fd_sc_hd__and2_2)
                                                         _21_ (net)
                      0.034741    0.000000    3.774785 v _59_/A (sky130_fd_sc_hd__buf_1)
     1    0.001949    0.022991    0.078232    3.853017 v _59_/X (sky130_fd_sc_hd__buf_1)
                                                         next_count[0] (net)
                      0.022991    0.000000    3.853017 v _79_/D (sky130_fd_sc_hd__dfrtp_2)
                                              3.853017   data arrival time

                                 10.000000   10.000000   clock clk (rise edge)
                                  0.000000   10.000000   clock source latency
     5    0.009350    0.049784    0.031863   10.031862 ^ clk (in)
                                                         clk (net)
                      0.049784    0.000000   10.031862 ^ _79_/CLK (sky130_fd_sc_hd__dfrtp_2)
                                 -0.250000    9.781862   clock uncertainty
                                  0.000000    9.781862   clock reconvergence pessimism
                                 -0.104733    9.677130   library setup time
                                              9.677130   data required time
---------------------------------------------------------------------------------------------
                                              9.677130   data required time
                                             -3.853017   data arrival time
---------------------------------------------------------------------------------------------
                                              5.824113   slack (MET)


Startpoint: rollover[3] (input port clocked by clk)
Endpoint: _80_ (rising edge-triggered flip-flop clocked by clk)
Path Group: clk
Path Type: max

Fanout         Cap        Slew       Delay        Time   Description
---------------------------------------------------------------------------------------------
                                  0.000000    0.000000   clock clk (rise edge)
                                  0.000000    0.000000   clock network delay (propagated)
                                  2.000000    2.000000 ^ input external delay
     4    0.014098    0.071023    0.047066    2.047066 ^ rollover[3] (in)
                                                         rollover[3] (net)
                      0.071023    0.000000    2.047066 ^ _41_/A_N (sky130_fd_sc_hd__and2b_2)
     3    0.007774    0.049153    0.228834    2.275900 v _41_/X (sky130_fd_sc_hd__and2b_2)
                                                         _04_ (net)
                      0.049153    0.000000    2.275900 v _42_/C1 (sky130_fd_sc_hd__a211o_2)
     2    0.006273    0.058647    0.276677    2.552576 v _42_/X (sky130_fd_sc_hd__a211o_2)
                                                         _05_ (net)
                      0.058647    0.000000    2.552576 v _48_/B1 (sky130_fd_sc_hd__a2111oi_2)
     2    0.006234    0.334143    0.381928    2.934504 ^ _48_/Y (sky130_fd_sc_hd__a2111oi_2)
                                                         _11_ (net)
                      0.334143    0.000000    2.934504 ^ _60_/A2 (sky130_fd_sc_hd__o31ai_2)
     3    0.005269    0.071089    0.115432    3.049936 v _60_/Y (sky130_fd_sc_hd__o31ai_2)
                                                         _22_ (net)
                      0.071089    0.000000    3.049936 v _64_/B (sky130_fd_sc_hd__and3_2)
     1    0.002015    0.035503    0.194780    3.244716 v _64_/X (sky130_fd_sc_hd__and3_2)
                                                         _26_ (net)
                      0.035503    0.000000    3.244716 v _65_/A (sky130_fd_sc_hd__buf_1)
     2    0.010026    0.065705    0.116260    3.360976 v _65_/X (sky130_fd_sc_hd__buf_1)
                                                         next_count[1] (net)
                      0.065705    0.000000    3.360976 v _80_/D (sky130_fd_sc_hd__dfrtp_2)
                                              3.360976   data arrival time

                                 10.000000   10.000000   clock clk (rise edge)
                                  0.000000   10.000000   clock source latency
     5    0.009350    0.049784    0.031863   10.031862 ^ clk (in)
                                                         clk (net)
                      0.049784    0.000000   10.031862 ^ _80_/CLK (sky130_fd_sc_hd__dfrtp_2)
                                 -0.250000    9.781862   clock uncertainty
                                  0.000000    9.781862   clock reconvergence pessimism
                                 -0.123470    9.658393   library setup time
                                              9.658393   data required time
---------------------------------------------------------------------------------------------
                                              9.658393   data required time
                                             -3.360976   data arrival time
---------------------------------------------------------------------------------------------
                                              6.297417   slack (MET)


Startpoint: rollover[3] (input port clocked by clk)
Endpoint: _82_ (rising edge-triggered flip-flop clocked by clk)
Path Group: clk
Path Type: max

Fanout         Cap        Slew       Delay        Time   Description
---------------------------------------------------------------------------------------------
                                  0.000000    0.000000   clock clk (rise edge)
                                  0.000000    0.000000   clock network delay (propagated)
                                  2.000000    2.000000 ^ input external delay
     4    0.014098    0.071023    0.047066    2.047066 ^ rollover[3] (in)
                                                         rollover[3] (net)
                      0.071023    0.000000    2.047066 ^ _41_/A_N (sky130_fd_sc_hd__and2b_2)
     3    0.007774    0.049153    0.228834    2.275900 v _41_/X (sky130_fd_sc_hd__and2b_2)
                                                         _04_ (net)
                      0.049153    0.000000    2.275900 v _42_/C1 (sky130_fd_sc_hd__a211o_2)
     2    0.006273    0.058647    0.276677    2.552576 v _42_/X (sky130_fd_sc_hd__a211o_2)
                                                         _05_ (net)
                      0.058647    0.000000    2.552576 v _48_/B1 (sky130_fd_sc_hd__a2111oi_2)
     2    0.006234    0.334143    0.381928    2.934504 ^ _48_/Y (sky130_fd_sc_hd__a2111oi_2)
                                                         _11_ (net)
                      0.334143    0.000000    2.934504 ^ _60_/A2 (sky130_fd_sc_hd__o31ai_2)
     3    0.005269    0.071089    0.115432    3.049936 v _60_/Y (sky130_fd_sc_hd__o31ai_2)
                                                         _22_ (net)
                      0.071089    0.000000    3.049936 v _69_/B (sky130_fd_sc_hd__and3_2)
     1    0.002015    0.035499    0.194780    3.244716 v _69_/X (sky130_fd_sc_hd__and3_2)
                                                         _29_ (net)
                      0.035499    0.000000    3.244716 v _70_/A (sky130_fd_sc_hd__buf_1)
     2    0.010026    0.065705    0.116258    3.360974 v _70_/X (sky130_fd_sc_hd__buf_1)
                                                         next_count[3] (net)
                      0.065705    0.000000    3.360974 v _82_/D (sky130_fd_sc_hd__dfrtp_2)
                                              3.360974   data arrival time

                                 10.000000   10.000000   clock clk (rise edge)
                                  0.000000   10.000000   clock source latency
     5    0.009350    0.049784    0.031863   10.031862 ^ clk (in)
                                                         clk (net)
                      0.049784    0.000000   10.031862 ^ _82_/CLK (sky130_fd_sc_hd__dfrtp_2)
                                 -0.250000    9.781862   clock uncertainty
                                  0.000000    9.781862   clock reconvergence pessimism
                                 -0.123470    9.658393   library setup time
                                              9.658393   data required time
---------------------------------------------------------------------------------------------
                                              9.658393   data required time
                                             -3.360974   data arrival time
---------------------------------------------------------------------------------------------
                                              6.297418   slack (MET)


Startpoint: rollover[3] (input port clocked by clk)
Endpoint: _81_ (rising edge-triggered flip-flop clocked by clk)
Path Group: clk
Path Type: max

Fanout         Cap        Slew       Delay        Time   Description
---------------------------------------------------------------------------------------------
                                  0.000000    0.000000   clock clk (rise edge)
                                  0.000000    0.000000   clock network delay (propagated)
                                  2.000000    2.000000 ^ input external delay
     4    0.014098    0.071023    0.047066    2.047066 ^ rollover[3] (in)
                                                         rollover[3] (net)
                      0.071023    0.000000    2.047066 ^ _41_/A_N (sky130_fd_sc_hd__and2b_2)
     3    0.007774    0.049153    0.228834    2.275900 v _41_/X (sky130_fd_sc_hd__and2b_2)
                                                         _04_ (net)
                      0.049153    0.000000    2.275900 v _42_/C1 (sky130_fd_sc_hd__a211o_2)
     2    0.006273    0.058647    0.276677    2.552576 v _42_/X (sky130_fd_sc_hd__a211o_2)
                                                         _05_ (net)
                      0.058647    0.000000    2.552576 v _48_/B1 (sky130_fd_sc_hd__a2111oi_2)
     2    0.006234    0.334143    0.381928    2.934504 ^ _48_/Y (sky130_fd_sc_hd__a2111oi_2)
                                                         _11_ (net)
                      0.334143    0.000000    2.934504 ^ _60_/A2 (sky130_fd_sc_hd__o31ai_2)
     3    0.005269    0.071089    0.115432    3.049936 v _60_/Y (sky130_fd_sc_hd__o31ai_2)
                                                         _22_ (net)
                      0.071089    0.000000    3.049936 v _67_/C1 (sky130_fd_sc_hd__o211a_2)
     2    0.010026    0.060258    0.144404    3.194340 v _67_/X (sky130_fd_sc_hd__o211a_2)
                                                         next_count[2] (net)
                      0.060258    0.000000    3.194340 v _81_/D (sky130_fd_sc_hd__dfrtp_2)
                                              3.194340   data arrival time

                                 10.000000   10.000000   clock clk (rise edge)
                                  0.000000   10.000000   clock source latency
     5    0.009350    0.049784    0.031863   10.031862 ^ clk (in)
                                                         clk (net)
                      0.049784    0.000000   10.031862 ^ _81_/CLK (sky130_fd_sc_hd__dfrtp_2)
                                 -0.250000    9.781862   clock uncertainty
                                  0.000000    9.781862   clock reconvergence pessimism
                                 -0.121081    9.660782   library setup time
                                              9.660782   data required time
---------------------------------------------------------------------------------------------
                                              9.660782   data required time
                                             -3.194340   data arrival time
---------------------------------------------------------------------------------------------
                                              6.466441   slack (MET)


Startpoint: _81_ (rising edge-triggered flip-flop clocked by clk)
Endpoint: count[2] (output port clocked by clk)
Path Group: clk
Path Type: max

Fanout         Cap        Slew       Delay        Time   Description
---------------------------------------------------------------------------------------------
                                  0.000000    0.000000   clock clk (rise edge)
                                  0.000000    0.000000   clock source latency
     5    0.009350    0.049784    0.031862    0.031862 ^ clk (in)
                                                         clk (net)
                      0.049784    0.000000    0.031862 ^ _81_/CLK (sky130_fd_sc_hd__dfrtp_2)
     7    0.051867    0.254554    0.508511    0.540373 ^ _81_/Q (sky130_fd_sc_hd__dfrtp_2)
                                                         count[2] (net)
                      0.254554    0.000000    0.540373 ^ count[2] (out)
                                              0.540373   data arrival time

                                 10.000000   10.000000   clock clk (rise edge)
                                  0.000000   10.000000   clock network delay (propagated)
                                 -0.250000    9.750000   clock uncertainty
                                  0.000000    9.750000   clock reconvergence pessimism
                                 -2.000000    7.750000   output external delay
                                              7.750000   data required time
---------------------------------------------------------------------------------------------
                                              7.750000   data required time
                                             -0.540373   data arrival time
---------------------------------------------------------------------------------------------
                                              7.209627   slack (MET)


Startpoint: _79_ (rising edge-triggered flip-flop clocked by clk)
Endpoint: count[0] (output port clocked by clk)
Path Group: clk
Path Type: max

Fanout         Cap        Slew       Delay        Time   Description
---------------------------------------------------------------------------------------------
                                  0.000000    0.000000   clock clk (rise edge)
                                  0.000000    0.000000   clock source latency
     5    0.009350    0.049784    0.031862    0.031862 ^ clk (in)
                                                         clk (net)
                      0.049784    0.000000    0.031862 ^ _79_/CLK (sky130_fd_sc_hd__dfrtp_2)
     7    0.050462    0.248152    0.503995    0.535858 ^ _79_/Q (sky130_fd_sc_hd__dfrtp_2)
                                                         count[0] (net)
                      0.248152    0.000000    0.535858 ^ count[0] (out)
                                              0.535858   data arrival time

                                 10.000000   10.000000   clock clk (rise edge)
                                  0.000000   10.000000   clock network delay (propagated)
                                 -0.250000    9.750000   clock uncertainty
                                  0.000000    9.750000   clock reconvergence pessimism
                                 -2.000000    7.750000   output external delay
                                              7.750000   data required time
---------------------------------------------------------------------------------------------
                                              7.750000   data required time
                                             -0.535858   data arrival time
---------------------------------------------------------------------------------------------
                                              7.214142   slack (MET)


Startpoint: _80_ (rising edge-triggered flip-flop clocked by clk)
Endpoint: count[1] (output port clocked by clk)
Path Group: clk
Path Type: max

Fanout         Cap        Slew       Delay        Time   Description
---------------------------------------------------------------------------------------------
                                  0.000000    0.000000   clock clk (rise edge)
                                  0.000000    0.000000   clock source latency
     5    0.009350    0.049784    0.031862    0.031862 ^ clk (in)
                                                         clk (net)
                      0.049784    0.000000    0.031862 ^ _80_/CLK (sky130_fd_sc_hd__dfrtp_2)
     5    0.041898    0.127543    0.487427    0.519289 v _80_/Q (sky130_fd_sc_hd__dfrtp_2)
                                                         count[1] (net)
                      0.127543    0.000000    0.519289 v count[1] (out)
                                              0.519289   data arrival time

                                 10.000000   10.000000   clock clk (rise edge)
                                  0.000000   10.000000   clock network delay (propagated)
                                 -0.250000    9.750000   clock uncertainty
                                  0.000000    9.750000   clock reconvergence pessimism
                                 -2.000000    7.750000   output external delay
                                              7.750000   data required time
---------------------------------------------------------------------------------------------
                                              7.750000   data required time
                                             -0.519289   data arrival time
---------------------------------------------------------------------------------------------
                                              7.230711   slack (MET)


Startpoint: _82_ (rising edge-triggered flip-flop clocked by clk)
Endpoint: count[3] (output port clocked by clk)
Path Group: clk
Path Type: max

Fanout         Cap        Slew       Delay        Time   Description
---------------------------------------------------------------------------------------------
                                  0.000000    0.000000   clock clk (rise edge)
                                  0.000000    0.000000   clock source latency
     5    0.009350    0.049784    0.031862    0.031862 ^ clk (in)
                                                         clk (net)
                      0.049784    0.000000    0.031862 ^ _82_/CLK (sky130_fd_sc_hd__dfrtp_2)
     4    0.041454    0.126624    0.486616    0.518478 v _82_/Q (sky130_fd_sc_hd__dfrtp_2)
                                                         count[3] (net)
                      0.126624    0.000000    0.518478 v count[3] (out)
                                              0.518478   data arrival time

                                 10.000000   10.000000   clock clk (rise edge)
                                  0.000000   10.000000   clock network delay (propagated)
                                 -0.250000    9.750000   clock uncertainty
                                  0.000000    9.750000   clock reconvergence pessimism
                                 -2.000000    7.750000   output external delay
                                              7.750000   data required time
---------------------------------------------------------------------------------------------
                                              7.750000   data required time
                                             -0.518478   data arrival time
---------------------------------------------------------------------------------------------
                                              7.231522   slack (MET)


Startpoint: _83_ (rising edge-triggered flip-flop clocked by clk)
Endpoint: flag (output port clocked by clk)
Path Group: clk
Path Type: max

Fanout         Cap        Slew       Delay        Time   Description
---------------------------------------------------------------------------------------------
                                  0.000000    0.000000   clock clk (rise edge)
                                  0.000000    0.000000   clock source latency
     5    0.009350    0.049784    0.031862    0.031862 ^ clk (in)
                                                         clk (net)
                      0.049784    0.000000    0.031862 ^ _83_/CLK (sky130_fd_sc_hd__dfrtp_2)
     1    0.033442    0.109816    0.469643    0.501506 v _83_/Q (sky130_fd_sc_hd__dfrtp_2)
                                                         flag (net)
                      0.109816    0.000000    0.501506 v flag (out)
                                              0.501506   data arrival time

                                 10.000000   10.000000   clock clk (rise edge)
                                  0.000000   10.000000   clock network delay (propagated)
                                 -0.250000    9.750000   clock uncertainty
                                  0.000000    9.750000   clock reconvergence pessimism
                                 -2.000000    7.750000   output external delay
                                              7.750000   data required time
---------------------------------------------------------------------------------------------
                                              7.750000   data required time
                                             -0.501506   data arrival time
---------------------------------------------------------------------------------------------
                                              7.248495   slack (MET)


Startpoint: nRST (input port clocked by clk)
Endpoint: _79_ (recovery check against rising-edge clock clk)
Path Group: asynchronous
Path Type: max

Fanout         Cap        Slew       Delay        Time   Description
---------------------------------------------------------------------------------------------
                                  0.000000    0.000000   clock clk (rise edge)
                                  0.000000    0.000000   clock network delay (propagated)
                                  2.000000    2.000000 ^ input external delay
     5    0.018060    0.088777    0.059428    2.059428 ^ nRST (in)
                                                         nRST (net)
                      0.088777    0.000000    2.059428 ^ _79_/RESET_B (sky130_fd_sc_hd__dfrtp_2)
                                              2.059428   data arrival time

                                 10.000000   10.000000   clock clk (rise edge)
                                  0.000000   10.000000   clock source latency
     5    0.009350    0.049784    0.031863   10.031862 ^ clk (in)
                                                         clk (net)
                      0.049784    0.000000   10.031862 ^ _79_/CLK (sky130_fd_sc_hd__dfrtp_2)
                                 -0.250000    9.781862   clock uncertainty
                                  0.000000    9.781862   clock reconvergence pessimism
                                  0.207600    9.989463   library recovery time
                                              9.989463   data required time
---------------------------------------------------------------------------------------------
                                              9.989463   data required time
                                             -2.059428   data arrival time
---------------------------------------------------------------------------------------------
                                              7.930035   slack (MET)


Startpoint: nRST (input port clocked by clk)
Endpoint: _80_ (recovery check against rising-edge clock clk)
Path Group: asynchronous
Path Type: max

Fanout         Cap        Slew       Delay        Time   Description
---------------------------------------------------------------------------------------------
                                  0.000000    0.000000   clock clk (rise edge)
                                  0.000000    0.000000   clock network delay (propagated)
                                  2.000000    2.000000 ^ input external delay
     5    0.018060    0.088777    0.059428    2.059428 ^ nRST (in)
                                                         nRST (net)
                      0.088777    0.000000    2.059428 ^ _80_/RESET_B (sky130_fd_sc_hd__dfrtp_2)
                                              2.059428   data arrival time

                                 10.000000   10.000000   clock clk (rise edge)
                                  0.000000   10.000000   clock source latency
     5    0.009350    0.049784    0.031863   10.031862 ^ clk (in)
                                                         clk (net)
                      0.049784    0.000000   10.031862 ^ _80_/CLK (sky130_fd_sc_hd__dfrtp_2)
                                 -0.250000    9.781862   clock uncertainty
                                  0.000000    9.781862   clock reconvergence pessimism
                                  0.207600    9.989463   library recovery time
                                              9.989463   data required time
---------------------------------------------------------------------------------------------
                                              9.989463   data required time
                                             -2.059428   data arrival time
---------------------------------------------------------------------------------------------
                                              7.930035   slack (MET)


Startpoint: nRST (input port clocked by clk)
Endpoint: _81_ (recovery check against rising-edge clock clk)
Path Group: asynchronous
Path Type: max

Fanout         Cap        Slew       Delay        Time   Description
---------------------------------------------------------------------------------------------
                                  0.000000    0.000000   clock clk (rise edge)
                                  0.000000    0.000000   clock network delay (propagated)
                                  2.000000    2.000000 ^ input external delay
     5    0.018060    0.088777    0.059428    2.059428 ^ nRST (in)
                                                         nRST (net)
                      0.088777    0.000000    2.059428 ^ _81_/RESET_B (sky130_fd_sc_hd__dfrtp_2)
                                              2.059428   data arrival time

                                 10.000000   10.000000   clock clk (rise edge)
                                  0.000000   10.000000   clock source latency
     5    0.009350    0.049784    0.031863   10.031862 ^ clk (in)
                                                         clk (net)
                      0.049784    0.000000   10.031862 ^ _81_/CLK (sky130_fd_sc_hd__dfrtp_2)
                                 -0.250000    9.781862   clock uncertainty
                                  0.000000    9.781862   clock reconvergence pessimism
                                  0.207600    9.989463   library recovery time
                                              9.989463   data required time
---------------------------------------------------------------------------------------------
                                              9.989463   data required time
                                             -2.059428   data arrival time
---------------------------------------------------------------------------------------------
                                              7.930035   slack (MET)


Startpoint: nRST (input port clocked by clk)
Endpoint: _82_ (recovery check against rising-edge clock clk)
Path Group: asynchronous
Path Type: max

Fanout         Cap        Slew       Delay        Time   Description
---------------------------------------------------------------------------------------------
                                  0.000000    0.000000   clock clk (rise edge)
                                  0.000000    0.000000   clock network delay (propagated)
                                  2.000000    2.000000 ^ input external delay
     5    0.018060    0.088777    0.059428    2.059428 ^ nRST (in)
                                                         nRST (net)
                      0.088777    0.000000    2.059428 ^ _82_/RESET_B (sky130_fd_sc_hd__dfrtp_2)
                                              2.059428   data arrival time

                                 10.000000   10.000000   clock clk (rise edge)
                                  0.000000   10.000000   clock source latency
     5    0.009350    0.049784    0.031863   10.031862 ^ clk (in)
                                                         clk (net)
                      0.049784    0.000000   10.031862 ^ _82_/CLK (sky130_fd_sc_hd__dfrtp_2)
                                 -0.250000    9.781862   clock uncertainty
                                  0.000000    9.781862   clock reconvergence pessimism
                                  0.207600    9.989463   library recovery time
                                              9.989463   data required time
---------------------------------------------------------------------------------------------
                                              9.989463   data required time
                                             -2.059428   data arrival time
---------------------------------------------------------------------------------------------
                                              7.930035   slack (MET)


Startpoint: nRST (input port clocked by clk)
Endpoint: _83_ (recovery check against rising-edge clock clk)
Path Group: asynchronous
Path Type: max

Fanout         Cap        Slew       Delay        Time   Description
---------------------------------------------------------------------------------------------
                                  0.000000    0.000000   clock clk (rise edge)
                                  0.000000    0.000000   clock network delay (propagated)
                                  2.000000    2.000000 ^ input external delay
     5    0.018060    0.088777    0.059428    2.059428 ^ nRST (in)
                                                         nRST (net)
                      0.088777    0.000000    2.059428 ^ _83_/RESET_B (sky130_fd_sc_hd__dfrtp_2)
                                              2.059428   data arrival time

                                 10.000000   10.000000   clock clk (rise edge)
                                  0.000000   10.000000   clock source latency
     5    0.009350    0.049784    0.031863   10.031862 ^ clk (in)
                                                         clk (net)
                      0.049784    0.000000   10.031862 ^ _83_/CLK (sky130_fd_sc_hd__dfrtp_2)
                                 -0.250000    9.781862   clock uncertainty
                                  0.000000    9.781862   clock reconvergence pessimism
                                  0.207600    9.989463   library recovery time
                                              9.989463   data required time
---------------------------------------------------------------------------------------------
                                              9.989463   data required time
                                             -2.059428   data arrival time
---------------------------------------------------------------------------------------------
                                              7.930035   slack (MET)



