Reading /root/nixopenlane/openlane2/runs/RUN_2023-11-30_18-20-58/41-magic-streamout/flex_counter.magic.gds ..
Reading /root/nixopenlane/openlane2/runs/RUN_2023-11-30_18-20-58/42-klayout-streamout/flex_counter.klayout.gds ..
--- Running XOR for layer 122/16 ---
"input" in: xor.drc:93
    Polygons (raw): 137 (flat)  40 (hierarchical)
    Elapsed: 0.000s  Memory: 564.00M
"input" in: xor.drc:93
    Polygons (raw): 137 (flat)  40 (hierarchical)
    Elapsed: 0.010s  Memory: 564.00M
"^" in: xor.drc:93
    Polygons (raw): 0 (flat)  0 (hierarchical)
    Elapsed: 0.010s  Memory: 564.00M
XOR differences: 0
"output" in: xor.drc:66
    Polygons (raw): 0 (flat)  0 (hierarchical)
    Elapsed: 0.000s  Memory: 564.00M
--- Running XOR for layer 235/4 ---
"input" in: xor.drc:93
    Polygons (raw): 1 (flat)  1 (hierarchical)
    Elapsed: 0.000s  Memory: 564.00M
"input" in: xor.drc:93
    Polygons (raw): 1 (flat)  1 (hierarchical)
    Elapsed: 0.000s  Memory: 564.00M
"^" in: xor.drc:93
    Polygons (raw): 0 (flat)  0 (hierarchical)
    Elapsed: 0.000s  Memory: 564.00M
XOR differences: 0
"output" in: xor.drc:66
    Polygons (raw): 0 (flat)  0 (hierarchical)
    Elapsed: 0.000s  Memory: 564.00M
--- Running XOR for layer 236/0 ---
"input" in: xor.drc:93
    Polygons (raw): 115 (flat)  36 (hierarchical)
    Elapsed: 0.000s  Memory: 564.00M
"input" in: xor.drc:93
    Polygons (raw): 115 (flat)  36 (hierarchical)
    Elapsed: 0.000s  Memory: 564.00M
"^" in: xor.drc:93
    Polygons (raw): 0 (flat)  0 (hierarchical)
    Elapsed: 0.010s  Memory: 564.00M
XOR differences: 0
"output" in: xor.drc:66
    Polygons (raw): 0 (flat)  0 (hierarchical)
    Elapsed: 0.000s  Memory: 564.00M
--- Running XOR for layer 64/16 ---
"input" in: xor.drc:93
    Polygons (raw): 136 (flat)  39 (hierarchical)
    Elapsed: 0.000s  Memory: 564.00M
"input" in: xor.drc:93
    Polygons (raw): 136 (flat)  39 (hierarchical)
    Elapsed: 0.000s  Memory: 564.00M
"^" in: xor.drc:93
    Polygons (raw): 0 (flat)  0 (hierarchical)
    Elapsed: 0.010s  Memory: 564.00M
XOR differences: 0
"output" in: xor.drc:66
    Polygons (raw): 0 (flat)  0 (hierarchical)
    Elapsed: 0.010s  Memory: 565.00M
--- Running XOR for layer 64/20 ---
"input" in: xor.drc:93
    Polygons (raw): 146 (flat)  39 (hierarchical)
    Elapsed: 0.000s  Memory: 565.00M
"input" in: xor.drc:93
    Polygons (raw): 146 (flat)  39 (hierarchical)
    Elapsed: 0.000s  Memory: 565.00M
"^" in: xor.drc:93
    Polygons (raw): 0 (flat)  0 (hierarchical)
    Elapsed: 0.010s  Memory: 565.00M
XOR differences: 0
"output" in: xor.drc:66
    Polygons (raw): 0 (flat)  0 (hierarchical)
    Elapsed: 0.000s  Memory: 565.00M
--- Running XOR for layer 64/5 ---
"input" in: xor.drc:93
    Polygons (raw): 0 (flat)  0 (hierarchical)
    Elapsed: 0.000s  Memory: 565.00M
"input" in: xor.drc:93
    Polygons (raw): 0 (flat)  0 (hierarchical)
    Elapsed: 0.000s  Memory: 565.00M
"^" in: xor.drc:93
    Polygons (raw): 0 (flat)  0 (hierarchical)
    Elapsed: 0.010s  Memory: 565.00M
XOR differences: 0
"output" in: xor.drc:66
    Polygons (raw): 0 (flat)  0 (hierarchical)
    Elapsed: 0.000s  Memory: 565.00M
--- Running XOR for layer 64/59 ---
"input" in: xor.drc:93
    Polygons (raw): 0 (flat)  0 (hierarchical)
    Elapsed: 0.000s  Memory: 565.00M
"input" in: xor.drc:93
    Polygons (raw): 0 (flat)  0 (hierarchical)
    Elapsed: 0.000s  Memory: 565.00M
"^" in: xor.drc:93
    Polygons (raw): 0 (flat)  0 (hierarchical)
    Elapsed: 0.000s  Memory: 565.00M
XOR differences: 0
"output" in: xor.drc:66
    Polygons (raw): 0 (flat)  0 (hierarchical)
    Elapsed: 0.010s  Memory: 565.00M
--- Running XOR for layer 65/20 ---
"input" in: xor.drc:93
    Polygons (raw): 305 (flat)  112 (hierarchical)
    Elapsed: 0.000s  Memory: 565.00M
"input" in: xor.drc:93
    Polygons (raw): 305 (flat)  112 (hierarchical)
    Elapsed: 0.000s  Memory: 565.00M
"^" in: xor.drc:93
    Polygons (raw): 0 (flat)  0 (hierarchical)
    Elapsed: 0.020s  Memory: 565.00M
XOR differences: 0
"output" in: xor.drc:66
    Polygons (raw): 0 (flat)  0 (hierarchical)
    Elapsed: 0.000s  Memory: 565.00M
--- Running XOR for layer 65/44 ---
"input" in: xor.drc:93
    Polygons (raw): 26 (flat)  2 (hierarchical)
    Elapsed: 0.000s  Memory: 566.00M
"input" in: xor.drc:93
    Polygons (raw): 26 (flat)  2 (hierarchical)
    Elapsed: 0.010s  Memory: 566.00M
"^" in: xor.drc:93
    Polygons (raw): 0 (flat)  0 (hierarchical)
    Elapsed: 0.000s  Memory: 566.00M
XOR differences: 0
"output" in: xor.drc:66
    Polygons (raw): 0 (flat)  0 (hierarchical)
    Elapsed: 0.000s  Memory: 566.00M
--- Running XOR for layer 66/20 ---
"input" in: xor.drc:93
    Polygons (raw): 436 (flat)  184 (hierarchical)
    Elapsed: 0.000s  Memory: 566.00M
"input" in: xor.drc:93
    Polygons (raw): 436 (flat)  184 (hierarchical)
    Elapsed: 0.000s  Memory: 566.00M
"^" in: xor.drc:93
    Polygons (raw): 0 (flat)  0 (hierarchical)
    Elapsed: 0.060s  Memory: 566.00M
XOR differences: 0
"output" in: xor.drc:66
    Polygons (raw): 0 (flat)  0 (hierarchical)
    Elapsed: 0.000s  Memory: 566.00M
--- Running XOR for layer 66/44 ---
"input" in: xor.drc:93
    Polygons (raw): 1983 (flat)  822 (hierarchical)
    Elapsed: 0.000s  Memory: 566.00M
"input" in: xor.drc:93
    Polygons (raw): 1983 (flat)  822 (hierarchical)
    Elapsed: 0.000s  Memory: 566.00M
"^" in: xor.drc:93
    Polygons (raw): 0 (flat)  0 (hierarchical)
    Elapsed: 0.100s  Memory: 567.00M
XOR differences: 0
"output" in: xor.drc:66
    Polygons (raw): 0 (flat)  0 (hierarchical)
    Elapsed: 0.120s  Memory: 564.00M
--- Running XOR for layer 67/16 ---
"input" in: xor.drc:93
    Polygons (raw): 451 (flat)  258 (hierarchical)
    Elapsed: 0.000s  Memory: 564.00M
"input" in: xor.drc:93
    Polygons (raw): 451 (flat)  258 (hierarchical)
    Elapsed: 0.000s  Memory: 564.00M
"^" in: xor.drc:93
    Polygons (raw): 0 (flat)  0 (hierarchical)
    Elapsed: 0.020s  Memory: 564.00M
XOR differences: 0
"output" in: xor.drc:66
    Polygons (raw): 0 (flat)  0 (hierarchical)
    Elapsed: 0.010s  Memory: 564.00M
--- Running XOR for layer 67/20 ---
"input" in: xor.drc:93
    Polygons (raw): 1015 (flat)  547 (hierarchical)
    Elapsed: 0.000s  Memory: 564.00M
"input" in: xor.drc:93
    Polygons (raw): 1015 (flat)  350 (hierarchical)
    Elapsed: 0.000s  Memory: 564.00M
"^" in: xor.drc:93
    Polygons (raw): 0 (flat)  0 (hierarchical)
    Elapsed: 0.100s  Memory: 564.00M
XOR differences: 0
"output" in: xor.drc:66
    Polygons (raw): 0 (flat)  0 (hierarchical)
    Elapsed: 0.000s  Memory: 564.00M
--- Running XOR for layer 67/44 ---
"input" in: xor.drc:93
    Polygons (raw): 1744 (flat)  774 (hierarchical)
    Elapsed: 0.000s  Memory: 564.00M
"input" in: xor.drc:93
    Polygons (raw): 1744 (flat)  577 (hierarchical)
    Elapsed: 0.010s  Memory: 564.00M
"^" in: xor.drc:93
    Polygons (raw): 0 (flat)  0 (hierarchical)
    Elapsed: 0.080s  Memory: 564.00M
XOR differences: 0
"output" in: xor.drc:66
    Polygons (raw): 0 (flat)  0 (hierarchical)
    Elapsed: 0.000s  Memory: 564.00M
--- Running XOR for layer 67/5 ---
"input" in: xor.drc:93
    Polygons (raw): 0 (flat)  0 (hierarchical)
    Elapsed: 0.000s  Memory: 564.00M
"input" in: xor.drc:93
    Polygons (raw): 0 (flat)  0 (hierarchical)
    Elapsed: 0.000s  Memory: 564.00M
"^" in: xor.drc:93
    Polygons (raw): 0 (flat)  0 (hierarchical)
    Elapsed: 0.000s  Memory: 564.00M
XOR differences: 0
"output" in: xor.drc:66
    Polygons (raw): 0 (flat)  0 (hierarchical)
    Elapsed: 0.000s  Memory: 564.00M
--- Running XOR for layer 68/16 ---
"input" in: xor.drc:93
    Polygons (raw): 294 (flat)  80 (hierarchical)
    Elapsed: 0.010s  Memory: 564.00M
"input" in: xor.drc:93
    Polygons (raw): 294 (flat)  80 (hierarchical)
    Elapsed: 0.000s  Memory: 564.00M
"^" in: xor.drc:93
    Polygons (raw): 0 (flat)  0 (hierarchical)
    Elapsed: 0.020s  Memory: 564.00M
XOR differences: 0
"output" in: xor.drc:66
    Polygons (raw): 0 (flat)  0 (hierarchical)
    Elapsed: 0.000s  Memory: 564.00M
--- Running XOR for layer 68/20 ---
"input" in: xor.drc:93
    Polygons (raw): 1179 (flat)  949 (hierarchical)
    Elapsed: 0.000s  Memory: 564.00M
"input" in: xor.drc:93
    Polygons (raw): 1026 (flat)  398 (hierarchical)
    Elapsed: 0.000s  Memory: 564.00M
"^" in: xor.drc:93
    Polygons (raw): 0 (flat)  0 (hierarchical)
    Elapsed: 0.070s  Memory: 565.00M
XOR differences: 0
"output" in: xor.drc:66
    Polygons (raw): 0 (flat)  0 (hierarchical)
    Elapsed: 0.000s  Memory: 565.00M
--- Running XOR for layer 68/44 ---
"input" in: xor.drc:93
    Polygons (raw): 251 (flat)  251 (hierarchical)
    Elapsed: 0.000s  Memory: 565.00M
"input" in: xor.drc:93
    Polygons (raw): 251 (flat)  6 (hierarchical)
    Elapsed: 0.000s  Memory: 565.00M
"^" in: xor.drc:93
    Polygons (raw): 0 (flat)  0 (hierarchical)
    Elapsed: 0.010s  Memory: 565.00M
XOR differences: 0
"output" in: xor.drc:66
    Polygons (raw): 0 (flat)  0 (hierarchical)
    Elapsed: 0.000s  Memory: 565.00M
--- Running XOR for layer 68/5 ---
"input" in: xor.drc:93
    Polygons (raw): 0 (flat)  0 (hierarchical)
    Elapsed: 0.090s  Memory: 564.00M
"input" in: xor.drc:93
    Polygons (raw): 0 (flat)  0 (hierarchical)
    Elapsed: 0.000s  Memory: 564.00M
"^" in: xor.drc:93
    Polygons (raw): 0 (flat)  0 (hierarchical)
    Elapsed: 0.000s  Memory: 564.00M
XOR differences: 0
"output" in: xor.drc:66
    Polygons (raw): 0 (flat)  0 (hierarchical)
    Elapsed: 0.000s  Memory: 564.00M
--- Running XOR for layer 69/16 ---
"input" in: xor.drc:93
    Polygons (raw): 1 (flat)  1 (hierarchical)
    Elapsed: 0.010s  Memory: 564.00M
"input" in: xor.drc:93
    Polygons (raw): 1 (flat)  1 (hierarchical)
    Elapsed: 0.000s  Memory: 564.00M
"^" in: xor.drc:93
    Polygons (raw): 0 (flat)  0 (hierarchical)
    Elapsed: 0.010s  Memory: 564.00M
XOR differences: 0
"output" in: xor.drc:66
    Polygons (raw): 0 (flat)  0 (hierarchical)
    Elapsed: 0.000s  Memory: 564.00M
--- Running XOR for layer 69/20 ---
"input" in: xor.drc:93
    Polygons (raw): 362 (flat)  362 (hierarchical)
    Elapsed: 0.000s  Memory: 564.00M
"input" in: xor.drc:93
    Polygons (raw): 377 (flat)  148 (hierarchical)
    Elapsed: 0.000s  Memory: 564.00M
"^" in: xor.drc:93
    Polygons (raw): 0 (flat)  0 (hierarchical)
    Elapsed: 0.040s  Memory: 564.00M
XOR differences: 0
"output" in: xor.drc:66
    Polygons (raw): 0 (flat)  0 (hierarchical)
    Elapsed: 0.000s  Memory: 564.00M
--- Running XOR for layer 69/44 ---
"input" in: xor.drc:93
    Polygons (raw): 66 (flat)  66 (hierarchical)
    Elapsed: 0.000s  Memory: 564.00M
"input" in: xor.drc:93
    Polygons (raw): 66 (flat)  5 (hierarchical)
    Elapsed: 0.000s  Memory: 564.00M
"^" in: xor.drc:93
    Polygons (raw): 0 (flat)  0 (hierarchical)
    Elapsed: 0.020s  Memory: 564.00M
XOR differences: 0
"output" in: xor.drc:66
    Polygons (raw): 0 (flat)  0 (hierarchical)
    Elapsed: 0.000s  Memory: 564.00M
--- Running XOR for layer 69/5 ---
"input" in: xor.drc:93
    Polygons (raw): 0 (flat)  0 (hierarchical)
    Elapsed: 0.010s  Memory: 564.00M
"input" in: xor.drc:93
    Polygons (raw): 0 (flat)  0 (hierarchical)
    Elapsed: 0.000s  Memory: 564.00M
"^" in: xor.drc:93
    Polygons (raw): 0 (flat)  0 (hierarchical)
    Elapsed: 0.000s  Memory: 564.00M
XOR differences: 0
"output" in: xor.drc:66
    Polygons (raw): 0 (flat)  0 (hierarchical)
    Elapsed: 0.000s  Memory: 564.00M
--- Running XOR for layer 70/16 ---
"input" in: xor.drc:93
    Polygons (raw): 12 (flat)  12 (hierarchical)
    Elapsed: 0.000s  Memory: 564.00M
"input" in: xor.drc:93
    Polygons (raw): 12 (flat)  12 (hierarchical)
    Elapsed: 0.000s  Memory: 564.00M
"^" in: xor.drc:93
    Polygons (raw): 0 (flat)  0 (hierarchical)
    Elapsed: 0.010s  Memory: 564.00M
XOR differences: 0
"output" in: xor.drc:66
    Polygons (raw): 0 (flat)  0 (hierarchical)
    Elapsed: 0.000s  Memory: 564.00M
--- Running XOR for layer 70/20 ---
"input" in: xor.drc:93
    Polygons (raw): 87 (flat)  87 (hierarchical)
    Elapsed: 0.010s  Memory: 565.00M
"input" in: xor.drc:93
    Polygons (raw): 81 (flat)  42 (hierarchical)
    Elapsed: 0.000s  Memory: 565.00M
"^" in: xor.drc:93
    Polygons (raw): 0 (flat)  0 (hierarchical)
    Elapsed: 0.000s  Memory: 565.00M
XOR differences: 0
"output" in: xor.drc:66
    Polygons (raw): 0 (flat)  0 (hierarchical)
    Elapsed: 0.000s  Memory: 565.00M
--- Running XOR for layer 70/44 ---
"input" in: xor.drc:93
    Polygons (raw): 48 (flat)  48 (hierarchical)
    Elapsed: 0.000s  Memory: 565.00M
"input" in: xor.drc:93
    Polygons (raw): 48 (flat)  4 (hierarchical)
    Elapsed: 0.000s  Memory: 565.00M
"^" in: xor.drc:93
    Polygons (raw): 0 (flat)  0 (hierarchical)
    Elapsed: 0.010s  Memory: 565.00M
XOR differences: 0
"output" in: xor.drc:66
    Polygons (raw): 0 (flat)  0 (hierarchical)
    Elapsed: 0.000s  Memory: 565.00M
--- Running XOR for layer 70/5 ---
"input" in: xor.drc:93
    Polygons (raw): 0 (flat)  0 (hierarchical)
    Elapsed: 0.000s  Memory: 565.00M
"input" in: xor.drc:93
    Polygons (raw): 0 (flat)  0 (hierarchical)
    Elapsed: 0.000s  Memory: 565.00M
"^" in: xor.drc:93
    Polygons (raw): 0 (flat)  0 (hierarchical)
    Elapsed: 0.000s  Memory: 565.00M
XOR differences: 0
"output" in: xor.drc:66
    Polygons (raw): 0 (flat)  0 (hierarchical)
    Elapsed: 0.000s  Memory: 565.00M
--- Running XOR for layer 71/16 ---
"input" in: xor.drc:93
    Polygons (raw): 2 (flat)  2 (hierarchical)
    Elapsed: 0.000s  Memory: 565.00M
"input" in: xor.drc:93
    Polygons (raw): 2 (flat)  2 (hierarchical)
    Elapsed: 0.000s  Memory: 565.00M
"^" in: xor.drc:93
    Polygons (raw): 0 (flat)  0 (hierarchical)
    Elapsed: 0.000s  Memory: 565.00M
XOR differences: 0
"output" in: xor.drc:66
    Polygons (raw): 0 (flat)  0 (hierarchical)
    Elapsed: 0.010s  Memory: 565.00M
--- Running XOR for layer 71/20 ---
"input" in: xor.drc:93
    Polygons (raw): 2 (flat)  2 (hierarchical)
    Elapsed: 0.000s  Memory: 566.00M
"input" in: xor.drc:93
    Polygons (raw): 18 (flat)  6 (hierarchical)
    Elapsed: 0.000s  Memory: 566.00M
"^" in: xor.drc:93
    Polygons (raw): 0 (flat)  0 (hierarchical)
    Elapsed: 0.000s  Memory: 566.00M
XOR differences: 0
"output" in: xor.drc:66
    Polygons (raw): 0 (flat)  0 (hierarchical)
    Elapsed: 0.000s  Memory: 566.00M
--- Running XOR for layer 71/44 ---
"input" in: xor.drc:93
    Polygons (raw): 2 (flat)  2 (hierarchical)
    Elapsed: 0.000s  Memory: 566.00M
"input" in: xor.drc:93
    Polygons (raw): 2 (flat)  1 (hierarchical)
    Elapsed: 0.010s  Memory: 566.00M
"^" in: xor.drc:93
    Polygons (raw): 0 (flat)  0 (hierarchical)
    Elapsed: 0.010s  Memory: 566.00M
XOR differences: 0
"output" in: xor.drc:66
    Polygons (raw): 0 (flat)  0 (hierarchical)
    Elapsed: 0.000s  Memory: 566.00M
--- Running XOR for layer 71/5 ---
"input" in: xor.drc:93
    Polygons (raw): 0 (flat)  0 (hierarchical)
    Elapsed: 0.010s  Memory: 566.00M
"input" in: xor.drc:93
    Polygons (raw): 0 (flat)  0 (hierarchical)
    Elapsed: 0.000s  Memory: 566.00M
"^" in: xor.drc:93
    Polygons (raw): 0 (flat)  0 (hierarchical)
    Elapsed: 0.000s  Memory: 566.00M
XOR differences: 0
"output" in: xor.drc:66
    Polygons (raw): 0 (flat)  0 (hierarchical)
    Elapsed: 0.010s  Memory: 566.00M
--- Running XOR for layer 72/16 ---
"input" in: xor.drc:93
    Polygons (raw): 2 (flat)  2 (hierarchical)
    Elapsed: 0.000s  Memory: 566.00M
"input" in: xor.drc:93
    Polygons (raw): 2 (flat)  2 (hierarchical)
    Elapsed: 0.130s  Memory: 565.00M
"^" in: xor.drc:93
    Polygons (raw): 0 (flat)  0 (hierarchical)
    Elapsed: 0.010s  Memory: 565.00M
XOR differences: 0
"output" in: xor.drc:66
    Polygons (raw): 0 (flat)  0 (hierarchical)
    Elapsed: 0.000s  Memory: 565.00M
--- Running XOR for layer 72/20 ---
"input" in: xor.drc:93
    Polygons (raw): 2 (flat)  2 (hierarchical)
    Elapsed: 0.010s  Memory: 565.00M
"input" in: xor.drc:93
    Polygons (raw): 6 (flat)  5 (hierarchical)
    Elapsed: 0.000s  Memory: 565.00M
"^" in: xor.drc:93
    Polygons (raw): 0 (flat)  0 (hierarchical)
    Elapsed: 0.020s  Memory: 565.00M
XOR differences: 0
"output" in: xor.drc:66
    Polygons (raw): 0 (flat)  0 (hierarchical)
    Elapsed: 0.010s  Memory: 565.00M
--- Running XOR for layer 72/5 ---
"input" in: xor.drc:93
    Polygons (raw): 0 (flat)  0 (hierarchical)
    Elapsed: 0.000s  Memory: 565.00M
"input" in: xor.drc:93
    Polygons (raw): 0 (flat)  0 (hierarchical)
    Elapsed: 0.000s  Memory: 565.00M
"^" in: xor.drc:93
    Polygons (raw): 0 (flat)  0 (hierarchical)
    Elapsed: 0.000s  Memory: 565.00M
XOR differences: 0
"output" in: xor.drc:66
    Polygons (raw): 0 (flat)  0 (hierarchical)
    Elapsed: 0.000s  Memory: 565.00M
--- Running XOR for layer 78/44 ---
"input" in: xor.drc:93
    Polygons (raw): 152 (flat)  45 (hierarchical)
    Elapsed: 0.000s  Memory: 565.00M
"input" in: xor.drc:93
    Polygons (raw): 152 (flat)  45 (hierarchical)
    Elapsed: 0.000s  Memory: 565.00M
"^" in: xor.drc:93
    Polygons (raw): 0 (flat)  0 (hierarchical)
    Elapsed: 0.020s  Memory: 565.00M
XOR differences: 0
"output" in: xor.drc:66
    Polygons (raw): 0 (flat)  0 (hierarchical)
    Elapsed: 0.000s  Memory: 565.00M
--- Running XOR for layer 81/4 ---
"input" in: xor.drc:93
    Polygons (raw): 146 (flat)  39 (hierarchical)
    Elapsed: 0.010s  Memory: 565.00M
"input" in: xor.drc:93
    Polygons (raw): 146 (flat)  39 (hierarchical)
    Elapsed: 0.000s  Memory: 565.00M
"^" in: xor.drc:93
    Polygons (raw): 0 (flat)  0 (hierarchical)
    Elapsed: 0.020s  Memory: 565.00M
XOR differences: 0
"output" in: xor.drc:66
    Polygons (raw): 0 (flat)  0 (hierarchical)
    Elapsed: 0.000s  Memory: 565.00M
--- Running XOR for layer 83/44 ---
"input" in: xor.drc:93
    Polygons (raw): 0 (flat)  0 (hierarchical)
    Elapsed: 0.000s  Memory: 565.00M
"input" in: xor.drc:93
    Polygons (raw): 0 (flat)  0 (hierarchical)
    Elapsed: 0.000s  Memory: 565.00M
"^" in: xor.drc:93
    Polygons (raw): 0 (flat)  0 (hierarchical)
    Elapsed: 0.000s  Memory: 565.00M
XOR differences: 0
"output" in: xor.drc:66
    Polygons (raw): 0 (flat)  0 (hierarchical)
    Elapsed: 0.010s  Memory: 565.00M
--- Running XOR for layer 93/44 ---
"input" in: xor.drc:93
    Polygons (raw): 159 (flat)  40 (hierarchical)
    Elapsed: 0.000s  Memory: 565.00M
"input" in: xor.drc:93
    Polygons (raw): 159 (flat)  40 (hierarchical)
    Elapsed: 0.000s  Memory: 565.00M
"^" in: xor.drc:93
    Polygons (raw): 0 (flat)  0 (hierarchical)
    Elapsed: 0.010s  Memory: 565.00M
XOR differences: 0
"output" in: xor.drc:66
    Polygons (raw): 0 (flat)  0 (hierarchical)
    Elapsed: 0.000s  Memory: 565.00M
--- Running XOR for layer 94/20 ---
"input" in: xor.drc:93
    Polygons (raw): 159 (flat)  40 (hierarchical)
    Elapsed: 0.000s  Memory: 565.00M
"input" in: xor.drc:93
    Polygons (raw): 159 (flat)  40 (hierarchical)
    Elapsed: 0.000s  Memory: 565.00M
"^" in: xor.drc:93
    Polygons (raw): 0 (flat)  0 (hierarchical)
    Elapsed: 0.020s  Memory: 565.00M
XOR differences: 0
"output" in: xor.drc:66
    Polygons (raw): 0 (flat)  0 (hierarchical)
    Elapsed: 0.000s  Memory: 565.00M
--- Running XOR for layer 95/20 ---
"input" in: xor.drc:93
    Polygons (raw): 137 (flat)  45 (hierarchical)
    Elapsed: 0.000s  Memory: 565.00M
"input" in: xor.drc:93
    Polygons (raw): 137 (flat)  45 (hierarchical)
    Elapsed: 0.000s  Memory: 565.00M
"^" in: xor.drc:93
    Polygons (raw): 0 (flat)  0 (hierarchical)
    Elapsed: 0.010s  Memory: 565.00M
XOR differences: 0
"output" in: xor.drc:66
    Polygons (raw): 0 (flat)  0 (hierarchical)
    Elapsed: 0.000s  Memory: 565.00M
---
Total XOR differences: 0
Writing report database: /root/nixopenlane/openlane2/runs/RUN_2023-11-30_18-20-58/44-klayout-xor/xor.xml ..
Total elapsed: 2.270s  Memory: 565.00M
/root/nixopenlane/openlane2/runs/RUN_2023-11-30_18-20-58/41-magic-streamout/flex_counter.magic.gds
/root/nixopenlane/openlane2/runs/RUN_2023-11-30_18-20-58/42-klayout-streamout/flex_counter.klayout.gds
%OL_CREATE_REPORT difference_count.rpt
0
%OL_END_REPORT
